[0.027s] Invoking command in '/home/ajay/ros2_ws/build/external_torque_sensor_broadcaster': CMAKE_PREFIX_PATH=${CMAKE_PREFIX_PATH}:/home/ajay/ros2_ws/install/iiwa_control:/opt/ros/humble /usr/bin/cmake --build /home/ajay/ros2_ws/build/external_torque_sensor_broadcaster -- -j16 -l16
[0.260s] [35m[1mConsolidate compiler generated dependencies of target external_torque_sensor_broadcaster[0m
[0.260s] [100%] Built target external_torque_sensor_broadcaster
[0.264s] Invoked command in '/home/ajay/ros2_ws/build/external_torque_sensor_broadcaster' returned '0': CMAKE_PREFIX_PATH=${CMAKE_PREFIX_PATH}:/home/ajay/ros2_ws/install/iiwa_control:/opt/ros/humble /usr/bin/cmake --build /home/ajay/ros2_ws/build/external_torque_sensor_broadcaster -- -j16 -l16
[0.298s] Invoking command in '/home/ajay/ros2_ws/build/external_torque_sensor_broadcaster': CMAKE_PREFIX_PATH=${CMAKE_PREFIX_PATH}:/home/ajay/ros2_ws/install/iiwa_control:/opt/ros/humble /usr/bin/cmake --install /home/ajay/ros2_ws/build/external_torque_sensor_broadcaster
[0.306s] -- Install configuration: "Release"
[0.307s] -- Execute custom install script
[0.307s] -- Up-to-date symlink: /home/ajay/ros2_ws/install/external_torque_sensor_broadcaster/share/external_torque_sensor_broadcaster//external_torque_sensor_broadcaster.xml
[0.308s] -- Up-to-date symlink: /home/ajay/ros2_ws/install/external_torque_sensor_broadcaster/lib/libexternal_torque_sensor_broadcaster.so
[0.308s] -- Up-to-date symlink: /home/ajay/ros2_ws/install/external_torque_sensor_broadcaster/include/external_torque_sensor_broadcaster/external_torque_sensor.hpp
[0.309s] -- Up-to-date symlink: /home/ajay/ros2_ws/install/external_torque_sensor_broadcaster/include/external_torque_sensor_broadcaster/external_torque_sensor_broadcaster.hpp
[0.309s] -- Up-to-date symlink: /home/ajay/ros2_ws/install/external_torque_sensor_broadcaster/include/external_torque_sensor_broadcaster/visibility_control.h
[0.310s] -- Up-to-date symlink: /home/ajay/ros2_ws/install/external_torque_sensor_broadcaster/share/external_torque_sensor_broadcaster/environment/library_path.sh
[0.310s] -- Up-to-date symlink: /home/ajay/ros2_ws/install/external_torque_sensor_broadcaster/share/external_torque_sensor_broadcaster/environment/library_path.dsv
[0.310s] -- Up-to-date symlink: /home/ajay/ros2_ws/install/external_torque_sensor_broadcaster/share/ament_index/resource_index/package_run_dependencies/external_torque_sensor_broadcaster
[0.311s] -- Up-to-date symlink: /home/ajay/ros2_ws/install/external_torque_sensor_broadcaster/share/ament_index/resource_index/parent_prefix_path/external_torque_sensor_broadcaster
[0.311s] -- Up-to-date symlink: /home/ajay/ros2_ws/install/external_torque_sensor_broadcaster/share/external_torque_sensor_broadcaster/environment/ament_prefix_path.sh
[0.311s] -- Up-to-date symlink: /home/ajay/ros2_ws/install/external_torque_sensor_broadcaster/share/external_torque_sensor_broadcaster/environment/ament_prefix_path.dsv
[0.311s] -- Up-to-date symlink: /home/ajay/ros2_ws/install/external_torque_sensor_broadcaster/share/external_torque_sensor_broadcaster/environment/path.sh
[0.311s] -- Up-to-date symlink: /home/ajay/ros2_ws/install/external_torque_sensor_broadcaster/share/external_torque_sensor_broadcaster/environment/path.dsv
[0.312s] -- Up-to-date symlink: /home/ajay/ros2_ws/install/external_torque_sensor_broadcaster/share/external_torque_sensor_broadcaster/local_setup.bash
[0.312s] -- Up-to-date symlink: /home/ajay/ros2_ws/install/external_torque_sensor_broadcaster/share/external_torque_sensor_broadcaster/local_setup.sh
[0.312s] -- Up-to-date symlink: /home/ajay/ros2_ws/install/external_torque_sensor_broadcaster/share/external_torque_sensor_broadcaster/local_setup.zsh
[0.312s] -- Up-to-date symlink: /home/ajay/ros2_ws/install/external_torque_sensor_broadcaster/share/external_torque_sensor_broadcaster/local_setup.dsv
[0.312s] -- Symlinking: /home/ajay/ros2_ws/install/external_torque_sensor_broadcaster/share/external_torque_sensor_broadcaster/package.dsv
[0.323s] -- Up-to-date symlink: /home/ajay/ros2_ws/install/external_torque_sensor_broadcaster/share/ament_index/resource_index/packages/external_torque_sensor_broadcaster
[0.324s] -- Up-to-date symlink: /home/ajay/ros2_ws/install/external_torque_sensor_broadcaster/share/ament_index/resource_index/controller_interface__pluginlib__plugin/external_torque_sensor_broadcaster
[0.324s] -- Up-to-date symlink: /home/ajay/ros2_ws/install/external_torque_sensor_broadcaster/share/external_torque_sensor_broadcaster/cmake/ament_cmake_export_include_directories-extras.cmake
[0.324s] -- Up-to-date symlink: /home/ajay/ros2_ws/install/external_torque_sensor_broadcaster/share/external_torque_sensor_broadcaster/cmake/ament_cmake_export_libraries-extras.cmake
[0.324s] -- Up-to-date symlink: /home/ajay/ros2_ws/install/external_torque_sensor_broadcaster/share/external_torque_sensor_broadcaster/cmake/ament_cmake_export_dependencies-extras.cmake
[0.325s] -- Up-to-date symlink: /home/ajay/ros2_ws/install/external_torque_sensor_broadcaster/share/external_torque_sensor_broadcaster/cmake/external_torque_sensor_broadcasterConfig.cmake
[0.325s] -- Up-to-date symlink: /home/ajay/ros2_ws/install/external_torque_sensor_broadcaster/share/external_torque_sensor_broadcaster/cmake/external_torque_sensor_broadcasterConfig-version.cmake
[0.326s] -- Up-to-date symlink: /home/ajay/ros2_ws/install/external_torque_sensor_broadcaster/share/external_torque_sensor_broadcaster/package.xml
[0.342s] Invoked command in '/home/ajay/ros2_ws/build/external_torque_sensor_broadcaster' returned '0': CMAKE_PREFIX_PATH=${CMAKE_PREFIX_PATH}:/home/ajay/ros2_ws/install/iiwa_control:/opt/ros/humble /usr/bin/cmake --install /home/ajay/ros2_ws/build/external_torque_sensor_broadcaster
