[0.011s] Invoking command in '/home/ajay/ros2_ws/build/iiwa_hardware': CMAKE_PREFIX_PATH=/home/ajay/ros2_ws/install/iiwa_bringup:/home/ajay/ros2_ws/install/iiwa_description:/home/ajay/ros2_ws/install/gazebo_ros2_control:/home/ajay/ros2_ws/install/impedance_controller:/home/ajay/ros2_ws/install/iiwa_moveit2:/home/ajay/ros2_ws/install/iiwa_hardware:/home/ajay/ros2_ws/install/gazebo_ros2_control_demos:/home/ajay/ros2_ws/install/external_torque_sensor_broadcaster:/home/ajay/control_learn/install/my_bot:/home/ajay/ros2_ws/install/iiwa_control:/opt/ros/humble LD_LIBRARY_PATH=/home/ajay/ros2_ws/install/gazebo_ros2_control/lib:/home/ajay/ros2_ws/install/impedance_controller/lib:/home/ajay/ros2_ws/install/iiwa_moveit2/lib:/home/ajay/ros2_ws/install/iiwa_hardware/lib:/home/ajay/ros2_ws/install/external_torque_sensor_broadcaster/lib:/opt/ros/humble/opt/rviz_ogre_vendor/lib:/opt/ros/humble/lib/x86_64-linux-gnu:/opt/ros/humble/lib:/usr/lib/x86_64-linux-gnu/gazebo-11/plugins /usr/bin/cmake --build /home/ajay/ros2_ws/build/iiwa_hardware -- -j16 -l16
[0.055s] [35m[1mConsolidate compiler generated dependencies of target iiwa_hardware[0m
[0.082s] [100%] Built target iiwa_hardware
[0.095s] Invoked command in '/home/ajay/ros2_ws/build/iiwa_hardware' returned '0': CMAKE_PREFIX_PATH=/home/ajay/ros2_ws/install/iiwa_bringup:/home/ajay/ros2_ws/install/iiwa_description:/home/ajay/ros2_ws/install/gazebo_ros2_control:/home/ajay/ros2_ws/install/impedance_controller:/home/ajay/ros2_ws/install/iiwa_moveit2:/home/ajay/ros2_ws/install/iiwa_hardware:/home/ajay/ros2_ws/install/gazebo_ros2_control_demos:/home/ajay/ros2_ws/install/external_torque_sensor_broadcaster:/home/ajay/control_learn/install/my_bot:/home/ajay/ros2_ws/install/iiwa_control:/opt/ros/humble LD_LIBRARY_PATH=/home/ajay/ros2_ws/install/gazebo_ros2_control/lib:/home/ajay/ros2_ws/install/impedance_controller/lib:/home/ajay/ros2_ws/install/iiwa_moveit2/lib:/home/ajay/ros2_ws/install/iiwa_hardware/lib:/home/ajay/ros2_ws/install/external_torque_sensor_broadcaster/lib:/opt/ros/humble/opt/rviz_ogre_vendor/lib:/opt/ros/humble/lib/x86_64-linux-gnu:/opt/ros/humble/lib:/usr/lib/x86_64-linux-gnu/gazebo-11/plugins /usr/bin/cmake --build /home/ajay/ros2_ws/build/iiwa_hardware -- -j16 -l16
[0.163s] Invoking command in '/home/ajay/ros2_ws/build/iiwa_hardware': CMAKE_PREFIX_PATH=/home/ajay/ros2_ws/install/iiwa_bringup:/home/ajay/ros2_ws/install/iiwa_description:/home/ajay/ros2_ws/install/gazebo_ros2_control:/home/ajay/ros2_ws/install/impedance_controller:/home/ajay/ros2_ws/install/iiwa_moveit2:/home/ajay/ros2_ws/install/iiwa_hardware:/home/ajay/ros2_ws/install/gazebo_ros2_control_demos:/home/ajay/ros2_ws/install/external_torque_sensor_broadcaster:/home/ajay/control_learn/install/my_bot:/home/ajay/ros2_ws/install/iiwa_control:/opt/ros/humble LD_LIBRARY_PATH=/home/ajay/ros2_ws/install/gazebo_ros2_control/lib:/home/ajay/ros2_ws/install/impedance_controller/lib:/home/ajay/ros2_ws/install/iiwa_moveit2/lib:/home/ajay/ros2_ws/install/iiwa_hardware/lib:/home/ajay/ros2_ws/install/external_torque_sensor_broadcaster/lib:/opt/ros/humble/opt/rviz_ogre_vendor/lib:/opt/ros/humble/lib/x86_64-linux-gnu:/opt/ros/humble/lib:/usr/lib/x86_64-linux-gnu/gazebo-11/plugins /usr/bin/cmake --install /home/ajay/ros2_ws/build/iiwa_hardware
[0.171s] -- Install configuration: "Release"
[0.172s] -- Execute custom install script
[0.172s] -- Up-to-date symlink: /home/ajay/ros2_ws/install/iiwa_hardware/share/iiwa_hardware//iiwa_hardware_interface_plugin.xml
[0.172s] -- Up-to-date symlink: /home/ajay/ros2_ws/install/iiwa_hardware/lib/libiiwa_hardware.so
[0.172s] -- Up-to-date symlink: /home/ajay/ros2_ws/install/iiwa_hardware/include/iiwa_hardware/IRDFClient.h
[0.172s] -- Up-to-date symlink: /home/ajay/ros2_ws/install/iiwa_hardware/include/iiwa_hardware/IiwaFRIHardwareInterface.hpp
[0.172s] -- Up-to-date symlink: /home/ajay/ros2_ws/install/iiwa_hardware/include/iiwa_hardware/low_pass_filter.h
[0.172s] -- Up-to-date symlink: /home/ajay/ros2_ws/install/iiwa_hardware/include/iiwa_hardware/visibility_control.h
[0.173s] -- Up-to-date symlink: /home/ajay/ros2_ws/install/iiwa_hardware/share/iiwa_hardware/environment/library_path.sh
[0.173s] -- Up-to-date symlink: /home/ajay/ros2_ws/install/iiwa_hardware/share/iiwa_hardware/environment/library_path.dsv
[0.173s] -- Up-to-date symlink: /home/ajay/ros2_ws/install/iiwa_hardware/share/ament_index/resource_index/package_run_dependencies/iiwa_hardware
[0.173s] -- Up-to-date symlink: /home/ajay/ros2_ws/install/iiwa_hardware/share/ament_index/resource_index/parent_prefix_path/iiwa_hardware
[0.173s] -- Up-to-date symlink: /home/ajay/ros2_ws/install/iiwa_hardware/share/iiwa_hardware/environment/ament_prefix_path.sh
[0.173s] -- Up-to-date symlink: /home/ajay/ros2_ws/install/iiwa_hardware/share/iiwa_hardware/environment/ament_prefix_path.dsv
[0.173s] -- Up-to-date symlink: /home/ajay/ros2_ws/install/iiwa_hardware/share/iiwa_hardware/environment/path.sh
[0.173s] -- Up-to-date symlink: /home/ajay/ros2_ws/install/iiwa_hardware/share/iiwa_hardware/environment/path.dsv
[0.173s] -- Up-to-date symlink: /home/ajay/ros2_ws/install/iiwa_hardware/share/iiwa_hardware/local_setup.bash
[0.174s] -- Up-to-date symlink: /home/ajay/ros2_ws/install/iiwa_hardware/share/iiwa_hardware/local_setup.sh
[0.174s] -- Up-to-date symlink: /home/ajay/ros2_ws/install/iiwa_hardware/share/iiwa_hardware/local_setup.zsh
[0.174s] -- Up-to-date symlink: /home/ajay/ros2_ws/install/iiwa_hardware/share/iiwa_hardware/local_setup.dsv
[0.174s] -- Symlinking: /home/ajay/ros2_ws/install/iiwa_hardware/share/iiwa_hardware/package.dsv
[0.183s] -- Up-to-date symlink: /home/ajay/ros2_ws/install/iiwa_hardware/share/ament_index/resource_index/packages/iiwa_hardware
[0.183s] -- Up-to-date symlink: /home/ajay/ros2_ws/install/iiwa_hardware/share/ament_index/resource_index/hardware_interface__pluginlib__plugin/iiwa_hardware
[0.183s] -- Up-to-date symlink: /home/ajay/ros2_ws/install/iiwa_hardware/share/iiwa_hardware/cmake/ament_cmake_export_include_directories-extras.cmake
[0.183s] -- Up-to-date symlink: /home/ajay/ros2_ws/install/iiwa_hardware/share/iiwa_hardware/cmake/ament_cmake_export_libraries-extras.cmake
[0.184s] -- Up-to-date symlink: /home/ajay/ros2_ws/install/iiwa_hardware/share/iiwa_hardware/cmake/ament_cmake_export_dependencies-extras.cmake
[0.184s] -- Up-to-date symlink: /home/ajay/ros2_ws/install/iiwa_hardware/share/iiwa_hardware/cmake/iiwa_hardwareConfig.cmake
[0.184s] -- Up-to-date symlink: /home/ajay/ros2_ws/install/iiwa_hardware/share/iiwa_hardware/cmake/iiwa_hardwareConfig-version.cmake
[0.184s] -- Up-to-date symlink: /home/ajay/ros2_ws/install/iiwa_hardware/share/iiwa_hardware/package.xml
[0.186s] Invoked command in '/home/ajay/ros2_ws/build/iiwa_hardware' returned '0': CMAKE_PREFIX_PATH=/home/ajay/ros2_ws/install/iiwa_bringup:/home/ajay/ros2_ws/install/iiwa_description:/home/ajay/ros2_ws/install/gazebo_ros2_control:/home/ajay/ros2_ws/install/impedance_controller:/home/ajay/ros2_ws/install/iiwa_moveit2:/home/ajay/ros2_ws/install/iiwa_hardware:/home/ajay/ros2_ws/install/gazebo_ros2_control_demos:/home/ajay/ros2_ws/install/external_torque_sensor_broadcaster:/home/ajay/control_learn/install/my_bot:/home/ajay/ros2_ws/install/iiwa_control:/opt/ros/humble LD_LIBRARY_PATH=/home/ajay/ros2_ws/install/gazebo_ros2_control/lib:/home/ajay/ros2_ws/install/impedance_controller/lib:/home/ajay/ros2_ws/install/iiwa_moveit2/lib:/home/ajay/ros2_ws/install/iiwa_hardware/lib:/home/ajay/ros2_ws/install/external_torque_sensor_broadcaster/lib:/opt/ros/humble/opt/rviz_ogre_vendor/lib:/opt/ros/humble/lib/x86_64-linux-gnu:/opt/ros/humble/lib:/usr/lib/x86_64-linux-gnu/gazebo-11/plugins /usr/bin/cmake --install /home/ajay/ros2_ws/build/iiwa_hardware
