[0.024s] Invoking command in '/home/ajay/ros2_ws/build/gazebo_ros2_control': CMAKE_PREFIX_PATH=${CMAKE_PREFIX_PATH}:/opt/ros/humble /usr/bin/cmake /home/ajay/ros2_ws/src/ros-controls/gazebo_ros2_control/gazebo_ros2_control -DCMAKE_BUILD_TYPE=Release -DAMENT_CMAKE_SYMLINK_INSTALL=1 -DCMAKE_INSTALL_PREFIX=/home/ajay/ros2_ws/install/gazebo_ros2_control
[0.246s] -- The C compiler identification is GNU 11.4.0
[0.247s] -- The CXX compiler identification is GNU 11.4.0
[0.247s] -- Detecting C compiler ABI info
[0.247s] -- Detecting C compiler ABI info - done
[0.248s] -- Check for working C compiler: /usr/bin/cc - skipped
[0.248s] -- Detecting C compile features
[0.248s] -- Detecting C compile features - done
[0.248s] -- Detecting CXX compiler ABI info
[0.268s] -- Detecting CXX compiler ABI info - done
[0.274s] -- Check for working CXX compiler: /usr/bin/c++ - skipped
[0.274s] -- Detecting CXX compile features
[0.274s] -- Detecting CXX compile features - done
[0.276s] -- Found ament_cmake: 1.3.9 (/opt/ros/humble/share/ament_cmake/cmake)
[0.403s] -- Found Python3: /usr/bin/python3 (found version "3.10.12") found components: Interpreter 
[0.456s] -- Override CMake install command with custom implementation using symlinks instead of copying resources
[0.484s] -- Found angles: 1.15.0 (/opt/ros/humble/share/angles/cmake)
[0.486s] -- Found controller_manager: 2.41.0 (/opt/ros/humble/share/controller_manager/cmake)
[0.530s] -- Found rosidl_generator_c: 3.1.5 (/opt/ros/humble/share/rosidl_generator_c/cmake)
[0.534s] -- Found rosidl_adapter: 3.1.5 (/opt/ros/humble/share/rosidl_adapter/cmake)
[0.542s] -- Found rosidl_generator_cpp: 3.1.5 (/opt/ros/humble/share/rosidl_generator_cpp/cmake)
[0.553s] -- Using all available rosidl_typesupport_c: rosidl_typesupport_fastrtps_c;rosidl_typesupport_introspection_c
[0.569s] -- Using all available rosidl_typesupport_cpp: rosidl_typesupport_fastrtps_cpp;rosidl_typesupport_introspection_cpp
[1.087s] -- Found rmw_implementation_cmake: 6.1.2 (/opt/ros/humble/share/rmw_implementation_cmake/cmake)
[1.089s] -- Found rmw_fastrtps_cpp: 6.2.6 (/opt/ros/humble/share/rmw_fastrtps_cpp/cmake)
[1.120s] -- Found TinyXML2 via Config file: TinyXML2_DIR-NOTFOUND
[1.176s] -- Found OpenSSL: /usr/lib/x86_64-linux-gnu/libcrypto.so (found version "3.0.2")  
[1.178s] -- Found TinyXML2 via Config file: TinyXML2_DIR-NOTFOUND
[1.192s] -- Found FastRTPS: /opt/ros/humble/include  
[1.199s] -- Found TinyXML2 via Config file: TinyXML2_DIR-NOTFOUND
[1.207s] -- Found TinyXML2 via Config file: TinyXML2_DIR-NOTFOUND
[1.217s] -- Using RMW implementation 'rmw_fastrtps_cpp' as default
[1.225s] -- Looking for pthread.h
[1.292s] -- Looking for pthread.h - found
[1.292s] -- Performing Test CMAKE_HAVE_LIBC_PTHREAD
[1.359s] -- Performing Test CMAKE_HAVE_LIBC_PTHREAD - Success
[1.360s] -- Found Threads: TRUE  
[1.834s] -- Found control_toolbox: 3.2.0 (/opt/ros/humble/share/control_toolbox/cmake)
[1.872s] -- Found parameter_traits: 0.3.8 (/opt/ros/humble/share/parameter_traits/cmake)
[1.903s] -- Found gazebo_dev: 3.7.0 (/opt/ros/humble/share/gazebo_dev/cmake)
[1.909s] -- Found PkgConfig: /usr/bin/pkg-config (found version "0.29.2") 
[1.910s] -- Checking for module 'bullet>=2.82'
[1.934s] --   Found bullet, version 3.05
[2.043s] -- Found fcl: /usr/include (found suitable version "0.7.0", minimum required is "0.5.0") 
[2.101s] -- Found assimp: /usr/include (found version "5.2.0") 
[2.122s] -- Found DART: /usr/include (Required is at least version "6.6") found components: dart 
[2.150s] -- Found Boost: /usr/lib/x86_64-linux-gnu/cmake/Boost-1.74.0/BoostConfig.cmake (found suitable version "1.74.0", minimum required is "1.40.0") found components: thread system filesystem program_options regex iostreams date_time 
[2.162s] -- Found Protobuf: /usr/lib/x86_64-linux-gnu/libprotobuf.so (found version "3.12.4") 
[2.167s] -- Looking for ignition-math6 -- found version 6.15.1
[2.172s] -- Searching for dependencies of ignition-math6
[2.173s] -- Looking for OGRE...
[2.174s] -- OGRE_PREFIX_WATCH changed.
[2.179s] -- Checking for module 'OGRE'
[2.194s] --   Found OGRE, version 1.9.0
[2.231s] -- Found Ogre Ghadamon (1.9.0)
[2.237s] -- Found OGRE: optimized;/usr/lib/x86_64-linux-gnu/libOgreMain.so;debug;/usr/lib/x86_64-linux-gnu/libOgreMain.so
[2.245s] -- Looking for OGRE_Paging...
[2.249s] -- Found OGRE_Paging: optimized;/usr/lib/x86_64-linux-gnu/libOgrePaging.so;debug;/usr/lib/x86_64-linux-gnu/libOgrePaging.so
[2.249s] -- Looking for OGRE_Terrain...
[2.253s] -- Found OGRE_Terrain: optimized;/usr/lib/x86_64-linux-gnu/libOgreTerrain.so;debug;/usr/lib/x86_64-linux-gnu/libOgreTerrain.so
[2.253s] -- Looking for OGRE_Property...
[2.257s] -- Found OGRE_Property: optimized;/usr/lib/x86_64-linux-gnu/libOgreProperty.so;debug;/usr/lib/x86_64-linux-gnu/libOgreProperty.so
[2.257s] -- Looking for OGRE_RTShaderSystem...
[2.262s] -- Found OGRE_RTShaderSystem: optimized;/usr/lib/x86_64-linux-gnu/libOgreRTShaderSystem.so;debug;/usr/lib/x86_64-linux-gnu/libOgreRTShaderSystem.so
[2.262s] -- Looking for OGRE_Volume...
[2.266s] -- Found OGRE_Volume: optimized;/usr/lib/x86_64-linux-gnu/libOgreVolume.so;debug;/usr/lib/x86_64-linux-gnu/libOgreVolume.so
[2.266s] -- Looking for OGRE_Overlay...
[2.270s] -- Found OGRE_Overlay: optimized;/usr/lib/x86_64-linux-gnu/libOgreOverlay.so;debug;/usr/lib/x86_64-linux-gnu/libOgreOverlay.so
[2.375s] -- Looking for ignition-math6 -- found version 6.15.1
[2.377s] -- Looking for ignition-transport8 -- found version 8.2.1
[2.377s] -- Searching for dependencies of ignition-transport8
[2.395s] -- Found Protobuf: /usr/lib/x86_64-linux-gnu/libprotobuf.so (found suitable version "3.12.4", minimum required is "3") 
[2.407s] -- Config-file not installed for ZeroMQ -- checking for pkg-config
[2.412s] -- Checking for module 'libzmq >= 4'
[2.428s] --   Found libzmq , version 4.3.4
[2.471s] -- Found ZeroMQ: TRUE (Required is at least version "4") 
[2.476s] -- Checking for module 'uuid'
[2.491s] --   Found uuid, version 2.37.2
[2.530s] -- Found UUID: TRUE  
[2.532s] -- Looking for ignition-msgs5 -- found version 5.8.1
[2.533s] -- Searching for dependencies of ignition-msgs5
[2.552s] -- Looking for ignition-math6 -- found version 6.15.1
[2.557s] -- Checking for module 'tinyxml2'
[2.581s] --   Found tinyxml2, version 9.0.0
[2.621s] -- Looking for ignition-msgs5 -- found version 5.8.1
[2.623s] -- Looking for ignition-common3 -- found version 3.14.0
[2.623s] -- Searching for dependencies of ignition-common3
[2.623s] -- Looking for dlfcn.h - found
[2.624s] -- Looking for libdl - found
[2.625s] -- Found DL: TRUE  
[2.637s] -- Found tinyobjloader: /usr/lib/x86_64-linux-gnu/cmake/tinyobjloader/tinyobjloader-config.cmake (found version "2.0.0") 
[2.637s] -- Searching for <ignition-common3> component [graphics]
[2.639s] -- Looking for ignition-common3-graphics -- found version 3.14.0
[2.639s] -- Searching for dependencies of ignition-common3-graphics
[2.640s] -- Looking for ignition-math6 -- found version 6.15.1
[2.642s] -- Looking for ignition-fuel_tools4 -- found version 4.4.0
[2.643s] -- Searching for dependencies of ignition-fuel_tools4
[2.730s] -- Found CURL: /usr/lib/x86_64-linux-gnu/libcurl.so (found version "7.81.0")  
[2.739s] -- Checking for module 'jsoncpp'
[2.754s] --   Found jsoncpp, version 1.9.5
[2.793s] -- Found JSONCPP: TRUE  
[2.799s] -- Checking for module 'libzip'
[2.814s] --   Found libzip, version 1.7.3
[2.853s] -- Found ZIP: TRUE  
[2.854s] -- Looking for ignition-common3 -- found version 3.14.0
[2.854s] -- Looking for ignition-math6 -- found version 6.15.1
[2.854s] -- Looking for ignition-msgs5 -- found version 5.8.1
[2.857s] -- Gazebo version: 11.10
[2.858s] -- Checking for module 'tbb'
[2.882s] --   Found tbb, version 2021.5.0
[2.923s] -- Found gazebo_ros: 3.7.0 (/opt/ros/humble/share/gazebo_ros/cmake)
[2.931s] -- Found yaml_cpp_vendor: 8.0.2 (/opt/ros/humble/share/yaml_cpp_vendor/cmake)
[3.392s] -- Found ament_cmake_gtest: 1.3.9 (/opt/ros/humble/share/ament_cmake_gtest/cmake)
[3.394s] -- Found ament_lint_auto: 0.12.11 (/opt/ros/humble/share/ament_lint_auto/cmake)
[3.464s] -- Added test 'copyright' to check source files copyright and LICENSE
[3.465s] -- Added test 'cppcheck' to perform static code analysis on C / C++ code
[3.466s] -- Configured cppcheck include dirs: /home/ajay/ros2_ws/src/ros-controls/gazebo_ros2_control/gazebo_ros2_control/include
[3.466s] -- Configured cppcheck exclude dirs and/or files: 
[3.467s] -- Added test 'cpplint' to check C / C++ code against the Google style
[3.467s] -- Configured cpplint exclude dirs and/or files: 
[3.467s] -- Added test 'lint_cmake' to check CMake code style
[3.469s] -- Added test 'uncrustify' to check C / C++ code style
[3.469s] -- Configured uncrustify additional arguments: 
[3.469s] -- Added test 'xmllint' to check XML markup files
[3.471s] -- Configuring done
[3.532s] -- Generating done
[3.534s] -- Build files have been written to: /home/ajay/ros2_ws/build/gazebo_ros2_control
[3.548s] Invoked command in '/home/ajay/ros2_ws/build/gazebo_ros2_control' returned '0': CMAKE_PREFIX_PATH=${CMAKE_PREFIX_PATH}:/opt/ros/humble /usr/bin/cmake /home/ajay/ros2_ws/src/ros-controls/gazebo_ros2_control/gazebo_ros2_control -DCMAKE_BUILD_TYPE=Release -DAMENT_CMAKE_SYMLINK_INSTALL=1 -DCMAKE_INSTALL_PREFIX=/home/ajay/ros2_ws/install/gazebo_ros2_control
[3.549s] Invoking command in '/home/ajay/ros2_ws/build/gazebo_ros2_control': CMAKE_PREFIX_PATH=${CMAKE_PREFIX_PATH}:/opt/ros/humble /usr/bin/cmake --build /home/ajay/ros2_ws/build/gazebo_ros2_control -- -j16 -l16
[3.606s] [ 50%] [32mBuilding CXX object CMakeFiles/gazebo_ros2_control.dir/src/gazebo_ros2_control_plugin.cpp.o[0m
[3.606s] [ 50%] [32mBuilding CXX object CMakeFiles/gazebo_hardware_plugins.dir/src/gazebo_system.cpp.o[0m
[17.449s] [ 75%] [32m[1mLinking CXX shared library libgazebo_hardware_plugins.so[0m
[17.724s] [ 75%] Built target gazebo_hardware_plugins
[19.429s] [100%] [32m[1mLinking CXX shared library libgazebo_ros2_control.so[0m
[19.766s] [100%] Built target gazebo_ros2_control
[19.778s] Invoked command in '/home/ajay/ros2_ws/build/gazebo_ros2_control' returned '0': CMAKE_PREFIX_PATH=${CMAKE_PREFIX_PATH}:/opt/ros/humble /usr/bin/cmake --build /home/ajay/ros2_ws/build/gazebo_ros2_control -- -j16 -l16
[19.814s] Invoking command in '/home/ajay/ros2_ws/build/gazebo_ros2_control': CMAKE_PREFIX_PATH=${CMAKE_PREFIX_PATH}:/opt/ros/humble /usr/bin/cmake --install /home/ajay/ros2_ws/build/gazebo_ros2_control
[19.821s] -- Install configuration: "Release"
[19.821s] -- Execute custom install script
[19.822s] -- Symlinking: /home/ajay/ros2_ws/install/gazebo_ros2_control/lib/libgazebo_ros2_control.so
[19.831s] -- Symlinking: /home/ajay/ros2_ws/install/gazebo_ros2_control/lib/libgazebo_hardware_plugins.so
[19.839s] -- Symlinking: /home/ajay/ros2_ws/install/gazebo_ros2_control/share/gazebo_ros2_control/environment/library_path.sh
[19.848s] -- Symlinking: /home/ajay/ros2_ws/install/gazebo_ros2_control/share/gazebo_ros2_control/environment/library_path.dsv
[19.857s] -- Symlinking: /home/ajay/ros2_ws/install/gazebo_ros2_control/include/gazebo_ros2_control/gazebo_ros2_control_plugin.hpp
[19.866s] -- Symlinking: /home/ajay/ros2_ws/install/gazebo_ros2_control/include/gazebo_ros2_control/gazebo_system.hpp
[19.874s] -- Symlinking: /home/ajay/ros2_ws/install/gazebo_ros2_control/include/gazebo_ros2_control/gazebo_system_interface.hpp
[19.883s] -- Symlinking: /home/ajay/ros2_ws/install/gazebo_ros2_control/share/gazebo_ros2_control//gazebo_hardware_plugins.xml
[19.893s] -- Symlinking: /home/ajay/ros2_ws/install/gazebo_ros2_control/share/ament_index/resource_index/package_run_dependencies/gazebo_ros2_control
[19.902s] -- Symlinking: /home/ajay/ros2_ws/install/gazebo_ros2_control/share/ament_index/resource_index/parent_prefix_path/gazebo_ros2_control
[19.910s] -- Symlinking: /home/ajay/ros2_ws/install/gazebo_ros2_control/share/gazebo_ros2_control/environment/ament_prefix_path.sh
[19.919s] -- Symlinking: /home/ajay/ros2_ws/install/gazebo_ros2_control/share/gazebo_ros2_control/environment/ament_prefix_path.dsv
[19.928s] -- Symlinking: /home/ajay/ros2_ws/install/gazebo_ros2_control/share/gazebo_ros2_control/environment/path.sh
[19.936s] -- Symlinking: /home/ajay/ros2_ws/install/gazebo_ros2_control/share/gazebo_ros2_control/environment/path.dsv
[19.946s] -- Symlinking: /home/ajay/ros2_ws/install/gazebo_ros2_control/share/gazebo_ros2_control/local_setup.bash
[19.955s] -- Symlinking: /home/ajay/ros2_ws/install/gazebo_ros2_control/share/gazebo_ros2_control/local_setup.sh
[19.965s] -- Symlinking: /home/ajay/ros2_ws/install/gazebo_ros2_control/share/gazebo_ros2_control/local_setup.zsh
[19.974s] -- Symlinking: /home/ajay/ros2_ws/install/gazebo_ros2_control/share/gazebo_ros2_control/local_setup.dsv
[19.984s] -- Symlinking: /home/ajay/ros2_ws/install/gazebo_ros2_control/share/gazebo_ros2_control/package.dsv
[19.992s] -- Symlinking: /home/ajay/ros2_ws/install/gazebo_ros2_control/share/ament_index/resource_index/packages/gazebo_ros2_control
[20.001s] -- Symlinking: /home/ajay/ros2_ws/install/gazebo_ros2_control/share/ament_index/resource_index/gazebo_ros2_control__pluginlib__plugin/gazebo_ros2_control
[20.010s] -- Symlinking: /home/ajay/ros2_ws/install/gazebo_ros2_control/share/gazebo_ros2_control/cmake/ament_cmake_export_include_directories-extras.cmake
[20.019s] -- Symlinking: /home/ajay/ros2_ws/install/gazebo_ros2_control/share/gazebo_ros2_control/cmake/ament_cmake_export_dependencies-extras.cmake
[20.028s] -- Symlinking: /home/ajay/ros2_ws/install/gazebo_ros2_control/share/gazebo_ros2_control/cmake/ament_cmake_export_libraries-extras.cmake
[20.038s] -- Symlinking: /home/ajay/ros2_ws/install/gazebo_ros2_control/share/gazebo_ros2_control/cmake/gazebo_ros2_controlConfig.cmake
[20.047s] -- Symlinking: /home/ajay/ros2_ws/install/gazebo_ros2_control/share/gazebo_ros2_control/cmake/gazebo_ros2_controlConfig-version.cmake
[20.056s] -- Symlinking: /home/ajay/ros2_ws/install/gazebo_ros2_control/share/gazebo_ros2_control/package.xml
[20.067s] Invoked command in '/home/ajay/ros2_ws/build/gazebo_ros2_control' returned '0': CMAKE_PREFIX_PATH=${CMAKE_PREFIX_PATH}:/opt/ros/humble /usr/bin/cmake --install /home/ajay/ros2_ws/build/gazebo_ros2_control
