[0.020s] Invoking command in '/home/ajay/ros2_ws/build/iiwa_bringup': CMAKE_PREFIX_PATH=/home/ajay/ros2_ws/install/iiwa_description:/home/ajay/ros2_ws/install/gazebo_ros2_control:/home/ajay/ros2_ws/install/impedance_controller:/home/ajay/ros2_ws/install/iiwa_moveit2:/home/ajay/ros2_ws/install/iiwa_hardware:/home/ajay/ros2_ws/install/iiwa_bringup:/home/ajay/ros2_ws/install/gazebo_ros2_control_demos:/home/ajay/ros2_ws/install/external_torque_sensor_broadcaster:/home/ajay/control_learn/install/my_bot:/home/ajay/ros2_ws/install/iiwa_control:/opt/ros/humble LD_LIBRARY_PATH=/home/ajay/ros2_ws/install/gazebo_ros2_control/lib:/home/ajay/ros2_ws/install/impedance_controller/lib:/home/ajay/ros2_ws/install/iiwa_moveit2/lib:/home/ajay/ros2_ws/install/iiwa_hardware/lib:/home/ajay/ros2_ws/install/external_torque_sensor_broadcaster/lib:/opt/ros/humble/opt/rviz_ogre_vendor/lib:/opt/ros/humble/lib/x86_64-linux-gnu:/opt/ros/humble/lib:/usr/lib/x86_64-linux-gnu/gazebo-11/plugins /usr/bin/cmake --build /home/ajay/ros2_ws/build/iiwa_bringup -- -j16 -l16
[0.062s] Invoked command in '/home/ajay/ros2_ws/build/iiwa_bringup' returned '0': CMAKE_PREFIX_PATH=/home/ajay/ros2_ws/install/iiwa_description:/home/ajay/ros2_ws/install/gazebo_ros2_control:/home/ajay/ros2_ws/install/impedance_controller:/home/ajay/ros2_ws/install/iiwa_moveit2:/home/ajay/ros2_ws/install/iiwa_hardware:/home/ajay/ros2_ws/install/iiwa_bringup:/home/ajay/ros2_ws/install/gazebo_ros2_control_demos:/home/ajay/ros2_ws/install/external_torque_sensor_broadcaster:/home/ajay/control_learn/install/my_bot:/home/ajay/ros2_ws/install/iiwa_control:/opt/ros/humble LD_LIBRARY_PATH=/home/ajay/ros2_ws/install/gazebo_ros2_control/lib:/home/ajay/ros2_ws/install/impedance_controller/lib:/home/ajay/ros2_ws/install/iiwa_moveit2/lib:/home/ajay/ros2_ws/install/iiwa_hardware/lib:/home/ajay/ros2_ws/install/external_torque_sensor_broadcaster/lib:/opt/ros/humble/opt/rviz_ogre_vendor/lib:/opt/ros/humble/lib/x86_64-linux-gnu:/opt/ros/humble/lib:/usr/lib/x86_64-linux-gnu/gazebo-11/plugins /usr/bin/cmake --build /home/ajay/ros2_ws/build/iiwa_bringup -- -j16 -l16
[0.089s] Invoking command in '/home/ajay/ros2_ws/build/iiwa_bringup': CMAKE_PREFIX_PATH=/home/ajay/ros2_ws/install/iiwa_description:/home/ajay/ros2_ws/install/gazebo_ros2_control:/home/ajay/ros2_ws/install/impedance_controller:/home/ajay/ros2_ws/install/iiwa_moveit2:/home/ajay/ros2_ws/install/iiwa_hardware:/home/ajay/ros2_ws/install/iiwa_bringup:/home/ajay/ros2_ws/install/gazebo_ros2_control_demos:/home/ajay/ros2_ws/install/external_torque_sensor_broadcaster:/home/ajay/control_learn/install/my_bot:/home/ajay/ros2_ws/install/iiwa_control:/opt/ros/humble LD_LIBRARY_PATH=/home/ajay/ros2_ws/install/gazebo_ros2_control/lib:/home/ajay/ros2_ws/install/impedance_controller/lib:/home/ajay/ros2_ws/install/iiwa_moveit2/lib:/home/ajay/ros2_ws/install/iiwa_hardware/lib:/home/ajay/ros2_ws/install/external_torque_sensor_broadcaster/lib:/opt/ros/humble/opt/rviz_ogre_vendor/lib:/opt/ros/humble/lib/x86_64-linux-gnu:/opt/ros/humble/lib:/usr/lib/x86_64-linux-gnu/gazebo-11/plugins /usr/bin/cmake --install /home/ajay/ros2_ws/build/iiwa_bringup
[0.096s] -- Install configuration: "Release"
[0.096s] -- Execute custom install script
[0.097s] -- Up-to-date symlink: /home/ajay/ros2_ws/install/iiwa_bringup/share/iiwa_bringup/launch/iiwa.launch.py
[0.097s] -- Up-to-date symlink: /home/ajay/ros2_ws/install/iiwa_bringup/share/iiwa_bringup/launch/iiwa_planning.launch.py
[0.097s] -- Up-to-date symlink: /home/ajay/ros2_ws/install/iiwa_bringup/share/iiwa_bringup/launch/iiwa_pose_tracking.launch.py
[0.097s] -- Up-to-date symlink: /home/ajay/ros2_ws/install/iiwa_bringup/share/iiwa_bringup/launch/iiwa_servoing.launch.py
[0.097s] -- Up-to-date symlink: /home/ajay/ros2_ws/install/iiwa_bringup/share/iiwa_bringup/launch/iiwa_test_joint_trajectory_controller.launch.py
[0.097s] -- Up-to-date symlink: /home/ajay/ros2_ws/install/iiwa_bringup/share/iiwa_bringup/launch/joy_servo_teleop.launch.py
[0.097s] -- Up-to-date symlink: /home/ajay/ros2_ws/install/iiwa_bringup/share/iiwa_bringup/config/test_trajectory_config.yaml
[0.097s] -- Up-to-date symlink: /home/ajay/ros2_ws/install/iiwa_bringup/share/ament_index/resource_index/package_run_dependencies/iiwa_bringup
[0.098s] -- Up-to-date symlink: /home/ajay/ros2_ws/install/iiwa_bringup/share/ament_index/resource_index/parent_prefix_path/iiwa_bringup
[0.098s] -- Up-to-date symlink: /home/ajay/ros2_ws/install/iiwa_bringup/share/iiwa_bringup/environment/ament_prefix_path.sh
[0.098s] -- Up-to-date symlink: /home/ajay/ros2_ws/install/iiwa_bringup/share/iiwa_bringup/environment/ament_prefix_path.dsv
[0.098s] -- Up-to-date symlink: /home/ajay/ros2_ws/install/iiwa_bringup/share/iiwa_bringup/environment/path.sh
[0.098s] -- Up-to-date symlink: /home/ajay/ros2_ws/install/iiwa_bringup/share/iiwa_bringup/environment/path.dsv
[0.098s] -- Up-to-date symlink: /home/ajay/ros2_ws/install/iiwa_bringup/share/iiwa_bringup/local_setup.bash
[0.098s] -- Up-to-date symlink: /home/ajay/ros2_ws/install/iiwa_bringup/share/iiwa_bringup/local_setup.sh
[0.098s] -- Up-to-date symlink: /home/ajay/ros2_ws/install/iiwa_bringup/share/iiwa_bringup/local_setup.zsh
[0.098s] -- Up-to-date symlink: /home/ajay/ros2_ws/install/iiwa_bringup/share/iiwa_bringup/local_setup.dsv
[0.099s] -- Symlinking: /home/ajay/ros2_ws/install/iiwa_bringup/share/iiwa_bringup/package.dsv
[0.109s] -- Up-to-date symlink: /home/ajay/ros2_ws/install/iiwa_bringup/share/ament_index/resource_index/packages/iiwa_bringup
[0.109s] -- Up-to-date symlink: /home/ajay/ros2_ws/install/iiwa_bringup/share/iiwa_bringup/cmake/iiwa_bringupConfig.cmake
[0.109s] -- Up-to-date symlink: /home/ajay/ros2_ws/install/iiwa_bringup/share/iiwa_bringup/cmake/iiwa_bringupConfig-version.cmake
[0.109s] -- Up-to-date symlink: /home/ajay/ros2_ws/install/iiwa_bringup/share/iiwa_bringup/package.xml
[0.111s] Invoked command in '/home/ajay/ros2_ws/build/iiwa_bringup' returned '0': CMAKE_PREFIX_PATH=/home/ajay/ros2_ws/install/iiwa_description:/home/ajay/ros2_ws/install/gazebo_ros2_control:/home/ajay/ros2_ws/install/impedance_controller:/home/ajay/ros2_ws/install/iiwa_moveit2:/home/ajay/ros2_ws/install/iiwa_hardware:/home/ajay/ros2_ws/install/iiwa_bringup:/home/ajay/ros2_ws/install/gazebo_ros2_control_demos:/home/ajay/ros2_ws/install/external_torque_sensor_broadcaster:/home/ajay/control_learn/install/my_bot:/home/ajay/ros2_ws/install/iiwa_control:/opt/ros/humble LD_LIBRARY_PATH=/home/ajay/ros2_ws/install/gazebo_ros2_control/lib:/home/ajay/ros2_ws/install/impedance_controller/lib:/home/ajay/ros2_ws/install/iiwa_moveit2/lib:/home/ajay/ros2_ws/install/iiwa_hardware/lib:/home/ajay/ros2_ws/install/external_torque_sensor_broadcaster/lib:/opt/ros/humble/opt/rviz_ogre_vendor/lib:/opt/ros/humble/lib/x86_64-linux-gnu:/opt/ros/humble/lib:/usr/lib/x86_64-linux-gnu/gazebo-11/plugins /usr/bin/cmake --install /home/ajay/ros2_ws/build/iiwa_bringup
