-- Found ament_cmake_auto: 1.1.6 (/opt/ros/galactic/share/ament_cmake_auto/cmake)
-- Using PYTHON_EXECUTABLE: /usr/bin/python3
-- Override CMake install command with custom implementation using symlinks instead of copying resources
-- Using all available rosidl_typesupport_c: rosidl_typesupport_fastrtps_c;rosidl_typesupport_introspection_c
-- Found rosidl_adapter: 2.2.3 (/opt/ros/galactic/share/rosidl_adapter/cmake)
-- Using all available rosidl_typesupport_cpp: rosidl_typesupport_fastrtps_cpp;rosidl_typesupport_introspection_cpp
-- Found rmw_implementation_cmake: 3.3.1 (/opt/ros/galactic/share/rmw_implementation_cmake/cmake)
-- Found rmw_cyclonedds_cpp: 0.22.6 (/opt/ros/galactic/share/rmw_cyclonedds_cpp/cmake)
-- Using RMW implementation 'rmw_cyclonedds_cpp' as default
-- Configuring done
-- Generating done
-- Build files have been written to: /user/aamariejos2022/ros2/build/ecn_auv_lab
[35m[1mScanning dependencies of target waypoints[0m
[35m[1mScanning dependencies of target gz2ekf[0m
[ 50%] [32mBuilding CXX object CMakeFiles/waypoints.dir/src/waypoints.cpp.o[0m
[ 50%] [32mBuilding CXX object CMakeFiles/gz2ekf.dir/src/gz2ekf.cpp.o[0m
[ 75%] [32m[1mLinking CXX executable waypoints[0m
[ 75%] Built target waypoints
[100%] [32m[1mLinking CXX executable gz2ekf[0m
[100%] Built target gz2ekf
-- Install configuration: ""
-- Execute custom install script
-- Up-to-date symlink: /user/aamariejos2022/ros2/install/ecn_auv_lab/share/ecn_auv_lab/urdf/bluerov2.urdf
-- Up-to-date symlink: /user/aamariejos2022/ros2/install/ecn_auv_lab/share/ecn_auv_lab/urdf/terrain/License and source for textures.txt
-- Up-to-date symlink: /user/aamariejos2022/ros2/install/ecn_auv_lab/share/ecn_auv_lab/urdf/terrain/MangaliaTerrain.dae
-- Up-to-date symlink: /user/aamariejos2022/ros2/install/ecn_auv_lab/share/ecn_auv_lab/urdf/terrain/MangaliaTerrain.osg
-- Up-to-date symlink: /user/aamariejos2022/ros2/install/ecn_auv_lab/share/ecn_auv_lab/urdf/terrain/grass.jpg
-- Up-to-date symlink: /user/aamariejos2022/ros2/install/ecn_auv_lab/share/ecn_auv_lab/urdf/terrain/ground_stone.jpg
-- Up-to-date symlink: /user/aamariejos2022/ros2/install/ecn_auv_lab/share/ecn_auv_lab/urdf/terrain/terrain.xacro
-- Up-to-date symlink: /user/aamariejos2022/ros2/install/ecn_auv_lab/share/ecn_auv_lab/urdf/world.sdf
-- Up-to-date symlink: /user/aamariejos2022/ros2/install/ecn_auv_lab/share/ecn_auv_lab/launch/bluerov2_launch.py
-- Up-to-date symlink: /user/aamariejos2022/ros2/install/ecn_auv_lab/share/ecn_auv_lab/launch/control_launch.py
-- Up-to-date symlink: /user/aamariejos2022/ros2/install/ecn_auv_lab/share/ecn_auv_lab/launch/ekf_launch.py
-- Up-to-date symlink: /user/aamariejos2022/ros2/install/ecn_auv_lab/share/ecn_auv_lab/launch/layout.rviz
-- Up-to-date symlink: /user/aamariejos2022/ros2/install/ecn_auv_lab/share/ecn_auv_lab/launch/pose_setpoint.yaml
-- Up-to-date symlink: /user/aamariejos2022/ros2/install/ecn_auv_lab/share/ecn_auv_lab/launch/sim_launch.py
-- Up-to-date symlink: /user/aamariejos2022/ros2/install/ecn_auv_lab/share/ecn_auv_lab/launch/spawn_all_launch.py
-- Up-to-date symlink: /user/aamariejos2022/ros2/install/ecn_auv_lab/share/ecn_auv_lab/params/cascaded_pid.yaml
-- Up-to-date symlink: /user/aamariejos2022/ros2/install/ecn_auv_lab/share/ecn_auv_lab/params/ekf.yaml
-- Up-to-date symlink: /user/aamariejos2022/ros2/install/ecn_auv_lab/share/ecn_auv_lab/params/noise.yaml
-- Up-to-date symlink: /user/aamariejos2022/ros2/install/ecn_auv_lab/share/ecn_auv_lab/params/waypoints.yaml
-- Up-to-date symlink: /user/aamariejos2022/ros2/install/ecn_auv_lab/lib/ecn_auv_lab/gz2ekf
-- Up-to-date symlink: /user/aamariejos2022/ros2/install/ecn_auv_lab/lib/ecn_auv_lab/waypoints
-- Up-to-date symlink: /user/aamariejos2022/ros2/install/ecn_auv_lab/share/ament_index/resource_index/package_run_dependencies/ecn_auv_lab
-- Up-to-date symlink: /user/aamariejos2022/ros2/install/ecn_auv_lab/share/ament_index/resource_index/parent_prefix_path/ecn_auv_lab
-- Up-to-date symlink: /user/aamariejos2022/ros2/install/ecn_auv_lab/share/ecn_auv_lab/environment/ament_prefix_path.sh
-- Up-to-date symlink: /user/aamariejos2022/ros2/install/ecn_auv_lab/share/ecn_auv_lab/environment/ament_prefix_path.dsv
-- Up-to-date symlink: /user/aamariejos2022/ros2/install/ecn_auv_lab/share/ecn_auv_lab/environment/path.sh
-- Up-to-date symlink: /user/aamariejos2022/ros2/install/ecn_auv_lab/share/ecn_auv_lab/environment/path.dsv
-- Up-to-date symlink: /user/aamariejos2022/ros2/install/ecn_auv_lab/share/ecn_auv_lab/local_setup.bash
-- Up-to-date symlink: /user/aamariejos2022/ros2/install/ecn_auv_lab/share/ecn_auv_lab/local_setup.sh
-- Up-to-date symlink: /user/aamariejos2022/ros2/install/ecn_auv_lab/share/ecn_auv_lab/local_setup.zsh
-- Up-to-date symlink: /user/aamariejos2022/ros2/install/ecn_auv_lab/share/ecn_auv_lab/local_setup.dsv
-- Symlinking: /user/aamariejos2022/ros2/install/ecn_auv_lab/share/ecn_auv_lab/package.dsv
-- Up-to-date symlink: /user/aamariejos2022/ros2/install/ecn_auv_lab/share/ament_index/resource_index/packages/ecn_auv_lab
-- Up-to-date symlink: /user/aamariejos2022/ros2/install/ecn_auv_lab/share/ecn_auv_lab/cmake/ament_cmake_export_dependencies-extras.cmake
-- Up-to-date symlink: /user/aamariejos2022/ros2/install/ecn_auv_lab/share/ecn_auv_lab/cmake/ecn_auv_labConfig.cmake
-- Up-to-date symlink: /user/aamariejos2022/ros2/install/ecn_auv_lab/share/ecn_auv_lab/cmake/ecn_auv_labConfig-version.cmake
-- Up-to-date symlink: /user/aamariejos2022/ros2/install/ecn_auv_lab/share/ecn_auv_lab/package.xml
