[0.015s] Invoking command in '/home/ajay/ros2_ws/build/iiwa_bringup': AMENT_PREFIX_PATH=/home/ajay/ros2_ws/install/iiwa_description:/home/ajay/ros2_ws/install/gazebo_ros2_control:${AMENT_PREFIX_PATH} CMAKE_PREFIX_PATH=/home/ajay/ros2_ws/install/iiwa_description:/home/ajay/ros2_ws/install/gazebo_ros2_control:/home/ajay/ros2_ws/install/impedance_controller:/home/ajay/ros2_ws/install/iiwa_moveit2:/home/ajay/ros2_ws/install/iiwa_hardware:/home/ajay/ros2_ws/install/iiwa_bringup:/home/ajay/ros2_ws/install/gazebo_ros2_control_demos:/home/ajay/ros2_ws/install/external_torque_sensor_broadcaster:/home/ajay/control_learn/install/my_bot:/opt/ros/humble LD_LIBRARY_PATH=/home/ajay/ros2_ws/install/gazebo_ros2_control/lib:/home/ajay/ros2_ws/install/impedance_controller/lib:/home/ajay/ros2_ws/install/iiwa_moveit2/lib:/home/ajay/ros2_ws/install/iiwa_hardware/lib:/home/ajay/ros2_ws/install/external_torque_sensor_broadcaster/lib:/opt/ros/humble/opt/rviz_ogre_vendor/lib:/opt/ros/humble/lib/x86_64-linux-gnu:/opt/ros/humble/lib:/usr/lib/x86_64-linux-gnu/gazebo-11/plugins /usr/bin/cmake /home/ajay/ros2_ws/src/iiwa_ros2/iiwa_bringup -DCMAKE_BUILD_TYPE=Release -DAMENT_CMAKE_SYMLINK_INSTALL=1 -DCMAKE_INSTALL_PREFIX=/home/ajay/ros2_ws/install/iiwa_bringup
[0.069s] -- The C compiler identification is GNU 11.4.0
[0.116s] -- The CXX compiler identification is GNU 11.4.0
[0.125s] -- Detecting C compiler ABI info
[0.188s] -- Detecting C compiler ABI info - done
[0.194s] -- Check for working C compiler: /usr/bin/cc - skipped
[0.194s] -- Detecting C compile features
[0.195s] -- Detecting C compile features - done
[0.198s] -- Detecting CXX compiler ABI info
[0.266s] -- Detecting CXX compiler ABI info - done
[0.272s] -- Check for working CXX compiler: /usr/bin/c++ - skipped
[0.272s] -- Detecting CXX compile features
[0.272s] -- Detecting CXX compile features - done
[0.277s] -- Found ament_cmake: 1.3.9 (/opt/ros/humble/share/ament_cmake/cmake)
[0.404s] -- Found Python3: /usr/bin/python3 (found version "3.10.12") found components: Interpreter 
[0.461s] -- Override CMake install command with custom implementation using symlinks instead of copying resources
[0.501s] -- Found rclcpp: 16.0.9 (/opt/ros/humble/share/rclcpp/cmake)
[0.547s] -- Found rosidl_generator_c: 3.1.5 (/opt/ros/humble/share/rosidl_generator_c/cmake)
[0.554s] -- Found rosidl_adapter: 3.1.5 (/opt/ros/humble/share/rosidl_adapter/cmake)
[0.563s] -- Found rosidl_generator_cpp: 3.1.5 (/opt/ros/humble/share/rosidl_generator_cpp/cmake)
[0.578s] -- Using all available rosidl_typesupport_c: rosidl_typesupport_fastrtps_c;rosidl_typesupport_introspection_c
[0.597s] -- Using all available rosidl_typesupport_cpp: rosidl_typesupport_fastrtps_cpp;rosidl_typesupport_introspection_cpp
[0.662s] -- Found rmw_implementation_cmake: 6.1.2 (/opt/ros/humble/share/rmw_implementation_cmake/cmake)
[0.666s] -- Found rmw_fastrtps_cpp: 6.2.6 (/opt/ros/humble/share/rmw_fastrtps_cpp/cmake)
[0.769s] -- Found OpenSSL: /usr/lib/x86_64-linux-gnu/libcrypto.so (found version "3.0.2")  
[0.795s] -- Found FastRTPS: /opt/ros/humble/include  
[0.839s] -- Using RMW implementation 'rmw_fastrtps_cpp' as default
[0.850s] -- Looking for pthread.h
[0.916s] -- Looking for pthread.h - found
[0.916s] -- Performing Test CMAKE_HAVE_LIBC_PTHREAD
[0.982s] -- Performing Test CMAKE_HAVE_LIBC_PTHREAD - Success
[0.983s] -- Found Threads: TRUE  
[1.107s] -- Found rclpy: 3.3.13 (/opt/ros/humble/share/rclpy/cmake)
[1.109s] -- Found sensor_msgs: 4.2.4 (/opt/ros/humble/share/sensor_msgs/cmake)
[1.203s] -- Found visualization_msgs: 4.2.4 (/opt/ros/humble/share/visualization_msgs/cmake)
[1.293s] -- Found ament_cmake_gtest: 1.3.9 (/opt/ros/humble/share/ament_cmake_gtest/cmake)
[1.296s] -- Found ament_lint_auto: 0.12.11 (/opt/ros/humble/share/ament_lint_auto/cmake)
[1.375s] -- Added test 'copyright' to check source files copyright and LICENSE
[1.377s] -- Added test 'flake8' to check Python code syntax and style conventions
[1.378s] -- Added test 'lint_cmake' to check CMake code style
[1.378s] -- Added test 'pep257' to check Python code against some of the docstring style conventions in PEP 257
[1.380s] -- Added test 'xmllint' to check XML markup files
[1.381s] -- Configuring done
[1.385s] -- Generating done
[1.386s] -- Build files have been written to: /home/ajay/ros2_ws/build/iiwa_bringup
[1.395s] Invoked command in '/home/ajay/ros2_ws/build/iiwa_bringup' returned '0': AMENT_PREFIX_PATH=/home/ajay/ros2_ws/install/iiwa_description:/home/ajay/ros2_ws/install/gazebo_ros2_control:${AMENT_PREFIX_PATH} CMAKE_PREFIX_PATH=/home/ajay/ros2_ws/install/iiwa_description:/home/ajay/ros2_ws/install/gazebo_ros2_control:/home/ajay/ros2_ws/install/impedance_controller:/home/ajay/ros2_ws/install/iiwa_moveit2:/home/ajay/ros2_ws/install/iiwa_hardware:/home/ajay/ros2_ws/install/iiwa_bringup:/home/ajay/ros2_ws/install/gazebo_ros2_control_demos:/home/ajay/ros2_ws/install/external_torque_sensor_broadcaster:/home/ajay/control_learn/install/my_bot:/opt/ros/humble LD_LIBRARY_PATH=/home/ajay/ros2_ws/install/gazebo_ros2_control/lib:/home/ajay/ros2_ws/install/impedance_controller/lib:/home/ajay/ros2_ws/install/iiwa_moveit2/lib:/home/ajay/ros2_ws/install/iiwa_hardware/lib:/home/ajay/ros2_ws/install/external_torque_sensor_broadcaster/lib:/opt/ros/humble/opt/rviz_ogre_vendor/lib:/opt/ros/humble/lib/x86_64-linux-gnu:/opt/ros/humble/lib:/usr/lib/x86_64-linux-gnu/gazebo-11/plugins /usr/bin/cmake /home/ajay/ros2_ws/src/iiwa_ros2/iiwa_bringup -DCMAKE_BUILD_TYPE=Release -DAMENT_CMAKE_SYMLINK_INSTALL=1 -DCMAKE_INSTALL_PREFIX=/home/ajay/ros2_ws/install/iiwa_bringup
[1.396s] Invoking command in '/home/ajay/ros2_ws/build/iiwa_bringup': AMENT_PREFIX_PATH=/home/ajay/ros2_ws/install/iiwa_description:/home/ajay/ros2_ws/install/gazebo_ros2_control:${AMENT_PREFIX_PATH} CMAKE_PREFIX_PATH=/home/ajay/ros2_ws/install/iiwa_description:/home/ajay/ros2_ws/install/gazebo_ros2_control:/home/ajay/ros2_ws/install/impedance_controller:/home/ajay/ros2_ws/install/iiwa_moveit2:/home/ajay/ros2_ws/install/iiwa_hardware:/home/ajay/ros2_ws/install/iiwa_bringup:/home/ajay/ros2_ws/install/gazebo_ros2_control_demos:/home/ajay/ros2_ws/install/external_torque_sensor_broadcaster:/home/ajay/control_learn/install/my_bot:/opt/ros/humble LD_LIBRARY_PATH=/home/ajay/ros2_ws/install/gazebo_ros2_control/lib:/home/ajay/ros2_ws/install/impedance_controller/lib:/home/ajay/ros2_ws/install/iiwa_moveit2/lib:/home/ajay/ros2_ws/install/iiwa_hardware/lib:/home/ajay/ros2_ws/install/external_torque_sensor_broadcaster/lib:/opt/ros/humble/opt/rviz_ogre_vendor/lib:/opt/ros/humble/lib/x86_64-linux-gnu:/opt/ros/humble/lib:/usr/lib/x86_64-linux-gnu/gazebo-11/plugins /usr/bin/cmake --build /home/ajay/ros2_ws/build/iiwa_bringup -- -j16 -l16
[1.434s] Invoked command in '/home/ajay/ros2_ws/build/iiwa_bringup' returned '0': AMENT_PREFIX_PATH=/home/ajay/ros2_ws/install/iiwa_description:/home/ajay/ros2_ws/install/gazebo_ros2_control:${AMENT_PREFIX_PATH} CMAKE_PREFIX_PATH=/home/ajay/ros2_ws/install/iiwa_description:/home/ajay/ros2_ws/install/gazebo_ros2_control:/home/ajay/ros2_ws/install/impedance_controller:/home/ajay/ros2_ws/install/iiwa_moveit2:/home/ajay/ros2_ws/install/iiwa_hardware:/home/ajay/ros2_ws/install/iiwa_bringup:/home/ajay/ros2_ws/install/gazebo_ros2_control_demos:/home/ajay/ros2_ws/install/external_torque_sensor_broadcaster:/home/ajay/control_learn/install/my_bot:/opt/ros/humble LD_LIBRARY_PATH=/home/ajay/ros2_ws/install/gazebo_ros2_control/lib:/home/ajay/ros2_ws/install/impedance_controller/lib:/home/ajay/ros2_ws/install/iiwa_moveit2/lib:/home/ajay/ros2_ws/install/iiwa_hardware/lib:/home/ajay/ros2_ws/install/external_torque_sensor_broadcaster/lib:/opt/ros/humble/opt/rviz_ogre_vendor/lib:/opt/ros/humble/lib/x86_64-linux-gnu:/opt/ros/humble/lib:/usr/lib/x86_64-linux-gnu/gazebo-11/plugins /usr/bin/cmake --build /home/ajay/ros2_ws/build/iiwa_bringup -- -j16 -l16
[1.459s] Invoking command in '/home/ajay/ros2_ws/build/iiwa_bringup': AMENT_PREFIX_PATH=/home/ajay/ros2_ws/install/iiwa_description:/home/ajay/ros2_ws/install/gazebo_ros2_control:${AMENT_PREFIX_PATH} CMAKE_PREFIX_PATH=/home/ajay/ros2_ws/install/iiwa_description:/home/ajay/ros2_ws/install/gazebo_ros2_control:/home/ajay/ros2_ws/install/impedance_controller:/home/ajay/ros2_ws/install/iiwa_moveit2:/home/ajay/ros2_ws/install/iiwa_hardware:/home/ajay/ros2_ws/install/iiwa_bringup:/home/ajay/ros2_ws/install/gazebo_ros2_control_demos:/home/ajay/ros2_ws/install/external_torque_sensor_broadcaster:/home/ajay/control_learn/install/my_bot:/opt/ros/humble LD_LIBRARY_PATH=/home/ajay/ros2_ws/install/gazebo_ros2_control/lib:/home/ajay/ros2_ws/install/impedance_controller/lib:/home/ajay/ros2_ws/install/iiwa_moveit2/lib:/home/ajay/ros2_ws/install/iiwa_hardware/lib:/home/ajay/ros2_ws/install/external_torque_sensor_broadcaster/lib:/opt/ros/humble/opt/rviz_ogre_vendor/lib:/opt/ros/humble/lib/x86_64-linux-gnu:/opt/ros/humble/lib:/usr/lib/x86_64-linux-gnu/gazebo-11/plugins /usr/bin/cmake --install /home/ajay/ros2_ws/build/iiwa_bringup
[1.466s] -- Install configuration: "Release"
[1.466s] -- Execute custom install script
[1.467s] -- Symlinking: /home/ajay/ros2_ws/install/iiwa_bringup/share/iiwa_bringup/launch/iiwa.launch.py
[1.475s] -- Symlinking: /home/ajay/ros2_ws/install/iiwa_bringup/share/iiwa_bringup/launch/iiwa_planning.launch.py
[1.484s] -- Symlinking: /home/ajay/ros2_ws/install/iiwa_bringup/share/iiwa_bringup/launch/iiwa_pose_tracking.launch.py
[1.492s] -- Symlinking: /home/ajay/ros2_ws/install/iiwa_bringup/share/iiwa_bringup/launch/iiwa_servoing.launch.py
[1.500s] -- Symlinking: /home/ajay/ros2_ws/install/iiwa_bringup/share/iiwa_bringup/launch/iiwa_test_joint_trajectory_controller.launch.py
[1.508s] -- Symlinking: /home/ajay/ros2_ws/install/iiwa_bringup/share/iiwa_bringup/launch/joy_servo_teleop.launch.py
[1.516s] -- Symlinking: /home/ajay/ros2_ws/install/iiwa_bringup/share/iiwa_bringup/config/test_trajectory_config.yaml
[1.525s] -- Symlinking: /home/ajay/ros2_ws/install/iiwa_bringup/share/ament_index/resource_index/package_run_dependencies/iiwa_bringup
[1.533s] -- Symlinking: /home/ajay/ros2_ws/install/iiwa_bringup/share/ament_index/resource_index/parent_prefix_path/iiwa_bringup
[1.542s] -- Symlinking: /home/ajay/ros2_ws/install/iiwa_bringup/share/iiwa_bringup/environment/ament_prefix_path.sh
[1.550s] -- Symlinking: /home/ajay/ros2_ws/install/iiwa_bringup/share/iiwa_bringup/environment/ament_prefix_path.dsv
[1.558s] -- Symlinking: /home/ajay/ros2_ws/install/iiwa_bringup/share/iiwa_bringup/environment/path.sh
[1.567s] -- Symlinking: /home/ajay/ros2_ws/install/iiwa_bringup/share/iiwa_bringup/environment/path.dsv
[1.575s] -- Symlinking: /home/ajay/ros2_ws/install/iiwa_bringup/share/iiwa_bringup/local_setup.bash
[1.583s] -- Symlinking: /home/ajay/ros2_ws/install/iiwa_bringup/share/iiwa_bringup/local_setup.sh
[1.591s] -- Symlinking: /home/ajay/ros2_ws/install/iiwa_bringup/share/iiwa_bringup/local_setup.zsh
[1.600s] -- Symlinking: /home/ajay/ros2_ws/install/iiwa_bringup/share/iiwa_bringup/local_setup.dsv
[1.608s] -- Symlinking: /home/ajay/ros2_ws/install/iiwa_bringup/share/iiwa_bringup/package.dsv
[1.616s] -- Symlinking: /home/ajay/ros2_ws/install/iiwa_bringup/share/ament_index/resource_index/packages/iiwa_bringup
[1.624s] -- Symlinking: /home/ajay/ros2_ws/install/iiwa_bringup/share/iiwa_bringup/cmake/iiwa_bringupConfig.cmake
[1.633s] -- Symlinking: /home/ajay/ros2_ws/install/iiwa_bringup/share/iiwa_bringup/cmake/iiwa_bringupConfig-version.cmake
[1.641s] -- Symlinking: /home/ajay/ros2_ws/install/iiwa_bringup/share/iiwa_bringup/package.xml
[1.651s] Invoked command in '/home/ajay/ros2_ws/build/iiwa_bringup' returned '0': AMENT_PREFIX_PATH=/home/ajay/ros2_ws/install/iiwa_description:/home/ajay/ros2_ws/install/gazebo_ros2_control:${AMENT_PREFIX_PATH} CMAKE_PREFIX_PATH=/home/ajay/ros2_ws/install/iiwa_description:/home/ajay/ros2_ws/install/gazebo_ros2_control:/home/ajay/ros2_ws/install/impedance_controller:/home/ajay/ros2_ws/install/iiwa_moveit2:/home/ajay/ros2_ws/install/iiwa_hardware:/home/ajay/ros2_ws/install/iiwa_bringup:/home/ajay/ros2_ws/install/gazebo_ros2_control_demos:/home/ajay/ros2_ws/install/external_torque_sensor_broadcaster:/home/ajay/control_learn/install/my_bot:/opt/ros/humble LD_LIBRARY_PATH=/home/ajay/ros2_ws/install/gazebo_ros2_control/lib:/home/ajay/ros2_ws/install/impedance_controller/lib:/home/ajay/ros2_ws/install/iiwa_moveit2/lib:/home/ajay/ros2_ws/install/iiwa_hardware/lib:/home/ajay/ros2_ws/install/external_torque_sensor_broadcaster/lib:/opt/ros/humble/opt/rviz_ogre_vendor/lib:/opt/ros/humble/lib/x86_64-linux-gnu:/opt/ros/humble/lib:/usr/lib/x86_64-linux-gnu/gazebo-11/plugins /usr/bin/cmake --install /home/ajay/ros2_ws/build/iiwa_bringup
