[1.733s] DEBUG:colcon:Command line arguments: ['/usr/bin/colcon', 'build', '--symlink-install', '--continue-on-error', '--packages-select', 'ecn_auv_lab']
[1.733s] DEBUG:colcon:Parsed command line arguments: Namespace(allow_overriding=[], ament_cmake_args=None, base_paths=['.'], build_base='build', catkin_cmake_args=None, catkin_skip_building_tests=False, cmake_args=None, cmake_clean_cache=False, cmake_clean_first=False, cmake_force_configure=False, cmake_target=None, cmake_target_skip_unavailable=False, continue_on_error=True, event_handlers=None, executor='parallel', ignore_user_meta=False, install_base='install', log_base=None, log_level=None, main=<bound method BuildVerb.main of <colcon_core.verb.build.BuildVerb object at 0x7faf2b81a460>>, merge_install=False, metas=['./colcon.meta'], packages_above=None, packages_above_and_dependencies=None, packages_above_depth=None, packages_end=None, packages_ignore=None, packages_ignore_regex=None, packages_select=['ecn_auv_lab'], packages_select_build_failed=False, packages_select_by_dep=None, packages_select_regex=None, packages_select_test_failures=False, packages_skip=None, packages_skip_build_finished=False, packages_skip_by_dep=None, packages_skip_regex=None, packages_skip_test_passed=False, packages_skip_up_to=None, packages_start=None, packages_up_to=None, packages_up_to_regex=None, parallel_workers=4, paths=None, symlink_install=True, test_result_base=None, verb_extension=<colcon_core.verb.build.BuildVerb object at 0x7faf2b81a460>, verb_name='build', verb_parser=<colcon_defaults.argument_parser.defaults.DefaultArgumentsDecorator object at 0x7faf2b6f1250>)
[2.267s] Level 1:colcon.colcon_core.package_discovery:discover_packages(colcon_meta) check parameters
[2.268s] Level 1:colcon.colcon_core.package_discovery:discover_packages(recursive) check parameters
[2.268s] Level 1:colcon.colcon_core.package_discovery:discover_packages(ignore) check parameters
[2.268s] Level 1:colcon.colcon_core.package_discovery:discover_packages(path) check parameters
[2.268s] Level 1:colcon.colcon_core.package_discovery:discover_packages(colcon_meta) discover
[2.268s] Level 1:colcon.colcon_core.package_discovery:discover_packages(recursive) discover
[2.268s] INFO:colcon.colcon_core.package_discovery:Crawling recursively for packages in '/user/aamariejos2022/ros2'
[2.268s] Level 1:colcon.colcon_core.package_identification:_identify(.) by extensions ['ignore', 'ignore_ament_install']
[2.269s] Level 1:colcon.colcon_core.package_identification:_identify(.) by extension 'ignore'
[2.269s] Level 1:colcon.colcon_core.package_identification:_identify(.) by extension 'ignore_ament_install'
[2.269s] Level 1:colcon.colcon_core.package_identification:_identify(.) by extensions ['colcon_pkg']
[2.269s] Level 1:colcon.colcon_core.package_identification:_identify(.) by extension 'colcon_pkg'
[2.269s] Level 1:colcon.colcon_core.package_identification:_identify(.) by extensions ['colcon_meta']
[2.269s] Level 1:colcon.colcon_core.package_identification:_identify(.) by extension 'colcon_meta'
[2.269s] Level 1:colcon.colcon_core.package_identification:_identify(.) by extensions ['ros']
[2.269s] Level 1:colcon.colcon_core.package_identification:_identify(.) by extension 'ros'
[2.324s] Level 1:colcon.colcon_core.package_identification:_identify(.) by extensions ['cmake', 'python']
[2.324s] Level 1:colcon.colcon_core.package_identification:_identify(.) by extension 'cmake'
[2.325s] Level 1:colcon.colcon_core.package_identification:_identify(.) by extension 'python'
[2.325s] Level 1:colcon.colcon_core.package_identification:_identify(.) by extensions ['python_setup_py']
[2.325s] Level 1:colcon.colcon_core.package_identification:_identify(.) by extension 'python_setup_py'
[2.325s] Level 1:colcon.colcon_core.package_identification:_identify(build) by extensions ['ignore', 'ignore_ament_install']
[2.325s] Level 1:colcon.colcon_core.package_identification:_identify(build) by extension 'ignore'
[2.325s] Level 1:colcon.colcon_core.package_identification:_identify(build) ignored
[2.325s] Level 1:colcon.colcon_core.package_identification:_identify(install) by extensions ['ignore', 'ignore_ament_install']
[2.325s] Level 1:colcon.colcon_core.package_identification:_identify(install) by extension 'ignore'
[2.325s] Level 1:colcon.colcon_core.package_identification:_identify(install) ignored
[2.325s] Level 1:colcon.colcon_core.package_identification:_identify(log) by extensions ['ignore', 'ignore_ament_install']
[2.325s] Level 1:colcon.colcon_core.package_identification:_identify(log) by extension 'ignore'
[2.325s] Level 1:colcon.colcon_core.package_identification:_identify(log) ignored
[2.325s] Level 1:colcon.colcon_core.package_identification:_identify(src) by extensions ['ignore', 'ignore_ament_install']
[2.326s] Level 1:colcon.colcon_core.package_identification:_identify(src) by extension 'ignore'
[2.326s] Level 1:colcon.colcon_core.package_identification:_identify(src) by extension 'ignore_ament_install'
[2.326s] Level 1:colcon.colcon_core.package_identification:_identify(src) by extensions ['colcon_pkg']
[2.326s] Level 1:colcon.colcon_core.package_identification:_identify(src) by extension 'colcon_pkg'
[2.326s] Level 1:colcon.colcon_core.package_identification:_identify(src) by extensions ['colcon_meta']
[2.326s] Level 1:colcon.colcon_core.package_identification:_identify(src) by extension 'colcon_meta'
[2.326s] Level 1:colcon.colcon_core.package_identification:_identify(src) by extensions ['ros']
[2.326s] Level 1:colcon.colcon_core.package_identification:_identify(src) by extension 'ros'
[2.326s] Level 1:colcon.colcon_core.package_identification:_identify(src) by extensions ['cmake', 'python']
[2.326s] Level 1:colcon.colcon_core.package_identification:_identify(src) by extension 'cmake'
[2.326s] Level 1:colcon.colcon_core.package_identification:_identify(src) by extension 'python'
[2.326s] Level 1:colcon.colcon_core.package_identification:_identify(src) by extensions ['python_setup_py']
[2.326s] Level 1:colcon.colcon_core.package_identification:_identify(src) by extension 'python_setup_py'
[2.326s] Level 1:colcon.colcon_core.package_identification:_identify(src/ecn_auv_lab) by extensions ['ignore', 'ignore_ament_install']
[2.326s] Level 1:colcon.colcon_core.package_identification:_identify(src/ecn_auv_lab) by extension 'ignore'
[2.326s] Level 1:colcon.colcon_core.package_identification:_identify(src/ecn_auv_lab) by extension 'ignore_ament_install'
[2.326s] Level 1:colcon.colcon_core.package_identification:_identify(src/ecn_auv_lab) by extensions ['colcon_pkg']
[2.326s] Level 1:colcon.colcon_core.package_identification:_identify(src/ecn_auv_lab) by extension 'colcon_pkg'
[2.326s] Level 1:colcon.colcon_core.package_identification:_identify(src/ecn_auv_lab) by extensions ['colcon_meta']
[2.326s] Level 1:colcon.colcon_core.package_identification:_identify(src/ecn_auv_lab) by extension 'colcon_meta'
[2.327s] Level 1:colcon.colcon_core.package_identification:_identify(src/ecn_auv_lab) by extensions ['ros']
[2.327s] Level 1:colcon.colcon_core.package_identification:_identify(src/ecn_auv_lab) by extension 'ros'
[2.353s] DEBUG:colcon.colcon_core.package_identification:Package 'src/ecn_auv_lab' with type 'ros.ament_cmake' and name 'ecn_auv_lab'
[2.353s] Level 1:colcon.colcon_core.package_discovery:discover_packages(recursive) using defaults
[2.353s] Level 1:colcon.colcon_core.package_discovery:discover_packages(ignore) discover
[2.353s] Level 1:colcon.colcon_core.package_discovery:discover_packages(ignore) using defaults
[2.353s] Level 1:colcon.colcon_core.package_discovery:discover_packages(path) discover
[2.353s] Level 1:colcon.colcon_core.package_discovery:discover_packages(path) using defaults
[2.566s] Level 1:colcon.colcon_core.package_discovery:discover_packages(prefix_path) check parameters
[2.566s] Level 1:colcon.colcon_core.package_discovery:discover_packages(prefix_path) discover
[2.619s] DEBUG:colcon.colcon_installed_package_information.package_discovery:Found 21 installed packages in /opt/ecn/ros2/install
[2.624s] DEBUG:colcon.colcon_installed_package_information.package_discovery:Found 343 installed packages in /opt/ros/galactic
[2.629s] Level 1:colcon.colcon_core.package_discovery:discover_packages(prefix_path) using defaults
[3.617s] Level 5:colcon.colcon_core.verb:set package 'ecn_auv_lab' build argument 'cmake_args' from command line to 'None'
[3.617s] Level 5:colcon.colcon_core.verb:set package 'ecn_auv_lab' build argument 'cmake_target' from command line to 'None'
[3.617s] Level 5:colcon.colcon_core.verb:set package 'ecn_auv_lab' build argument 'cmake_target_skip_unavailable' from command line to 'False'
[3.617s] Level 5:colcon.colcon_core.verb:set package 'ecn_auv_lab' build argument 'cmake_clean_cache' from command line to 'False'
[3.617s] Level 5:colcon.colcon_core.verb:set package 'ecn_auv_lab' build argument 'cmake_clean_first' from command line to 'False'
[3.617s] Level 5:colcon.colcon_core.verb:set package 'ecn_auv_lab' build argument 'cmake_force_configure' from command line to 'False'
[3.617s] Level 5:colcon.colcon_core.verb:set package 'ecn_auv_lab' build argument 'ament_cmake_args' from command line to 'None'
[3.617s] Level 5:colcon.colcon_core.verb:set package 'ecn_auv_lab' build argument 'catkin_cmake_args' from command line to 'None'
[3.617s] Level 5:colcon.colcon_core.verb:set package 'ecn_auv_lab' build argument 'catkin_skip_building_tests' from command line to 'False'
[3.617s] DEBUG:colcon.colcon_core.verb:Building package 'ecn_auv_lab' with the following arguments: {'ament_cmake_args': None, 'build_base': '/user/aamariejos2022/ros2/build/ecn_auv_lab', 'catkin_cmake_args': None, 'catkin_skip_building_tests': False, 'cmake_args': None, 'cmake_clean_cache': False, 'cmake_clean_first': False, 'cmake_force_configure': False, 'cmake_target': None, 'cmake_target_skip_unavailable': False, 'install_base': '/user/aamariejos2022/ros2/install/ecn_auv_lab', 'merge_install': False, 'path': '/user/aamariejos2022/ros2/src/ecn_auv_lab', 'symlink_install': True, 'test_result_base': None}
[3.617s] INFO:colcon.colcon_core.executor:Executing jobs using 'parallel' executor
[3.618s] DEBUG:colcon.colcon_parallel_executor.executor.parallel:run_until_complete
[3.618s] INFO:colcon.colcon_ros.task.ament_cmake.build:Building ROS package in '/user/aamariejos2022/ros2/src/ecn_auv_lab' with build type 'ament_cmake'
[3.618s] INFO:colcon.colcon_cmake.task.cmake.build:Building CMake package in '/user/aamariejos2022/ros2/src/ecn_auv_lab'
[3.709s] INFO:colcon.colcon_core.plugin_system:Skipping extension 'colcon_core.shell.bat': Not used on non-Windows systems
[3.710s] INFO:colcon.colcon_core.shell:Skip shell extension 'powershell' for command environment: Not usable outside of PowerShell
[3.710s] DEBUG:colcon.colcon_core.shell:Skip shell extension 'dsv' for command environment
[3.739s] DEBUG:colcon.colcon_core.event_handler.log_command:Invoking command in '/user/aamariejos2022/ros2/build/ecn_auv_lab': CMAKE_PREFIX_PATH=${CMAKE_PREFIX_PATH}:/opt/ecn/ros2/install/slider_publisher:/opt/ros/galactic PS1=\[\e[38;5;87m\][ROS2\[\e[38;5;87m\]]\[\e[0m\] \[\e[1;34m\]\w\[\e[0m\]$ PS1_ori=\[\e[1;34m\]\w\[\e[0m\]$ /usr/bin/cmake /user/aamariejos2022/ros2/src/ecn_auv_lab -DAMENT_CMAKE_SYMLINK_INSTALL=1 -DCMAKE_INSTALL_PREFIX=/user/aamariejos2022/ros2/install/ecn_auv_lab
[11.040s] DEBUG:colcon.colcon_core.event_handler.log_command:Invoked command in '/user/aamariejos2022/ros2/build/ecn_auv_lab' returned '0': CMAKE_PREFIX_PATH=${CMAKE_PREFIX_PATH}:/opt/ecn/ros2/install/slider_publisher:/opt/ros/galactic PS1=\[\e[38;5;87m\][ROS2\[\e[38;5;87m\]]\[\e[0m\] \[\e[1;34m\]\w\[\e[0m\]$ PS1_ori=\[\e[1;34m\]\w\[\e[0m\]$ /usr/bin/cmake /user/aamariejos2022/ros2/src/ecn_auv_lab -DAMENT_CMAKE_SYMLINK_INSTALL=1 -DCMAKE_INSTALL_PREFIX=/user/aamariejos2022/ros2/install/ecn_auv_lab
[11.043s] DEBUG:colcon.colcon_core.event_handler.log_command:Invoking command in '/user/aamariejos2022/ros2/build/ecn_auv_lab': CMAKE_PREFIX_PATH=${CMAKE_PREFIX_PATH}:/opt/ecn/ros2/install/slider_publisher:/opt/ros/galactic PS1=\[\e[38;5;87m\][ROS2\[\e[38;5;87m\]]\[\e[0m\] \[\e[1;34m\]\w\[\e[0m\]$ PS1_ori=\[\e[1;34m\]\w\[\e[0m\]$ /usr/bin/cmake --build /user/aamariejos2022/ros2/build/ecn_auv_lab -- -j4 -l4
[23.238s] DEBUG:colcon.colcon_core.event_handler.log_command:Invoked command in '/user/aamariejos2022/ros2/build/ecn_auv_lab' returned '0': CMAKE_PREFIX_PATH=${CMAKE_PREFIX_PATH}:/opt/ecn/ros2/install/slider_publisher:/opt/ros/galactic PS1=\[\e[38;5;87m\][ROS2\[\e[38;5;87m\]]\[\e[0m\] \[\e[1;34m\]\w\[\e[0m\]$ PS1_ori=\[\e[1;34m\]\w\[\e[0m\]$ /usr/bin/cmake --build /user/aamariejos2022/ros2/build/ecn_auv_lab -- -j4 -l4
[23.288s] DEBUG:colcon.colcon_core.event_handler.log_command:Invoking command in '/user/aamariejos2022/ros2/build/ecn_auv_lab': CMAKE_PREFIX_PATH=${CMAKE_PREFIX_PATH}:/opt/ecn/ros2/install/slider_publisher:/opt/ros/galactic PS1=\[\e[38;5;87m\][ROS2\[\e[38;5;87m\]]\[\e[0m\] \[\e[1;34m\]\w\[\e[0m\]$ PS1_ori=\[\e[1;34m\]\w\[\e[0m\]$ /usr/bin/cmake --install /user/aamariejos2022/ros2/build/ecn_auv_lab
[23.716s] Level 1:colcon.colcon_core.environment:create_environment_scripts_only(ecn_auv_lab)
[23.716s] DEBUG:colcon.colcon_core.event_handler.log_command:Invoked command in '/user/aamariejos2022/ros2/build/ecn_auv_lab' returned '0': CMAKE_PREFIX_PATH=${CMAKE_PREFIX_PATH}:/opt/ecn/ros2/install/slider_publisher:/opt/ros/galactic PS1=\[\e[38;5;87m\][ROS2\[\e[38;5;87m\]]\[\e[0m\] \[\e[1;34m\]\w\[\e[0m\]$ PS1_ori=\[\e[1;34m\]\w\[\e[0m\]$ /usr/bin/cmake --install /user/aamariejos2022/ros2/build/ecn_auv_lab
[24.234s] Level 1:colcon.colcon_core.environment:checking '/user/aamariejos2022/ros2/install/ecn_auv_lab' for CMake module files
[24.235s] Level 1:colcon.colcon_core.environment:checking '/user/aamariejos2022/ros2/install/ecn_auv_lab' for CMake config files
[24.235s] Level 1:colcon.colcon_core.shell:create_environment_hook('ecn_auv_lab', 'cmake_prefix_path')
[24.235s] INFO:colcon.colcon_core.shell:Creating environment hook '/user/aamariejos2022/ros2/install/ecn_auv_lab/share/ecn_auv_lab/hook/cmake_prefix_path.ps1'
[24.291s] INFO:colcon.colcon_core.shell:Creating environment descriptor '/user/aamariejos2022/ros2/install/ecn_auv_lab/share/ecn_auv_lab/hook/cmake_prefix_path.dsv'
[24.302s] INFO:colcon.colcon_core.shell:Creating environment hook '/user/aamariejos2022/ros2/install/ecn_auv_lab/share/ecn_auv_lab/hook/cmake_prefix_path.sh'
[24.303s] Level 1:colcon.colcon_core.environment:checking '/user/aamariejos2022/ros2/install/ecn_auv_lab/lib'
[24.303s] Level 1:colcon.colcon_core.environment:checking '/user/aamariejos2022/ros2/install/ecn_auv_lab/bin'
[24.303s] Level 1:colcon.colcon_core.environment:checking '/user/aamariejos2022/ros2/install/ecn_auv_lab/lib/pkgconfig/ecn_auv_lab.pc'
[24.304s] Level 1:colcon.colcon_core.environment:checking '/user/aamariejos2022/ros2/install/ecn_auv_lab/lib/python3.8/site-packages'
[24.304s] Level 1:colcon.colcon_core.environment:checking '/user/aamariejos2022/ros2/install/ecn_auv_lab/bin'
[24.304s] INFO:colcon.colcon_core.shell:Creating package script '/user/aamariejos2022/ros2/install/ecn_auv_lab/share/ecn_auv_lab/package.ps1'
[24.306s] INFO:colcon.colcon_core.shell:Creating package descriptor '/user/aamariejos2022/ros2/install/ecn_auv_lab/share/ecn_auv_lab/package.dsv'
[24.307s] INFO:colcon.colcon_core.shell:Creating package script '/user/aamariejos2022/ros2/install/ecn_auv_lab/share/ecn_auv_lab/package.sh'
[24.308s] INFO:colcon.colcon_core.shell:Creating package script '/user/aamariejos2022/ros2/install/ecn_auv_lab/share/ecn_auv_lab/package.bash'
[24.320s] INFO:colcon.colcon_core.shell:Creating package script '/user/aamariejos2022/ros2/install/ecn_auv_lab/share/ecn_auv_lab/package.zsh'
[24.321s] Level 1:colcon.colcon_core.environment:create_file_with_runtime_dependencies(/user/aamariejos2022/ros2/install/ecn_auv_lab/share/colcon-core/packages/ecn_auv_lab)
[24.356s] Level 1:colcon.colcon_core.environment:create_environment_scripts_only(ecn_auv_lab)
[24.357s] Level 1:colcon.colcon_core.environment:checking '/user/aamariejos2022/ros2/install/ecn_auv_lab' for CMake module files
[24.357s] Level 1:colcon.colcon_core.environment:checking '/user/aamariejos2022/ros2/install/ecn_auv_lab' for CMake config files
[24.357s] Level 1:colcon.colcon_core.shell:create_environment_hook('ecn_auv_lab', 'cmake_prefix_path')
[24.358s] INFO:colcon.colcon_core.shell:Creating environment hook '/user/aamariejos2022/ros2/install/ecn_auv_lab/share/ecn_auv_lab/hook/cmake_prefix_path.ps1'
[24.358s] INFO:colcon.colcon_core.shell:Creating environment descriptor '/user/aamariejos2022/ros2/install/ecn_auv_lab/share/ecn_auv_lab/hook/cmake_prefix_path.dsv'
[24.359s] INFO:colcon.colcon_core.shell:Creating environment hook '/user/aamariejos2022/ros2/install/ecn_auv_lab/share/ecn_auv_lab/hook/cmake_prefix_path.sh'
[24.359s] Level 1:colcon.colcon_core.environment:checking '/user/aamariejos2022/ros2/install/ecn_auv_lab/lib'
[24.359s] Level 1:colcon.colcon_core.environment:checking '/user/aamariejos2022/ros2/install/ecn_auv_lab/bin'
[24.359s] Level 1:colcon.colcon_core.environment:checking '/user/aamariejos2022/ros2/install/ecn_auv_lab/lib/pkgconfig/ecn_auv_lab.pc'
[24.360s] Level 1:colcon.colcon_core.environment:checking '/user/aamariejos2022/ros2/install/ecn_auv_lab/lib/python3.8/site-packages'
[24.360s] Level 1:colcon.colcon_core.environment:checking '/user/aamariejos2022/ros2/install/ecn_auv_lab/bin'
[24.360s] INFO:colcon.colcon_core.shell:Creating package script '/user/aamariejos2022/ros2/install/ecn_auv_lab/share/ecn_auv_lab/package.ps1'
[24.361s] INFO:colcon.colcon_core.shell:Creating package descriptor '/user/aamariejos2022/ros2/install/ecn_auv_lab/share/ecn_auv_lab/package.dsv'
[24.361s] INFO:colcon.colcon_core.shell:Creating package script '/user/aamariejos2022/ros2/install/ecn_auv_lab/share/ecn_auv_lab/package.sh'
[24.362s] INFO:colcon.colcon_core.shell:Creating package script '/user/aamariejos2022/ros2/install/ecn_auv_lab/share/ecn_auv_lab/package.bash'
[24.362s] INFO:colcon.colcon_core.shell:Creating package script '/user/aamariejos2022/ros2/install/ecn_auv_lab/share/ecn_auv_lab/package.zsh'
[24.363s] Level 1:colcon.colcon_core.environment:create_file_with_runtime_dependencies(/user/aamariejos2022/ros2/install/ecn_auv_lab/share/colcon-core/packages/ecn_auv_lab)
[24.363s] DEBUG:colcon.colcon_parallel_executor.executor.parallel:closing loop
[24.364s] DEBUG:colcon.colcon_parallel_executor.executor.parallel:loop closed
[24.364s] DEBUG:colcon.colcon_parallel_executor.executor.parallel:run_until_complete finished with '0'
[24.364s] DEBUG:colcon.colcon_core.event_reactor:joining thread
[24.385s] INFO:colcon.colcon_core.plugin_system:Skipping extension 'colcon_notification.desktop_notification.terminal_notifier': Not used on non-Darwin systems
[24.385s] INFO:colcon.colcon_core.plugin_system:Skipping extension 'colcon_notification.desktop_notification.win32': Not used on non-Windows systems
[24.385s] INFO:colcon.colcon_notification.desktop_notification:Sending desktop notification using 'notify2'
[24.464s] DEBUG:colcon.colcon_core.event_reactor:joined thread
[24.465s] INFO:colcon.colcon_core.shell:Creating prefix script '/user/aamariejos2022/ros2/install/local_setup.ps1'
[24.466s] INFO:colcon.colcon_core.shell:Creating prefix util module '/user/aamariejos2022/ros2/install/_local_setup_util_ps1.py'
[24.468s] INFO:colcon.colcon_core.shell:Creating prefix chain script '/user/aamariejos2022/ros2/install/setup.ps1'
[24.470s] INFO:colcon.colcon_core.shell:Creating prefix script '/user/aamariejos2022/ros2/install/local_setup.sh'
[24.471s] INFO:colcon.colcon_core.shell:Creating prefix util module '/user/aamariejos2022/ros2/install/_local_setup_util_sh.py'
[24.472s] INFO:colcon.colcon_core.shell:Creating prefix chain script '/user/aamariejos2022/ros2/install/setup.sh'
[24.474s] INFO:colcon.colcon_core.shell:Creating prefix script '/user/aamariejos2022/ros2/install/local_setup.bash'
[24.475s] INFO:colcon.colcon_core.shell:Creating prefix chain script '/user/aamariejos2022/ros2/install/setup.bash'
[24.478s] INFO:colcon.colcon_core.shell:Creating prefix script '/user/aamariejos2022/ros2/install/local_setup.zsh'
[24.478s] INFO:colcon.colcon_core.shell:Creating prefix chain script '/user/aamariejos2022/ros2/install/setup.zsh'
