[0.008s] Invoking command in '/home/ajay/Documents/ECn/Master2/Amoro/lab/ros2/build/labamoro_plugin': AMENT_PREFIX_PATH=/home/ajay/Documents/ECn/Master2/Amoro/lab/ros2/install/lab_amoro_interfaces:${AMENT_PREFIX_PATH} CMAKE_PREFIX_PATH=/home/ajay/Documents/ECn/Master2/Amoro/lab/ros2/install/lab_amoro_interfaces:/opt/ros/humble LD_LIBRARY_PATH=/home/ajay/Documents/ECn/Master2/Amoro/lab/ros2/install/lab_amoro_interfaces/lib:${LD_LIBRARY_PATH} PYTHONPATH=/home/ajay/Documents/ECn/Master2/Amoro/lab/ros2/install/lab_amoro_interfaces/local/lib/python3.10/dist-packages:${PYTHONPATH} /usr/bin/cmake /home/ajay/Documents/ECn/Master2/Amoro/lab/ros2/src/lab_amoro/labamoro_plugin -DCMAKE_INSTALL_PREFIX=/home/ajay/Documents/ECn/Master2/Amoro/lab/ros2/install/labamoro_plugin
[0.051s] -- The C compiler identification is GNU 11.4.0
[0.093s] -- The CXX compiler identification is GNU 11.4.0
[0.099s] -- Detecting C compiler ABI info
[0.155s] -- Detecting C compiler ABI info - done
[0.160s] -- Check for working C compiler: /usr/bin/cc - skipped
[0.160s] -- Detecting C compile features
[0.160s] -- Detecting C compile features - done
[0.163s] -- Detecting CXX compiler ABI info
[0.227s] -- Detecting CXX compiler ABI info - done
[0.232s] -- Check for working CXX compiler: /usr/bin/c++ - skipped
[0.233s] -- Detecting CXX compile features
[0.233s] -- Detecting CXX compile features - done
[0.235s] -- Found ament_cmake: 1.3.10 (/opt/ros/humble/share/ament_cmake/cmake)
[0.346s] -- Found Python3: /usr/bin/python3 (found version "3.10.12") found components: Interpreter 
[0.412s] -- Found lab_amoro_interfaces: 0.0.0 (/home/ajay/Documents/ECn/Master2/Amoro/lab/ros2/install/lab_amoro_interfaces/share/lab_amoro_interfaces/cmake)
[0.439s] -- Found rosidl_generator_c: 3.1.5 (/opt/ros/humble/share/rosidl_generator_c/cmake)
[0.443s] -- Found rosidl_adapter: 3.1.5 (/opt/ros/humble/share/rosidl_adapter/cmake)
[0.449s] -- Found rosidl_generator_cpp: 3.1.5 (/opt/ros/humble/share/rosidl_generator_cpp/cmake)
[0.458s] -- Using all available rosidl_typesupport_c: rosidl_typesupport_fastrtps_c;rosidl_typesupport_introspection_c
[0.470s] -- Using all available rosidl_typesupport_cpp: rosidl_typesupport_fastrtps_cpp;rosidl_typesupport_introspection_cpp
[0.482s] -- Found std_msgs: 4.2.4 (/opt/ros/humble/share/std_msgs/cmake)
[0.505s] -- Found rclcpp: 16.0.10 (/opt/ros/humble/share/rclcpp/cmake)
[0.543s] -- Found rmw_implementation_cmake: 6.1.2 (/opt/ros/humble/share/rmw_implementation_cmake/cmake)
[0.546s] -- Found rmw_fastrtps_cpp: 6.2.7 (/opt/ros/humble/share/rmw_fastrtps_cpp/cmake)
[0.627s] -- Found OpenSSL: /usr/lib/x86_64-linux-gnu/libcrypto.so (found version "3.0.2")  
[0.651s] -- Found FastRTPS: /opt/ros/humble/include  
[0.688s] -- Using RMW implementation 'rmw_fastrtps_cpp' as default
[0.697s] -- Looking for pthread.h
[0.755s] -- Looking for pthread.h - found
[0.755s] -- Performing Test CMAKE_HAVE_LIBC_PTHREAD
[0.814s] -- Performing Test CMAKE_HAVE_LIBC_PTHREAD - Success
[0.815s] -- Found Threads: TRUE  
[0.851s] -- Found gazebo_ros: 3.7.0 (/opt/ros/humble/share/gazebo_ros/cmake)
[0.861s] -- Found PkgConfig: /usr/bin/pkg-config (found version "0.29.2") 
[0.862s] -- Checking for module 'bullet>=2.82'
[0.874s] --   Found bullet, version 3.05
[0.970s] -- Found fcl: /usr/include (found suitable version "0.7.0", minimum required is "0.5.0") 
[1.014s] -- Found assimp: /usr/include (found version "5.2.0") 
[1.033s] -- Found DART: /usr/include (Required is at least version "6.6") found components: dart 
[1.058s] -- Found Boost: /usr/lib/x86_64-linux-gnu/cmake/Boost-1.74.0/BoostConfig.cmake (found suitable version "1.74.0", minimum required is "1.40.0") found components: thread system filesystem program_options regex iostreams date_time 
[1.073s] -- Found Protobuf: /usr/lib/x86_64-linux-gnu/libprotobuf.so (found version "3.12.4") 
[1.078s] -- Looking for ignition-math6 -- found version 6.15.1
[1.085s] -- Searching for dependencies of ignition-math6
[1.087s] -- Looking for OGRE...
[1.087s] -- OGRE_PREFIX_WATCH changed.
[1.091s] -- Checking for module 'OGRE'
[1.102s] --   Found OGRE, version 1.9.0
[1.132s] -- Found Ogre Ghadamon (1.9.0)
[1.138s] -- Found OGRE: optimized;/usr/lib/x86_64-linux-gnu/libOgreMain.so;debug;/usr/lib/x86_64-linux-gnu/libOgreMain.so
[1.145s] -- Looking for OGRE_Paging...
[1.149s] -- Found OGRE_Paging: optimized;/usr/lib/x86_64-linux-gnu/libOgrePaging.so;debug;/usr/lib/x86_64-linux-gnu/libOgrePaging.so
[1.149s] -- Looking for OGRE_Terrain...
[1.153s] -- Found OGRE_Terrain: optimized;/usr/lib/x86_64-linux-gnu/libOgreTerrain.so;debug;/usr/lib/x86_64-linux-gnu/libOgreTerrain.so
[1.153s] -- Looking for OGRE_Property...
[1.157s] -- Found OGRE_Property: optimized;/usr/lib/x86_64-linux-gnu/libOgreProperty.so;debug;/usr/lib/x86_64-linux-gnu/libOgreProperty.so
[1.157s] -- Looking for OGRE_RTShaderSystem...
[1.161s] -- Found OGRE_RTShaderSystem: optimized;/usr/lib/x86_64-linux-gnu/libOgreRTShaderSystem.so;debug;/usr/lib/x86_64-linux-gnu/libOgreRTShaderSystem.so
[1.161s] -- Looking for OGRE_Volume...
[1.165s] -- Found OGRE_Volume: optimized;/usr/lib/x86_64-linux-gnu/libOgreVolume.so;debug;/usr/lib/x86_64-linux-gnu/libOgreVolume.so
[1.165s] -- Looking for OGRE_Overlay...
[1.169s] -- Found OGRE_Overlay: optimized;/usr/lib/x86_64-linux-gnu/libOgreOverlay.so;debug;/usr/lib/x86_64-linux-gnu/libOgreOverlay.so
[1.251s] -- Looking for ignition-math6 -- found version 6.15.1
[1.264s] -- Looking for ignition-transport8 -- found version 8.2.1
[1.264s] -- Searching for dependencies of ignition-transport8
[1.281s] -- Found Protobuf: /usr/lib/x86_64-linux-gnu/libprotobuf.so (found suitable version "3.12.4", minimum required is "3") 
[1.291s] -- Config-file not installed for ZeroMQ -- checking for pkg-config
[1.295s] -- Checking for module 'libzmq >= 4'
[1.309s] --   Found libzmq , version 4.3.4
[1.342s] -- Found ZeroMQ: TRUE (Required is at least version "4") 
[1.347s] -- Checking for module 'uuid'
[1.359s] --   Found uuid, version 2.37.2
[1.389s] -- Found UUID: TRUE  
[1.391s] -- Looking for ignition-msgs5 -- found version 5.8.1
[1.392s] -- Searching for dependencies of ignition-msgs5
[1.409s] -- Looking for ignition-math6 -- found version 6.15.1
[1.413s] -- Checking for module 'tinyxml2'
[1.425s] --   Found tinyxml2, version 9.0.0
[1.456s] -- Looking for ignition-msgs5 -- found version 5.8.1
[1.458s] -- Looking for ignition-common3 -- found version 3.14.0
[1.459s] -- Searching for dependencies of ignition-common3
[1.459s] -- Looking for dlfcn.h - found
[1.460s] -- Looking for libdl - found
[1.461s] -- Found DL: TRUE  
[1.470s] -- Found tinyobjloader: /usr/lib/x86_64-linux-gnu/cmake/tinyobjloader/tinyobjloader-config.cmake (found version "2.0.0") 
[1.471s] -- Searching for <ignition-common3> component [graphics]
[1.473s] -- Looking for ignition-common3-graphics -- found version 3.14.0
[1.473s] -- Searching for dependencies of ignition-common3-graphics
[1.474s] -- Looking for ignition-math6 -- found version 6.15.1
[1.477s] -- Looking for ignition-fuel_tools4 -- found version 4.4.0
[1.477s] -- Searching for dependencies of ignition-fuel_tools4
[1.547s] -- Found CURL: /usr/lib/x86_64-linux-gnu/libcurl.so (found version "7.81.0")  
[1.555s] -- Checking for module 'jsoncpp'
[1.566s] --   Found jsoncpp, version 1.9.5
[1.597s] -- Found JSONCPP: TRUE  
[1.602s] -- Checking for module 'libzip'
[1.614s] --   Found libzip, version 1.7.3
[1.646s] -- Found ZIP: TRUE  
[1.646s] -- Looking for ignition-common3 -- found version 3.14.0
[1.646s] -- Looking for ignition-math6 -- found version 6.15.1
[1.647s] -- Looking for ignition-msgs5 -- found version 5.8.1
[1.650s] -- Gazebo version: 11.10
[1.650s] -- Checking for module 'tbb'
[1.664s] --   Found tbb, version 2021.5.0
[1.746s] -- Configuring done
[1.781s] -- Generating done
[1.783s] -- Build files have been written to: /home/ajay/Documents/ECn/Master2/Amoro/lab/ros2/build/labamoro_plugin
[1.793s] Invoked command in '/home/ajay/Documents/ECn/Master2/Amoro/lab/ros2/build/labamoro_plugin' returned '0': AMENT_PREFIX_PATH=/home/ajay/Documents/ECn/Master2/Amoro/lab/ros2/install/lab_amoro_interfaces:${AMENT_PREFIX_PATH} CMAKE_PREFIX_PATH=/home/ajay/Documents/ECn/Master2/Amoro/lab/ros2/install/lab_amoro_interfaces:/opt/ros/humble LD_LIBRARY_PATH=/home/ajay/Documents/ECn/Master2/Amoro/lab/ros2/install/lab_amoro_interfaces/lib:${LD_LIBRARY_PATH} PYTHONPATH=/home/ajay/Documents/ECn/Master2/Amoro/lab/ros2/install/lab_amoro_interfaces/local/lib/python3.10/dist-packages:${PYTHONPATH} /usr/bin/cmake /home/ajay/Documents/ECn/Master2/Amoro/lab/ros2/src/lab_amoro/labamoro_plugin -DCMAKE_INSTALL_PREFIX=/home/ajay/Documents/ECn/Master2/Amoro/lab/ros2/install/labamoro_plugin
[1.795s] Invoking command in '/home/ajay/Documents/ECn/Master2/Amoro/lab/ros2/build/labamoro_plugin': AMENT_PREFIX_PATH=/home/ajay/Documents/ECn/Master2/Amoro/lab/ros2/install/lab_amoro_interfaces:${AMENT_PREFIX_PATH} CMAKE_PREFIX_PATH=/home/ajay/Documents/ECn/Master2/Amoro/lab/ros2/install/lab_amoro_interfaces:/opt/ros/humble LD_LIBRARY_PATH=/home/ajay/Documents/ECn/Master2/Amoro/lab/ros2/install/lab_amoro_interfaces/lib:${LD_LIBRARY_PATH} PYTHONPATH=/home/ajay/Documents/ECn/Master2/Amoro/lab/ros2/install/lab_amoro_interfaces/local/lib/python3.10/dist-packages:${PYTHONPATH} /usr/bin/cmake --build /home/ajay/Documents/ECn/Master2/Amoro/lab/ros2/build/labamoro_plugin -- -j16 -l16
[1.840s] [ 50%] [32mBuilding CXX object CMakeFiles/gazebo_ros_cosimulation.dir/ros_cosimulation.cpp.o[0m
[15.837s] [100%] [32m[1mLinking CXX shared library libgazebo_ros_cosimulation.so[0m
[16.432s] [100%] Built target gazebo_ros_cosimulation
[16.444s] Invoked command in '/home/ajay/Documents/ECn/Master2/Amoro/lab/ros2/build/labamoro_plugin' returned '0': AMENT_PREFIX_PATH=/home/ajay/Documents/ECn/Master2/Amoro/lab/ros2/install/lab_amoro_interfaces:${AMENT_PREFIX_PATH} CMAKE_PREFIX_PATH=/home/ajay/Documents/ECn/Master2/Amoro/lab/ros2/install/lab_amoro_interfaces:/opt/ros/humble LD_LIBRARY_PATH=/home/ajay/Documents/ECn/Master2/Amoro/lab/ros2/install/lab_amoro_interfaces/lib:${LD_LIBRARY_PATH} PYTHONPATH=/home/ajay/Documents/ECn/Master2/Amoro/lab/ros2/install/lab_amoro_interfaces/local/lib/python3.10/dist-packages:${PYTHONPATH} /usr/bin/cmake --build /home/ajay/Documents/ECn/Master2/Amoro/lab/ros2/build/labamoro_plugin -- -j16 -l16
[16.471s] Invoking command in '/home/ajay/Documents/ECn/Master2/Amoro/lab/ros2/build/labamoro_plugin': AMENT_PREFIX_PATH=/home/ajay/Documents/ECn/Master2/Amoro/lab/ros2/install/lab_amoro_interfaces:${AMENT_PREFIX_PATH} CMAKE_PREFIX_PATH=/home/ajay/Documents/ECn/Master2/Amoro/lab/ros2/install/lab_amoro_interfaces:/opt/ros/humble LD_LIBRARY_PATH=/home/ajay/Documents/ECn/Master2/Amoro/lab/ros2/install/lab_amoro_interfaces/lib:${LD_LIBRARY_PATH} PYTHONPATH=/home/ajay/Documents/ECn/Master2/Amoro/lab/ros2/install/lab_amoro_interfaces/local/lib/python3.10/dist-packages:${PYTHONPATH} /usr/bin/cmake --install /home/ajay/Documents/ECn/Master2/Amoro/lab/ros2/build/labamoro_plugin
[16.478s] -- Install configuration: ""
[16.478s] -- Installing: /home/ajay/Documents/ECn/Master2/Amoro/lab/ros2/install/labamoro_plugin/lib/labamoro_plugin/libgazebo_ros_cosimulation.so
[16.489s] -- Set runtime path of "/home/ajay/Documents/ECn/Master2/Amoro/lab/ros2/install/labamoro_plugin/lib/labamoro_plugin/libgazebo_ros_cosimulation.so" to ""
[16.490s] -- Installing: /home/ajay/Documents/ECn/Master2/Amoro/lab/ros2/install/labamoro_plugin/share/ament_index/resource_index/package_run_dependencies/labamoro_plugin
[16.490s] -- Installing: /home/ajay/Documents/ECn/Master2/Amoro/lab/ros2/install/labamoro_plugin/share/ament_index/resource_index/parent_prefix_path/labamoro_plugin
[16.490s] -- Installing: /home/ajay/Documents/ECn/Master2/Amoro/lab/ros2/install/labamoro_plugin/share/labamoro_plugin/environment/ament_prefix_path.sh
[16.490s] -- Installing: /home/ajay/Documents/ECn/Master2/Amoro/lab/ros2/install/labamoro_plugin/share/labamoro_plugin/environment/ament_prefix_path.dsv
[16.490s] -- Installing: /home/ajay/Documents/ECn/Master2/Amoro/lab/ros2/install/labamoro_plugin/share/labamoro_plugin/environment/path.sh
[16.490s] -- Installing: /home/ajay/Documents/ECn/Master2/Amoro/lab/ros2/install/labamoro_plugin/share/labamoro_plugin/environment/path.dsv
[16.491s] -- Installing: /home/ajay/Documents/ECn/Master2/Amoro/lab/ros2/install/labamoro_plugin/share/labamoro_plugin/local_setup.bash
[16.491s] -- Installing: /home/ajay/Documents/ECn/Master2/Amoro/lab/ros2/install/labamoro_plugin/share/labamoro_plugin/local_setup.sh
[16.491s] -- Installing: /home/ajay/Documents/ECn/Master2/Amoro/lab/ros2/install/labamoro_plugin/share/labamoro_plugin/local_setup.zsh
[16.491s] -- Installing: /home/ajay/Documents/ECn/Master2/Amoro/lab/ros2/install/labamoro_plugin/share/labamoro_plugin/local_setup.dsv
[16.491s] -- Installing: /home/ajay/Documents/ECn/Master2/Amoro/lab/ros2/install/labamoro_plugin/share/labamoro_plugin/package.dsv
[16.491s] -- Installing: /home/ajay/Documents/ECn/Master2/Amoro/lab/ros2/install/labamoro_plugin/share/ament_index/resource_index/packages/labamoro_plugin
[16.491s] -- Installing: /home/ajay/Documents/ECn/Master2/Amoro/lab/ros2/install/labamoro_plugin/share/labamoro_plugin/cmake/labamoro_pluginConfig.cmake
[16.492s] -- Installing: /home/ajay/Documents/ECn/Master2/Amoro/lab/ros2/install/labamoro_plugin/share/labamoro_plugin/cmake/labamoro_pluginConfig-version.cmake
[16.492s] -- Installing: /home/ajay/Documents/ECn/Master2/Amoro/lab/ros2/install/labamoro_plugin/share/labamoro_plugin/package.xml
[16.495s] Invoked command in '/home/ajay/Documents/ECn/Master2/Amoro/lab/ros2/build/labamoro_plugin' returned '0': AMENT_PREFIX_PATH=/home/ajay/Documents/ECn/Master2/Amoro/lab/ros2/install/lab_amoro_interfaces:${AMENT_PREFIX_PATH} CMAKE_PREFIX_PATH=/home/ajay/Documents/ECn/Master2/Amoro/lab/ros2/install/lab_amoro_interfaces:/opt/ros/humble LD_LIBRARY_PATH=/home/ajay/Documents/ECn/Master2/Amoro/lab/ros2/install/lab_amoro_interfaces/lib:${LD_LIBRARY_PATH} PYTHONPATH=/home/ajay/Documents/ECn/Master2/Amoro/lab/ros2/install/lab_amoro_interfaces/local/lib/python3.10/dist-packages:${PYTHONPATH} /usr/bin/cmake --install /home/ajay/Documents/ECn/Master2/Amoro/lab/ros2/build/labamoro_plugin
