/home/ajay/Documents/ECn/Master2/Amoro/lab/ros2/install/lab_amoro/lib/python3.10/site-packages/lab_amoro/__init__.py
/home/ajay/Documents/ECn/Master2/Amoro/lab/ros2/install/lab_amoro/lib/python3.10/site-packages/lab_amoro/plot_tools.py
/home/ajay/Documents/ECn/Master2/Amoro/lab/ros2/install/lab_amoro/lib/python3.10/site-packages/lab_amoro/parallel_robot.py
/home/ajay/Documents/ECn/Master2/Amoro/lab/ros2/install/lab_amoro/lib/python3.10/site-packages/lab_amoro/__pycache__/__init__.cpython-310.pyc
/home/ajay/Documents/ECn/Master2/Amoro/lab/ros2/install/lab_amoro/lib/python3.10/site-packages/lab_amoro/__pycache__/plot_tools.cpython-310.pyc
/home/ajay/Documents/ECn/Master2/Amoro/lab/ros2/install/lab_amoro/lib/python3.10/site-packages/lab_amoro/__pycache__/parallel_robot.cpython-310.pyc
/home/ajay/Documents/ECn/Master2/Amoro/lab/ros2/install/lab_amoro/share/ament_index/resource_index/packages/lab_amoro
/home/ajay/Documents/ECn/Master2/Amoro/lab/ros2/install/lab_amoro/share/lab_amoro/package.xml
/home/ajay/Documents/ECn/Master2/Amoro/lab/ros2/install/lab_amoro/share/lab_amoro/gazebo.launch.py
/home/ajay/Documents/ECn/Master2/Amoro/lab/ros2/install/lab_amoro/share/lab_amoro/models
/home/ajay/Documents/ECn/Master2/Amoro/lab/ros2/install/lab_amoro/share/lab_amoro/models/five_bar/model.config
/home/ajay/Documents/ECn/Master2/Amoro/lab/ros2/install/lab_amoro/share/lab_amoro/models/five_bar/five_bar.sdf
/home/ajay/Documents/ECn/Master2/Amoro/lab/ros2/install/lab_amoro/share/lab_amoro/models/five_bar/meshes/Upper_Arm_1.stl
/home/ajay/Documents/ECn/Master2/Amoro/lab/ros2/install/lab_amoro/share/lab_amoro/models/five_bar/meshes/Z_Axis_Assembly.stl
/home/ajay/Documents/ECn/Master2/Amoro/lab/ros2/install/lab_amoro/share/lab_amoro/models/five_bar/meshes/Upper_Arm_2.stl
/home/ajay/Documents/ECn/Master2/Amoro/lab/ros2/install/lab_amoro/share/lab_amoro/models/five_bar/meshes/BASE_Assembly.stl
/home/ajay/Documents/ECn/Master2/Amoro/lab/ros2/install/lab_amoro/share/lab_amoro/models/five_bar/meshes/Lower_Arm.stl
/home/ajay/Documents/ECn/Master2/Amoro/lab/ros2/install/lab_amoro/share/lab_amoro/models/biglide/biglide.sdf
/home/ajay/Documents/ECn/Master2/Amoro/lab/ros2/install/lab_amoro/share/lab_amoro/models/biglide/model.config
/home/ajay/Documents/ECn/Master2/Amoro/lab/ros2/install/lab_amoro/lib/python3.10/site-packages/lab_amoro-0.0.0-py3.10.egg-info/requires.txt
/home/ajay/Documents/ECn/Master2/Amoro/lab/ros2/install/lab_amoro/lib/python3.10/site-packages/lab_amoro-0.0.0-py3.10.egg-info/entry_points.txt
/home/ajay/Documents/ECn/Master2/Amoro/lab/ros2/install/lab_amoro/lib/python3.10/site-packages/lab_amoro-0.0.0-py3.10.egg-info/top_level.txt
/home/ajay/Documents/ECn/Master2/Amoro/lab/ros2/install/lab_amoro/lib/python3.10/site-packages/lab_amoro-0.0.0-py3.10.egg-info/dependency_links.txt
/home/ajay/Documents/ECn/Master2/Amoro/lab/ros2/install/lab_amoro/lib/python3.10/site-packages/lab_amoro-0.0.0-py3.10.egg-info/PKG-INFO
/home/ajay/Documents/ECn/Master2/Amoro/lab/ros2/install/lab_amoro/lib/python3.10/site-packages/lab_amoro-0.0.0-py3.10.egg-info/SOURCES.txt
/home/ajay/Documents/ECn/Master2/Amoro/lab/ros2/install/lab_amoro/lib/python3.10/site-packages/lab_amoro-0.0.0-py3.10.egg-info/zip-safe
