-- The C compiler identification is GNU 11.4.0
-- The CXX compiler identification is GNU 11.4.0
-- Detecting C compiler ABI info
-- Detecting C compiler ABI info - done
-- Check for working C compiler: /usr/bin/cc - skipped
-- Detecting C compile features
-- Detecting C compile features - done
-- Detecting CXX compiler ABI info
-- Detecting CXX compiler ABI info - done
-- Check for working CXX compiler: /usr/bin/c++ - skipped
-- Detecting CXX compile features
-- Detecting CXX compile features - done
-- Found ament_cmake: 1.3.10 (/opt/ros/humble/share/ament_cmake/cmake)
-- Found Python3: /usr/bin/python3 (found version "3.10.12") found components: Interpreter 
-- Found ament_lint_auto: 0.12.11 (/opt/ros/humble/share/ament_lint_auto/cmake)
-- Found rosidl_default_generators: 1.2.0 (/opt/ros/humble/share/rosidl_default_generators/cmake)
-- Using all available rosidl_typesupport_c: rosidl_typesupport_fastrtps_c;rosidl_typesupport_introspection_c
-- Found rosidl_adapter: 3.1.5 (/opt/ros/humble/share/rosidl_adapter/cmake)
-- Using all available rosidl_typesupport_cpp: rosidl_typesupport_fastrtps_cpp;rosidl_typesupport_introspection_cpp
-- Found ament_cmake_ros: 0.10.0 (/opt/ros/humble/share/ament_cmake_ros/cmake)
-- Using all available rosidl_typesupport_c: rosidl_typesupport_fastrtps_c;rosidl_typesupport_introspection_c
-- Using all available rosidl_typesupport_cpp: rosidl_typesupport_fastrtps_cpp;rosidl_typesupport_introspection_cpp
-- Found PythonInterp: /usr/bin/python3 (found suitable version "3.10.12", minimum required is "3.6") 
-- Found python_cmake_module: 0.10.0 (/opt/ros/humble/share/python_cmake_module/cmake)
-- Found PythonLibs: /usr/lib/x86_64-linux-gnu/libpython3.10.so (found suitable version "3.10.12", minimum required is "3.5") 
-- Using PYTHON_EXECUTABLE: /usr/bin/python3
-- Using PYTHON_INCLUDE_DIRS: /usr/include/python3.10
-- Using PYTHON_LIBRARIES: /usr/lib/x86_64-linux-gnu/libpython3.10.so
-- Found PythonExtra: .so  
-- Added test 'copyright' to check source files copyright and LICENSE
-- Added test 'lint_cmake' to check CMake code style
-- Added test 'xmllint' to check XML markup files
-- Configuring done
-- Generating done
-- Build files have been written to: /home/ajay/Documents/ECn/Master2/Amoro/lab/ros2/build/lab_amoro_interfaces
[  2%] [34m[1mGenerating C code for ROS interfaces[0m
[  4%] [34m[1mGenerating C++ code for ROS interfaces[0m
[  4%] Built target ament_cmake_python_copy_lab_amoro_interfaces
running egg_info
creating lab_amoro_interfaces.egg-info
writing lab_amoro_interfaces.egg-info/PKG-INFO
writing dependency_links to lab_amoro_interfaces.egg-info/dependency_links.txt
writing top-level names to lab_amoro_interfaces.egg-info/top_level.txt
writing manifest file 'lab_amoro_interfaces.egg-info/SOURCES.txt'
reading manifest file 'lab_amoro_interfaces.egg-info/SOURCES.txt'
writing manifest file 'lab_amoro_interfaces.egg-info/SOURCES.txt'
[  4%] Built target ament_cmake_python_build_lab_amoro_interfaces_egg
[  4%] Built target lab_amoro_interfaces__cpp
[ 10%] [32mBuilding C object CMakeFiles/lab_amoro_interfaces__rosidl_generator_c.dir/rosidl_generator_c/lab_amoro_interfaces/msg/detail/robot_states__functions.c.o[0m
[ 10%] [34m[1mGenerating C++ type support for eProsima Fast-RTPS[0m
[ 10%] [32mBuilding C object CMakeFiles/lab_amoro_interfaces__rosidl_generator_c.dir/rosidl_generator_c/lab_amoro_interfaces/msg/detail/states__functions.c.o[0m
[ 17%] [32mBuilding C object CMakeFiles/lab_amoro_interfaces__rosidl_generator_c.dir/rosidl_generator_c/lab_amoro_interfaces/msg/detail/joint_efforts__functions.c.o[0m
[ 17%] [34m[1mGenerating C++ type support dispatch for ROS interfaces[0m
[ 17%] [34m[1mGenerating C++ introspection for ROS interfaces[0m
[ 19%] [32m[1mLinking C shared library liblab_amoro_interfaces__rosidl_generator_c.so[0m
[ 19%] Built target lab_amoro_interfaces__rosidl_generator_c
[ 23%] [34m[1mGenerating C type support dispatch for ROS interfaces[0m
[ 23%] [34m[1mGenerating C type support for eProsima Fast-RTPS[0m
[ 25%] [34m[1mGenerating C introspection for ROS interfaces[0m
[ 29%] [32mBuilding CXX object CMakeFiles/lab_amoro_interfaces__rosidl_typesupport_cpp.dir/rosidl_typesupport_cpp/lab_amoro_interfaces/msg/states__type_support.cpp.o[0m
[ 29%] [32mBuilding CXX object CMakeFiles/lab_amoro_interfaces__rosidl_typesupport_cpp.dir/rosidl_typesupport_cpp/lab_amoro_interfaces/msg/joint_efforts__type_support.cpp.o[0m
[ 31%] [32mBuilding CXX object CMakeFiles/lab_amoro_interfaces__rosidl_typesupport_cpp.dir/rosidl_typesupport_cpp/lab_amoro_interfaces/msg/robot_states__type_support.cpp.o[0m
[ 36%] [32mBuilding CXX object CMakeFiles/lab_amoro_interfaces__rosidl_typesupport_introspection_cpp.dir/rosidl_typesupport_introspection_cpp/lab_amoro_interfaces/msg/detail/states__type_support.cpp.o[0m
[ 36%] [32mBuilding CXX object CMakeFiles/lab_amoro_interfaces__rosidl_typesupport_introspection_cpp.dir/rosidl_typesupport_introspection_cpp/lab_amoro_interfaces/msg/detail/robot_states__type_support.cpp.o[0m
[ 38%] [32mBuilding CXX object CMakeFiles/lab_amoro_interfaces__rosidl_typesupport_introspection_cpp.dir/rosidl_typesupport_introspection_cpp/lab_amoro_interfaces/msg/detail/joint_efforts__type_support.cpp.o[0m
[ 42%] [32mBuilding CXX object CMakeFiles/lab_amoro_interfaces__rosidl_typesupport_fastrtps_cpp.dir/rosidl_typesupport_fastrtps_cpp/lab_amoro_interfaces/msg/detail/dds_fastrtps/states__type_support.cpp.o[0m
[ 42%] [32mBuilding CXX object CMakeFiles/lab_amoro_interfaces__rosidl_typesupport_fastrtps_cpp.dir/rosidl_typesupport_fastrtps_cpp/lab_amoro_interfaces/msg/detail/dds_fastrtps/joint_efforts__type_support.cpp.o[0m
[ 44%] [32mBuilding CXX object CMakeFiles/lab_amoro_interfaces__rosidl_typesupport_fastrtps_cpp.dir/rosidl_typesupport_fastrtps_cpp/lab_amoro_interfaces/msg/detail/dds_fastrtps/robot_states__type_support.cpp.o[0m
[ 53%] [32mBuilding CXX object CMakeFiles/lab_amoro_interfaces__rosidl_typesupport_fastrtps_c.dir/rosidl_typesupport_fastrtps_c/lab_amoro_interfaces/msg/detail/states__type_support_c.cpp.o[0m
[ 53%] [32mBuilding CXX object CMakeFiles/lab_amoro_interfaces__rosidl_typesupport_fastrtps_c.dir/rosidl_typesupport_fastrtps_c/lab_amoro_interfaces/msg/detail/robot_states__type_support_c.cpp.o[0m
[ 53%] [32mBuilding CXX object CMakeFiles/lab_amoro_interfaces__rosidl_typesupport_c.dir/rosidl_typesupport_c/lab_amoro_interfaces/msg/joint_efforts__type_support.cpp.o[0m
[ 51%] [32mBuilding CXX object CMakeFiles/lab_amoro_interfaces__rosidl_typesupport_fastrtps_c.dir/rosidl_typesupport_fastrtps_c/lab_amoro_interfaces/msg/detail/joint_efforts__type_support_c.cpp.o[0m
[ 57%] [32mBuilding CXX object CMakeFiles/lab_amoro_interfaces__rosidl_typesupport_c.dir/rosidl_typesupport_c/lab_amoro_interfaces/msg/robot_states__type_support.cpp.o[0m
[ 57%] [32mBuilding CXX object CMakeFiles/lab_amoro_interfaces__rosidl_typesupport_c.dir/rosidl_typesupport_c/lab_amoro_interfaces/msg/states__type_support.cpp.o[0m
[ 59%] [32m[1mLinking CXX shared library liblab_amoro_interfaces__rosidl_typesupport_c.so[0m
[ 61%] [32mBuilding C object CMakeFiles/lab_amoro_interfaces__rosidl_typesupport_introspection_c.dir/rosidl_typesupport_introspection_c/lab_amoro_interfaces/msg/detail/joint_efforts__type_support.c.o[0m
[ 63%] [32mBuilding C object CMakeFiles/lab_amoro_interfaces__rosidl_typesupport_introspection_c.dir/rosidl_typesupport_introspection_c/lab_amoro_interfaces/msg/detail/states__type_support.c.o[0m
[ 65%] [32mBuilding C object CMakeFiles/lab_amoro_interfaces__rosidl_typesupport_introspection_c.dir/rosidl_typesupport_introspection_c/lab_amoro_interfaces/msg/detail/robot_states__type_support.c.o[0m
[ 65%] Built target lab_amoro_interfaces__rosidl_typesupport_c
[ 68%] [32m[1mLinking C shared library liblab_amoro_interfaces__rosidl_typesupport_introspection_c.so[0m
[ 68%] Built target lab_amoro_interfaces__rosidl_typesupport_introspection_c
[ 70%] [32m[1mLinking CXX shared library liblab_amoro_interfaces__rosidl_typesupport_cpp.so[0m
[ 70%] Built target lab_amoro_interfaces__rosidl_typesupport_cpp
[ 72%] [32m[1mLinking CXX shared library liblab_amoro_interfaces__rosidl_typesupport_introspection_cpp.so[0m
[ 74%] [32m[1mLinking CXX shared library liblab_amoro_interfaces__rosidl_typesupport_fastrtps_c.so[0m
[ 76%] [32m[1mLinking CXX shared library liblab_amoro_interfaces__rosidl_typesupport_fastrtps_cpp.so[0m
[ 76%] Built target lab_amoro_interfaces__rosidl_typesupport_introspection_cpp
[ 76%] Built target lab_amoro_interfaces__rosidl_typesupport_fastrtps_c
[ 76%] Built target lab_amoro_interfaces__rosidl_typesupport_fastrtps_cpp
[ 76%] Built target lab_amoro_interfaces
[ 78%] [34m[1mGenerating Python code for ROS interfaces[0m
[ 78%] Built target lab_amoro_interfaces__py
[ 85%] [32mBuilding C object CMakeFiles/lab_amoro_interfaces__rosidl_generator_py.dir/rosidl_generator_py/lab_amoro_interfaces/msg/_robot_states_s.c.o[0m
[ 85%] [32mBuilding C object CMakeFiles/lab_amoro_interfaces__rosidl_generator_py.dir/rosidl_generator_py/lab_amoro_interfaces/msg/_joint_efforts_s.c.o[0m
[ 85%] [32mBuilding C object CMakeFiles/lab_amoro_interfaces__rosidl_generator_py.dir/rosidl_generator_py/lab_amoro_interfaces/msg/_states_s.c.o[0m
[ 87%] [32m[1mLinking C shared library rosidl_generator_py/lab_amoro_interfaces/liblab_amoro_interfaces__rosidl_generator_py.so[0m
[ 87%] Built target lab_amoro_interfaces__rosidl_generator_py
[ 93%] [32mBuilding C object CMakeFiles/lab_amoro_interfaces__rosidl_typesupport_fastrtps_c__pyext.dir/rosidl_generator_py/lab_amoro_interfaces/_lab_amoro_interfaces_s.ep.rosidl_typesupport_fastrtps_c.c.o[0m
[ 93%] [32mBuilding C object CMakeFiles/lab_amoro_interfaces__rosidl_typesupport_c__pyext.dir/rosidl_generator_py/lab_amoro_interfaces/_lab_amoro_interfaces_s.ep.rosidl_typesupport_c.c.o[0m
[ 93%] [32mBuilding C object CMakeFiles/lab_amoro_interfaces__rosidl_typesupport_introspection_c__pyext.dir/rosidl_generator_py/lab_amoro_interfaces/_lab_amoro_interfaces_s.ep.rosidl_typesupport_introspection_c.c.o[0m
[ 95%] [32m[1mLinking C shared library rosidl_generator_py/lab_amoro_interfaces/lab_amoro_interfaces_s__rosidl_typesupport_c.cpython-310-x86_64-linux-gnu.so[0m
[ 97%] [32m[1mLinking C shared library rosidl_generator_py/lab_amoro_interfaces/lab_amoro_interfaces_s__rosidl_typesupport_fastrtps_c.cpython-310-x86_64-linux-gnu.so[0m
[100%] [32m[1mLinking C shared library rosidl_generator_py/lab_amoro_interfaces/lab_amoro_interfaces_s__rosidl_typesupport_introspection_c.cpython-310-x86_64-linux-gnu.so[0m
[100%] Built target lab_amoro_interfaces__rosidl_typesupport_c__pyext
[100%] Built target lab_amoro_interfaces__rosidl_typesupport_fastrtps_c__pyext
[100%] Built target lab_amoro_interfaces__rosidl_typesupport_introspection_c__pyext
-- Install configuration: ""
-- Installing: /home/ajay/Documents/ECn/Master2/Amoro/lab/ros2/install/lab_amoro_interfaces/share/ament_index/resource_index/rosidl_interfaces/lab_amoro_interfaces
-- Installing: /home/ajay/Documents/ECn/Master2/Amoro/lab/ros2/install/lab_amoro_interfaces/include/lab_amoro_interfaces/lab_amoro_interfaces
-- Installing: /home/ajay/Documents/ECn/Master2/Amoro/lab/ros2/install/lab_amoro_interfaces/include/lab_amoro_interfaces/lab_amoro_interfaces/msg
-- Installing: /home/ajay/Documents/ECn/Master2/Amoro/lab/ros2/install/lab_amoro_interfaces/include/lab_amoro_interfaces/lab_amoro_interfaces/msg/states.h
-- Installing: /home/ajay/Documents/ECn/Master2/Amoro/lab/ros2/install/lab_amoro_interfaces/include/lab_amoro_interfaces/lab_amoro_interfaces/msg/robot_states.h
-- Installing: /home/ajay/Documents/ECn/Master2/Amoro/lab/ros2/install/lab_amoro_interfaces/include/lab_amoro_interfaces/lab_amoro_interfaces/msg/joint_efforts.h
-- Installing: /home/ajay/Documents/ECn/Master2/Amoro/lab/ros2/install/lab_amoro_interfaces/include/lab_amoro_interfaces/lab_amoro_interfaces/msg/rosidl_generator_c__visibility_control.h
-- Installing: /home/ajay/Documents/ECn/Master2/Amoro/lab/ros2/install/lab_amoro_interfaces/include/lab_amoro_interfaces/lab_amoro_interfaces/msg/detail
-- Installing: /home/ajay/Documents/ECn/Master2/Amoro/lab/ros2/install/lab_amoro_interfaces/include/lab_amoro_interfaces/lab_amoro_interfaces/msg/detail/states__type_support.h
-- Installing: /home/ajay/Documents/ECn/Master2/Amoro/lab/ros2/install/lab_amoro_interfaces/include/lab_amoro_interfaces/lab_amoro_interfaces/msg/detail/robot_states__functions.c
-- Installing: /home/ajay/Documents/ECn/Master2/Amoro/lab/ros2/install/lab_amoro_interfaces/include/lab_amoro_interfaces/lab_amoro_interfaces/msg/detail/joint_efforts__functions.c
-- Installing: /home/ajay/Documents/ECn/Master2/Amoro/lab/ros2/install/lab_amoro_interfaces/include/lab_amoro_interfaces/lab_amoro_interfaces/msg/detail/states__functions.c
-- Installing: /home/ajay/Documents/ECn/Master2/Amoro/lab/ros2/install/lab_amoro_interfaces/include/lab_amoro_interfaces/lab_amoro_interfaces/msg/detail/robot_states__struct.h
-- Installing: /home/ajay/Documents/ECn/Master2/Amoro/lab/ros2/install/lab_amoro_interfaces/include/lab_amoro_interfaces/lab_amoro_interfaces/msg/detail/states__struct.h
-- Installing: /home/ajay/Documents/ECn/Master2/Amoro/lab/ros2/install/lab_amoro_interfaces/include/lab_amoro_interfaces/lab_amoro_interfaces/msg/detail/robot_states__type_support.h
-- Installing: /home/ajay/Documents/ECn/Master2/Amoro/lab/ros2/install/lab_amoro_interfaces/include/lab_amoro_interfaces/lab_amoro_interfaces/msg/detail/joint_efforts__struct.h
-- Installing: /home/ajay/Documents/ECn/Master2/Amoro/lab/ros2/install/lab_amoro_interfaces/include/lab_amoro_interfaces/lab_amoro_interfaces/msg/detail/robot_states__functions.h
-- Installing: /home/ajay/Documents/ECn/Master2/Amoro/lab/ros2/install/lab_amoro_interfaces/include/lab_amoro_interfaces/lab_amoro_interfaces/msg/detail/states__functions.h
-- Installing: /home/ajay/Documents/ECn/Master2/Amoro/lab/ros2/install/lab_amoro_interfaces/include/lab_amoro_interfaces/lab_amoro_interfaces/msg/detail/joint_efforts__type_support.h
-- Installing: /home/ajay/Documents/ECn/Master2/Amoro/lab/ros2/install/lab_amoro_interfaces/include/lab_amoro_interfaces/lab_amoro_interfaces/msg/detail/joint_efforts__functions.h
-- Installing: /home/ajay/Documents/ECn/Master2/Amoro/lab/ros2/install/lab_amoro_interfaces/share/lab_amoro_interfaces/environment/library_path.sh
-- Installing: /home/ajay/Documents/ECn/Master2/Amoro/lab/ros2/install/lab_amoro_interfaces/share/lab_amoro_interfaces/environment/library_path.dsv
-- Installing: /home/ajay/Documents/ECn/Master2/Amoro/lab/ros2/install/lab_amoro_interfaces/lib/liblab_amoro_interfaces__rosidl_generator_c.so
-- Set runtime path of "/home/ajay/Documents/ECn/Master2/Amoro/lab/ros2/install/lab_amoro_interfaces/lib/liblab_amoro_interfaces__rosidl_generator_c.so" to ""
-- Up-to-date: /home/ajay/Documents/ECn/Master2/Amoro/lab/ros2/install/lab_amoro_interfaces/include/lab_amoro_interfaces/lab_amoro_interfaces
-- Up-to-date: /home/ajay/Documents/ECn/Master2/Amoro/lab/ros2/install/lab_amoro_interfaces/include/lab_amoro_interfaces/lab_amoro_interfaces/msg
-- Installing: /home/ajay/Documents/ECn/Master2/Amoro/lab/ros2/install/lab_amoro_interfaces/include/lab_amoro_interfaces/lab_amoro_interfaces/msg/rosidl_typesupport_fastrtps_c__visibility_control.h
-- Up-to-date: /home/ajay/Documents/ECn/Master2/Amoro/lab/ros2/install/lab_amoro_interfaces/include/lab_amoro_interfaces/lab_amoro_interfaces/msg/detail
-- Installing: /home/ajay/Documents/ECn/Master2/Amoro/lab/ros2/install/lab_amoro_interfaces/include/lab_amoro_interfaces/lab_amoro_interfaces/msg/detail/robot_states__rosidl_typesupport_fastrtps_c.h
-- Installing: /home/ajay/Documents/ECn/Master2/Amoro/lab/ros2/install/lab_amoro_interfaces/include/lab_amoro_interfaces/lab_amoro_interfaces/msg/detail/joint_efforts__rosidl_typesupport_fastrtps_c.h
-- Installing: /home/ajay/Documents/ECn/Master2/Amoro/lab/ros2/install/lab_amoro_interfaces/include/lab_amoro_interfaces/lab_amoro_interfaces/msg/detail/states__rosidl_typesupport_fastrtps_c.h
-- Installing: /home/ajay/Documents/ECn/Master2/Amoro/lab/ros2/install/lab_amoro_interfaces/lib/liblab_amoro_interfaces__rosidl_typesupport_fastrtps_c.so
-- Set runtime path of "/home/ajay/Documents/ECn/Master2/Amoro/lab/ros2/install/lab_amoro_interfaces/lib/liblab_amoro_interfaces__rosidl_typesupport_fastrtps_c.so" to ""
-- Up-to-date: /home/ajay/Documents/ECn/Master2/Amoro/lab/ros2/install/lab_amoro_interfaces/include/lab_amoro_interfaces/lab_amoro_interfaces
-- Up-to-date: /home/ajay/Documents/ECn/Master2/Amoro/lab/ros2/install/lab_amoro_interfaces/include/lab_amoro_interfaces/lab_amoro_interfaces/msg
-- Installing: /home/ajay/Documents/ECn/Master2/Amoro/lab/ros2/install/lab_amoro_interfaces/include/lab_amoro_interfaces/lab_amoro_interfaces/msg/rosidl_typesupport_introspection_c__visibility_control.h
-- Up-to-date: /home/ajay/Documents/ECn/Master2/Amoro/lab/ros2/install/lab_amoro_interfaces/include/lab_amoro_interfaces/lab_amoro_interfaces/msg/detail
-- Installing: /home/ajay/Documents/ECn/Master2/Amoro/lab/ros2/install/lab_amoro_interfaces/include/lab_amoro_interfaces/lab_amoro_interfaces/msg/detail/states__type_support.c
-- Installing: /home/ajay/Documents/ECn/Master2/Amoro/lab/ros2/install/lab_amoro_interfaces/include/lab_amoro_interfaces/lab_amoro_interfaces/msg/detail/joint_efforts__rosidl_typesupport_introspection_c.h
-- Installing: /home/ajay/Documents/ECn/Master2/Amoro/lab/ros2/install/lab_amoro_interfaces/include/lab_amoro_interfaces/lab_amoro_interfaces/msg/detail/robot_states__rosidl_typesupport_introspection_c.h
-- Installing: /home/ajay/Documents/ECn/Master2/Amoro/lab/ros2/install/lab_amoro_interfaces/include/lab_amoro_interfaces/lab_amoro_interfaces/msg/detail/states__rosidl_typesupport_introspection_c.h
-- Installing: /home/ajay/Documents/ECn/Master2/Amoro/lab/ros2/install/lab_amoro_interfaces/include/lab_amoro_interfaces/lab_amoro_interfaces/msg/detail/joint_efforts__type_support.c
-- Installing: /home/ajay/Documents/ECn/Master2/Amoro/lab/ros2/install/lab_amoro_interfaces/include/lab_amoro_interfaces/lab_amoro_interfaces/msg/detail/robot_states__type_support.c
-- Installing: /home/ajay/Documents/ECn/Master2/Amoro/lab/ros2/install/lab_amoro_interfaces/lib/liblab_amoro_interfaces__rosidl_typesupport_introspection_c.so
-- Set runtime path of "/home/ajay/Documents/ECn/Master2/Amoro/lab/ros2/install/lab_amoro_interfaces/lib/liblab_amoro_interfaces__rosidl_typesupport_introspection_c.so" to ""
-- Installing: /home/ajay/Documents/ECn/Master2/Amoro/lab/ros2/install/lab_amoro_interfaces/lib/liblab_amoro_interfaces__rosidl_typesupport_c.so
-- Set runtime path of "/home/ajay/Documents/ECn/Master2/Amoro/lab/ros2/install/lab_amoro_interfaces/lib/liblab_amoro_interfaces__rosidl_typesupport_c.so" to ""
-- Up-to-date: /home/ajay/Documents/ECn/Master2/Amoro/lab/ros2/install/lab_amoro_interfaces/include/lab_amoro_interfaces/lab_amoro_interfaces
-- Up-to-date: /home/ajay/Documents/ECn/Master2/Amoro/lab/ros2/install/lab_amoro_interfaces/include/lab_amoro_interfaces/lab_amoro_interfaces/msg
-- Installing: /home/ajay/Documents/ECn/Master2/Amoro/lab/ros2/install/lab_amoro_interfaces/include/lab_amoro_interfaces/lab_amoro_interfaces/msg/joint_efforts.hpp
-- Installing: /home/ajay/Documents/ECn/Master2/Amoro/lab/ros2/install/lab_amoro_interfaces/include/lab_amoro_interfaces/lab_amoro_interfaces/msg/robot_states.hpp
-- Installing: /home/ajay/Documents/ECn/Master2/Amoro/lab/ros2/install/lab_amoro_interfaces/include/lab_amoro_interfaces/lab_amoro_interfaces/msg/states.hpp
-- Up-to-date: /home/ajay/Documents/ECn/Master2/Amoro/lab/ros2/install/lab_amoro_interfaces/include/lab_amoro_interfaces/lab_amoro_interfaces/msg/detail
-- Installing: /home/ajay/Documents/ECn/Master2/Amoro/lab/ros2/install/lab_amoro_interfaces/include/lab_amoro_interfaces/lab_amoro_interfaces/msg/detail/joint_efforts__builder.hpp
-- Installing: /home/ajay/Documents/ECn/Master2/Amoro/lab/ros2/install/lab_amoro_interfaces/include/lab_amoro_interfaces/lab_amoro_interfaces/msg/detail/joint_efforts__struct.hpp
-- Installing: /home/ajay/Documents/ECn/Master2/Amoro/lab/ros2/install/lab_amoro_interfaces/include/lab_amoro_interfaces/lab_amoro_interfaces/msg/detail/states__struct.hpp
-- Installing: /home/ajay/Documents/ECn/Master2/Amoro/lab/ros2/install/lab_amoro_interfaces/include/lab_amoro_interfaces/lab_amoro_interfaces/msg/detail/joint_efforts__traits.hpp
-- Installing: /home/ajay/Documents/ECn/Master2/Amoro/lab/ros2/install/lab_amoro_interfaces/include/lab_amoro_interfaces/lab_amoro_interfaces/msg/detail/states__traits.hpp
-- Installing: /home/ajay/Documents/ECn/Master2/Amoro/lab/ros2/install/lab_amoro_interfaces/include/lab_amoro_interfaces/lab_amoro_interfaces/msg/detail/robot_states__struct.hpp
-- Installing: /home/ajay/Documents/ECn/Master2/Amoro/lab/ros2/install/lab_amoro_interfaces/include/lab_amoro_interfaces/lab_amoro_interfaces/msg/detail/robot_states__traits.hpp
-- Installing: /home/ajay/Documents/ECn/Master2/Amoro/lab/ros2/install/lab_amoro_interfaces/include/lab_amoro_interfaces/lab_amoro_interfaces/msg/detail/robot_states__builder.hpp
-- Installing: /home/ajay/Documents/ECn/Master2/Amoro/lab/ros2/install/lab_amoro_interfaces/include/lab_amoro_interfaces/lab_amoro_interfaces/msg/detail/states__builder.hpp
-- Up-to-date: /home/ajay/Documents/ECn/Master2/Amoro/lab/ros2/install/lab_amoro_interfaces/include/lab_amoro_interfaces/lab_amoro_interfaces
-- Up-to-date: /home/ajay/Documents/ECn/Master2/Amoro/lab/ros2/install/lab_amoro_interfaces/include/lab_amoro_interfaces/lab_amoro_interfaces/msg
-- Installing: /home/ajay/Documents/ECn/Master2/Amoro/lab/ros2/install/lab_amoro_interfaces/include/lab_amoro_interfaces/lab_amoro_interfaces/msg/rosidl_typesupport_fastrtps_cpp__visibility_control.h
-- Up-to-date: /home/ajay/Documents/ECn/Master2/Amoro/lab/ros2/install/lab_amoro_interfaces/include/lab_amoro_interfaces/lab_amoro_interfaces/msg/detail
-- Installing: /home/ajay/Documents/ECn/Master2/Amoro/lab/ros2/install/lab_amoro_interfaces/include/lab_amoro_interfaces/lab_amoro_interfaces/msg/detail/states__rosidl_typesupport_fastrtps_cpp.hpp
-- Installing: /home/ajay/Documents/ECn/Master2/Amoro/lab/ros2/install/lab_amoro_interfaces/include/lab_amoro_interfaces/lab_amoro_interfaces/msg/detail/dds_fastrtps
-- Installing: /home/ajay/Documents/ECn/Master2/Amoro/lab/ros2/install/lab_amoro_interfaces/include/lab_amoro_interfaces/lab_amoro_interfaces/msg/detail/robot_states__rosidl_typesupport_fastrtps_cpp.hpp
-- Installing: /home/ajay/Documents/ECn/Master2/Amoro/lab/ros2/install/lab_amoro_interfaces/include/lab_amoro_interfaces/lab_amoro_interfaces/msg/detail/joint_efforts__rosidl_typesupport_fastrtps_cpp.hpp
-- Installing: /home/ajay/Documents/ECn/Master2/Amoro/lab/ros2/install/lab_amoro_interfaces/lib/liblab_amoro_interfaces__rosidl_typesupport_fastrtps_cpp.so
-- Set runtime path of "/home/ajay/Documents/ECn/Master2/Amoro/lab/ros2/install/lab_amoro_interfaces/lib/liblab_amoro_interfaces__rosidl_typesupport_fastrtps_cpp.so" to ""
-- Up-to-date: /home/ajay/Documents/ECn/Master2/Amoro/lab/ros2/install/lab_amoro_interfaces/include/lab_amoro_interfaces/lab_amoro_interfaces
-- Up-to-date: /home/ajay/Documents/ECn/Master2/Amoro/lab/ros2/install/lab_amoro_interfaces/include/lab_amoro_interfaces/lab_amoro_interfaces/msg
-- Up-to-date: /home/ajay/Documents/ECn/Master2/Amoro/lab/ros2/install/lab_amoro_interfaces/include/lab_amoro_interfaces/lab_amoro_interfaces/msg/detail
-- Installing: /home/ajay/Documents/ECn/Master2/Amoro/lab/ros2/install/lab_amoro_interfaces/include/lab_amoro_interfaces/lab_amoro_interfaces/msg/detail/states__rosidl_typesupport_introspection_cpp.hpp
-- Installing: /home/ajay/Documents/ECn/Master2/Amoro/lab/ros2/install/lab_amoro_interfaces/include/lab_amoro_interfaces/lab_amoro_interfaces/msg/detail/joint_efforts__type_support.cpp
-- Installing: /home/ajay/Documents/ECn/Master2/Amoro/lab/ros2/install/lab_amoro_interfaces/include/lab_amoro_interfaces/lab_amoro_interfaces/msg/detail/states__type_support.cpp
-- Installing: /home/ajay/Documents/ECn/Master2/Amoro/lab/ros2/install/lab_amoro_interfaces/include/lab_amoro_interfaces/lab_amoro_interfaces/msg/detail/robot_states__rosidl_typesupport_introspection_cpp.hpp
-- Installing: /home/ajay/Documents/ECn/Master2/Amoro/lab/ros2/install/lab_amoro_interfaces/include/lab_amoro_interfaces/lab_amoro_interfaces/msg/detail/joint_efforts__rosidl_typesupport_introspection_cpp.hpp
-- Installing: /home/ajay/Documents/ECn/Master2/Amoro/lab/ros2/install/lab_amoro_interfaces/include/lab_amoro_interfaces/lab_amoro_interfaces/msg/detail/robot_states__type_support.cpp
-- Installing: /home/ajay/Documents/ECn/Master2/Amoro/lab/ros2/install/lab_amoro_interfaces/lib/liblab_amoro_interfaces__rosidl_typesupport_introspection_cpp.so
-- Set runtime path of "/home/ajay/Documents/ECn/Master2/Amoro/lab/ros2/install/lab_amoro_interfaces/lib/liblab_amoro_interfaces__rosidl_typesupport_introspection_cpp.so" to ""
-- Installing: /home/ajay/Documents/ECn/Master2/Amoro/lab/ros2/install/lab_amoro_interfaces/lib/liblab_amoro_interfaces__rosidl_typesupport_cpp.so
-- Set runtime path of "/home/ajay/Documents/ECn/Master2/Amoro/lab/ros2/install/lab_amoro_interfaces/lib/liblab_amoro_interfaces__rosidl_typesupport_cpp.so" to ""
-- Installing: /home/ajay/Documents/ECn/Master2/Amoro/lab/ros2/install/lab_amoro_interfaces/share/lab_amoro_interfaces/environment/pythonpath.sh
-- Installing: /home/ajay/Documents/ECn/Master2/Amoro/lab/ros2/install/lab_amoro_interfaces/share/lab_amoro_interfaces/environment/pythonpath.dsv
-- Installing: /home/ajay/Documents/ECn/Master2/Amoro/lab/ros2/install/lab_amoro_interfaces/local/lib/python3.10/dist-packages/lab_amoro_interfaces-0.0.0-py3.10.egg-info
-- Installing: /home/ajay/Documents/ECn/Master2/Amoro/lab/ros2/install/lab_amoro_interfaces/local/lib/python3.10/dist-packages/lab_amoro_interfaces-0.0.0-py3.10.egg-info/top_level.txt
-- Installing: /home/ajay/Documents/ECn/Master2/Amoro/lab/ros2/install/lab_amoro_interfaces/local/lib/python3.10/dist-packages/lab_amoro_interfaces-0.0.0-py3.10.egg-info/dependency_links.txt
-- Installing: /home/ajay/Documents/ECn/Master2/Amoro/lab/ros2/install/lab_amoro_interfaces/local/lib/python3.10/dist-packages/lab_amoro_interfaces-0.0.0-py3.10.egg-info/PKG-INFO
-- Installing: /home/ajay/Documents/ECn/Master2/Amoro/lab/ros2/install/lab_amoro_interfaces/local/lib/python3.10/dist-packages/lab_amoro_interfaces-0.0.0-py3.10.egg-info/SOURCES.txt
-- Installing: /home/ajay/Documents/ECn/Master2/Amoro/lab/ros2/install/lab_amoro_interfaces/local/lib/python3.10/dist-packages/lab_amoro_interfaces
-- Installing: /home/ajay/Documents/ECn/Master2/Amoro/lab/ros2/install/lab_amoro_interfaces/local/lib/python3.10/dist-packages/lab_amoro_interfaces/_lab_amoro_interfaces_s.ep.rosidl_typesupport_introspection_c.c
-- Installing: /home/ajay/Documents/ECn/Master2/Amoro/lab/ros2/install/lab_amoro_interfaces/local/lib/python3.10/dist-packages/lab_amoro_interfaces/lab_amoro_interfaces_s__rosidl_typesupport_fastrtps_c.cpython-310-x86_64-linux-gnu.so
-- Installing: /home/ajay/Documents/ECn/Master2/Amoro/lab/ros2/install/lab_amoro_interfaces/local/lib/python3.10/dist-packages/lab_amoro_interfaces/_lab_amoro_interfaces_s.ep.rosidl_typesupport_c.c
-- Installing: /home/ajay/Documents/ECn/Master2/Amoro/lab/ros2/install/lab_amoro_interfaces/local/lib/python3.10/dist-packages/lab_amoro_interfaces/liblab_amoro_interfaces__rosidl_generator_py.so
-- Installing: /home/ajay/Documents/ECn/Master2/Amoro/lab/ros2/install/lab_amoro_interfaces/local/lib/python3.10/dist-packages/lab_amoro_interfaces/__init__.py
-- Installing: /home/ajay/Documents/ECn/Master2/Amoro/lab/ros2/install/lab_amoro_interfaces/local/lib/python3.10/dist-packages/lab_amoro_interfaces/msg
-- Installing: /home/ajay/Documents/ECn/Master2/Amoro/lab/ros2/install/lab_amoro_interfaces/local/lib/python3.10/dist-packages/lab_amoro_interfaces/msg/_robot_states.py
-- Installing: /home/ajay/Documents/ECn/Master2/Amoro/lab/ros2/install/lab_amoro_interfaces/local/lib/python3.10/dist-packages/lab_amoro_interfaces/msg/_robot_states_s.c
-- Installing: /home/ajay/Documents/ECn/Master2/Amoro/lab/ros2/install/lab_amoro_interfaces/local/lib/python3.10/dist-packages/lab_amoro_interfaces/msg/_states.py
-- Installing: /home/ajay/Documents/ECn/Master2/Amoro/lab/ros2/install/lab_amoro_interfaces/local/lib/python3.10/dist-packages/lab_amoro_interfaces/msg/_joint_efforts.py
-- Installing: /home/ajay/Documents/ECn/Master2/Amoro/lab/ros2/install/lab_amoro_interfaces/local/lib/python3.10/dist-packages/lab_amoro_interfaces/msg/__init__.py
-- Installing: /home/ajay/Documents/ECn/Master2/Amoro/lab/ros2/install/lab_amoro_interfaces/local/lib/python3.10/dist-packages/lab_amoro_interfaces/msg/_states_s.c
-- Installing: /home/ajay/Documents/ECn/Master2/Amoro/lab/ros2/install/lab_amoro_interfaces/local/lib/python3.10/dist-packages/lab_amoro_interfaces/msg/_joint_efforts_s.c
-- Installing: /home/ajay/Documents/ECn/Master2/Amoro/lab/ros2/install/lab_amoro_interfaces/local/lib/python3.10/dist-packages/lab_amoro_interfaces/lab_amoro_interfaces_s__rosidl_typesupport_c.cpython-310-x86_64-linux-gnu.so
-- Installing: /home/ajay/Documents/ECn/Master2/Amoro/lab/ros2/install/lab_amoro_interfaces/local/lib/python3.10/dist-packages/lab_amoro_interfaces/_lab_amoro_interfaces_s.ep.rosidl_typesupport_fastrtps_c.c
-- Installing: /home/ajay/Documents/ECn/Master2/Amoro/lab/ros2/install/lab_amoro_interfaces/local/lib/python3.10/dist-packages/lab_amoro_interfaces/lab_amoro_interfaces_s__rosidl_typesupport_introspection_c.cpython-310-x86_64-linux-gnu.so
Listing '/home/ajay/Documents/ECn/Master2/Amoro/lab/ros2/install/lab_amoro_interfaces/local/lib/python3.10/dist-packages/lab_amoro_interfaces'...
Compiling '/home/ajay/Documents/ECn/Master2/Amoro/lab/ros2/install/lab_amoro_interfaces/local/lib/python3.10/dist-packages/lab_amoro_interfaces/__init__.py'...
Listing '/home/ajay/Documents/ECn/Master2/Amoro/lab/ros2/install/lab_amoro_interfaces/local/lib/python3.10/dist-packages/lab_amoro_interfaces/msg'...
Compiling '/home/ajay/Documents/ECn/Master2/Amoro/lab/ros2/install/lab_amoro_interfaces/local/lib/python3.10/dist-packages/lab_amoro_interfaces/msg/__init__.py'...
Compiling '/home/ajay/Documents/ECn/Master2/Amoro/lab/ros2/install/lab_amoro_interfaces/local/lib/python3.10/dist-packages/lab_amoro_interfaces/msg/_joint_efforts.py'...
Compiling '/home/ajay/Documents/ECn/Master2/Amoro/lab/ros2/install/lab_amoro_interfaces/local/lib/python3.10/dist-packages/lab_amoro_interfaces/msg/_robot_states.py'...
Compiling '/home/ajay/Documents/ECn/Master2/Amoro/lab/ros2/install/lab_amoro_interfaces/local/lib/python3.10/dist-packages/lab_amoro_interfaces/msg/_states.py'...
-- Installing: /home/ajay/Documents/ECn/Master2/Amoro/lab/ros2/install/lab_amoro_interfaces/local/lib/python3.10/dist-packages/lab_amoro_interfaces/lab_amoro_interfaces_s__rosidl_typesupport_fastrtps_c.cpython-310-x86_64-linux-gnu.so
-- Set runtime path of "/home/ajay/Documents/ECn/Master2/Amoro/lab/ros2/install/lab_amoro_interfaces/local/lib/python3.10/dist-packages/lab_amoro_interfaces/lab_amoro_interfaces_s__rosidl_typesupport_fastrtps_c.cpython-310-x86_64-linux-gnu.so" to ""
-- Installing: /home/ajay/Documents/ECn/Master2/Amoro/lab/ros2/install/lab_amoro_interfaces/local/lib/python3.10/dist-packages/lab_amoro_interfaces/lab_amoro_interfaces_s__rosidl_typesupport_introspection_c.cpython-310-x86_64-linux-gnu.so
-- Set runtime path of "/home/ajay/Documents/ECn/Master2/Amoro/lab/ros2/install/lab_amoro_interfaces/local/lib/python3.10/dist-packages/lab_amoro_interfaces/lab_amoro_interfaces_s__rosidl_typesupport_introspection_c.cpython-310-x86_64-linux-gnu.so" to ""
-- Installing: /home/ajay/Documents/ECn/Master2/Amoro/lab/ros2/install/lab_amoro_interfaces/local/lib/python3.10/dist-packages/lab_amoro_interfaces/lab_amoro_interfaces_s__rosidl_typesupport_c.cpython-310-x86_64-linux-gnu.so
-- Set runtime path of "/home/ajay/Documents/ECn/Master2/Amoro/lab/ros2/install/lab_amoro_interfaces/local/lib/python3.10/dist-packages/lab_amoro_interfaces/lab_amoro_interfaces_s__rosidl_typesupport_c.cpython-310-x86_64-linux-gnu.so" to ""
-- Installing: /home/ajay/Documents/ECn/Master2/Amoro/lab/ros2/install/lab_amoro_interfaces/lib/liblab_amoro_interfaces__rosidl_generator_py.so
-- Set runtime path of "/home/ajay/Documents/ECn/Master2/Amoro/lab/ros2/install/lab_amoro_interfaces/lib/liblab_amoro_interfaces__rosidl_generator_py.so" to ""
-- Installing: /home/ajay/Documents/ECn/Master2/Amoro/lab/ros2/install/lab_amoro_interfaces/share/lab_amoro_interfaces/msg/JointEfforts.idl
-- Installing: /home/ajay/Documents/ECn/Master2/Amoro/lab/ros2/install/lab_amoro_interfaces/share/lab_amoro_interfaces/msg/States.idl
-- Installing: /home/ajay/Documents/ECn/Master2/Amoro/lab/ros2/install/lab_amoro_interfaces/share/lab_amoro_interfaces/msg/RobotStates.idl
-- Installing: /home/ajay/Documents/ECn/Master2/Amoro/lab/ros2/install/lab_amoro_interfaces/share/lab_amoro_interfaces/msg/JointEfforts.msg
-- Installing: /home/ajay/Documents/ECn/Master2/Amoro/lab/ros2/install/lab_amoro_interfaces/share/lab_amoro_interfaces/msg/States.msg
-- Installing: /home/ajay/Documents/ECn/Master2/Amoro/lab/ros2/install/lab_amoro_interfaces/share/lab_amoro_interfaces/msg/RobotStates.msg
-- Installing: /home/ajay/Documents/ECn/Master2/Amoro/lab/ros2/install/lab_amoro_interfaces/share/ament_index/resource_index/package_run_dependencies/lab_amoro_interfaces
-- Installing: /home/ajay/Documents/ECn/Master2/Amoro/lab/ros2/install/lab_amoro_interfaces/share/ament_index/resource_index/parent_prefix_path/lab_amoro_interfaces
-- Installing: /home/ajay/Documents/ECn/Master2/Amoro/lab/ros2/install/lab_amoro_interfaces/share/lab_amoro_interfaces/environment/ament_prefix_path.sh
-- Installing: /home/ajay/Documents/ECn/Master2/Amoro/lab/ros2/install/lab_amoro_interfaces/share/lab_amoro_interfaces/environment/ament_prefix_path.dsv
-- Installing: /home/ajay/Documents/ECn/Master2/Amoro/lab/ros2/install/lab_amoro_interfaces/share/lab_amoro_interfaces/environment/path.sh
-- Installing: /home/ajay/Documents/ECn/Master2/Amoro/lab/ros2/install/lab_amoro_interfaces/share/lab_amoro_interfaces/environment/path.dsv
-- Installing: /home/ajay/Documents/ECn/Master2/Amoro/lab/ros2/install/lab_amoro_interfaces/share/lab_amoro_interfaces/local_setup.bash
-- Installing: /home/ajay/Documents/ECn/Master2/Amoro/lab/ros2/install/lab_amoro_interfaces/share/lab_amoro_interfaces/local_setup.sh
-- Installing: /home/ajay/Documents/ECn/Master2/Amoro/lab/ros2/install/lab_amoro_interfaces/share/lab_amoro_interfaces/local_setup.zsh
-- Installing: /home/ajay/Documents/ECn/Master2/Amoro/lab/ros2/install/lab_amoro_interfaces/share/lab_amoro_interfaces/local_setup.dsv
-- Installing: /home/ajay/Documents/ECn/Master2/Amoro/lab/ros2/install/lab_amoro_interfaces/share/lab_amoro_interfaces/package.dsv
-- Installing: /home/ajay/Documents/ECn/Master2/Amoro/lab/ros2/install/lab_amoro_interfaces/share/ament_index/resource_index/packages/lab_amoro_interfaces
-- Installing: /home/ajay/Documents/ECn/Master2/Amoro/lab/ros2/install/lab_amoro_interfaces/share/lab_amoro_interfaces/cmake/export_lab_amoro_interfaces__rosidl_generator_cExport.cmake
-- Installing: /home/ajay/Documents/ECn/Master2/Amoro/lab/ros2/install/lab_amoro_interfaces/share/lab_amoro_interfaces/cmake/export_lab_amoro_interfaces__rosidl_generator_cExport-noconfig.cmake
-- Installing: /home/ajay/Documents/ECn/Master2/Amoro/lab/ros2/install/lab_amoro_interfaces/share/lab_amoro_interfaces/cmake/export_lab_amoro_interfaces__rosidl_typesupport_fastrtps_cExport.cmake
-- Installing: /home/ajay/Documents/ECn/Master2/Amoro/lab/ros2/install/lab_amoro_interfaces/share/lab_amoro_interfaces/cmake/export_lab_amoro_interfaces__rosidl_typesupport_fastrtps_cExport-noconfig.cmake
-- Installing: /home/ajay/Documents/ECn/Master2/Amoro/lab/ros2/install/lab_amoro_interfaces/share/lab_amoro_interfaces/cmake/lab_amoro_interfaces__rosidl_typesupport_introspection_cExport.cmake
-- Installing: /home/ajay/Documents/ECn/Master2/Amoro/lab/ros2/install/lab_amoro_interfaces/share/lab_amoro_interfaces/cmake/lab_amoro_interfaces__rosidl_typesupport_introspection_cExport-noconfig.cmake
-- Installing: /home/ajay/Documents/ECn/Master2/Amoro/lab/ros2/install/lab_amoro_interfaces/share/lab_amoro_interfaces/cmake/lab_amoro_interfaces__rosidl_typesupport_cExport.cmake
-- Installing: /home/ajay/Documents/ECn/Master2/Amoro/lab/ros2/install/lab_amoro_interfaces/share/lab_amoro_interfaces/cmake/lab_amoro_interfaces__rosidl_typesupport_cExport-noconfig.cmake
-- Installing: /home/ajay/Documents/ECn/Master2/Amoro/lab/ros2/install/lab_amoro_interfaces/share/lab_amoro_interfaces/cmake/export_lab_amoro_interfaces__rosidl_generator_cppExport.cmake
-- Installing: /home/ajay/Documents/ECn/Master2/Amoro/lab/ros2/install/lab_amoro_interfaces/share/lab_amoro_interfaces/cmake/export_lab_amoro_interfaces__rosidl_typesupport_fastrtps_cppExport.cmake
-- Installing: /home/ajay/Documents/ECn/Master2/Amoro/lab/ros2/install/lab_amoro_interfaces/share/lab_amoro_interfaces/cmake/export_lab_amoro_interfaces__rosidl_typesupport_fastrtps_cppExport-noconfig.cmake
-- Installing: /home/ajay/Documents/ECn/Master2/Amoro/lab/ros2/install/lab_amoro_interfaces/share/lab_amoro_interfaces/cmake/lab_amoro_interfaces__rosidl_typesupport_introspection_cppExport.cmake
-- Installing: /home/ajay/Documents/ECn/Master2/Amoro/lab/ros2/install/lab_amoro_interfaces/share/lab_amoro_interfaces/cmake/lab_amoro_interfaces__rosidl_typesupport_introspection_cppExport-noconfig.cmake
-- Installing: /home/ajay/Documents/ECn/Master2/Amoro/lab/ros2/install/lab_amoro_interfaces/share/lab_amoro_interfaces/cmake/lab_amoro_interfaces__rosidl_typesupport_cppExport.cmake
-- Installing: /home/ajay/Documents/ECn/Master2/Amoro/lab/ros2/install/lab_amoro_interfaces/share/lab_amoro_interfaces/cmake/lab_amoro_interfaces__rosidl_typesupport_cppExport-noconfig.cmake
-- Installing: /home/ajay/Documents/ECn/Master2/Amoro/lab/ros2/install/lab_amoro_interfaces/share/lab_amoro_interfaces/cmake/export_lab_amoro_interfaces__rosidl_generator_pyExport.cmake
-- Installing: /home/ajay/Documents/ECn/Master2/Amoro/lab/ros2/install/lab_amoro_interfaces/share/lab_amoro_interfaces/cmake/export_lab_amoro_interfaces__rosidl_generator_pyExport-noconfig.cmake
-- Installing: /home/ajay/Documents/ECn/Master2/Amoro/lab/ros2/install/lab_amoro_interfaces/share/lab_amoro_interfaces/cmake/rosidl_cmake-extras.cmake
-- Installing: /home/ajay/Documents/ECn/Master2/Amoro/lab/ros2/install/lab_amoro_interfaces/share/lab_amoro_interfaces/cmake/ament_cmake_export_include_directories-extras.cmake
-- Installing: /home/ajay/Documents/ECn/Master2/Amoro/lab/ros2/install/lab_amoro_interfaces/share/lab_amoro_interfaces/cmake/ament_cmake_export_libraries-extras.cmake
-- Installing: /home/ajay/Documents/ECn/Master2/Amoro/lab/ros2/install/lab_amoro_interfaces/share/lab_amoro_interfaces/cmake/ament_cmake_export_targets-extras.cmake
-- Installing: /home/ajay/Documents/ECn/Master2/Amoro/lab/ros2/install/lab_amoro_interfaces/share/lab_amoro_interfaces/cmake/rosidl_cmake_export_typesupport_targets-extras.cmake
-- Installing: /home/ajay/Documents/ECn/Master2/Amoro/lab/ros2/install/lab_amoro_interfaces/share/lab_amoro_interfaces/cmake/ament_cmake_export_dependencies-extras.cmake
-- Installing: /home/ajay/Documents/ECn/Master2/Amoro/lab/ros2/install/lab_amoro_interfaces/share/lab_amoro_interfaces/cmake/rosidl_cmake_export_typesupport_libraries-extras.cmake
-- Installing: /home/ajay/Documents/ECn/Master2/Amoro/lab/ros2/install/lab_amoro_interfaces/share/lab_amoro_interfaces/cmake/lab_amoro_interfacesConfig.cmake
-- Installing: /home/ajay/Documents/ECn/Master2/Amoro/lab/ros2/install/lab_amoro_interfaces/share/lab_amoro_interfaces/cmake/lab_amoro_interfacesConfig-version.cmake
-- Installing: /home/ajay/Documents/ECn/Master2/Amoro/lab/ros2/install/lab_amoro_interfaces/share/lab_amoro_interfaces/package.xml
