[0.029s] Invoking command in '/home/ajay/ros2_ws/build/external_torque_sensor_broadcaster': CMAKE_PREFIX_PATH=${CMAKE_PREFIX_PATH}:/home/ajay/ros2_ws/install/iiwa_control:/opt/ros/humble /usr/bin/cmake --build /home/ajay/ros2_ws/build/external_torque_sensor_broadcaster -- -j16 -l16
[0.248s] [100%] Built target external_torque_sensor_broadcaster
[0.250s] Invoked command in '/home/ajay/ros2_ws/build/external_torque_sensor_broadcaster' returned '0': CMAKE_PREFIX_PATH=${CMAKE_PREFIX_PATH}:/home/ajay/ros2_ws/install/iiwa_control:/opt/ros/humble /usr/bin/cmake --build /home/ajay/ros2_ws/build/external_torque_sensor_broadcaster -- -j16 -l16
[0.479s] Invoking command in '/home/ajay/ros2_ws/build/external_torque_sensor_broadcaster': CMAKE_PREFIX_PATH=${CMAKE_PREFIX_PATH}:/home/ajay/ros2_ws/install/iiwa_control:/opt/ros/humble /usr/bin/cmake --install /home/ajay/ros2_ws/build/external_torque_sensor_broadcaster
[0.486s] -- Install configuration: "Release"
[0.486s] -- Execute custom install script
[0.486s] -- Up-to-date symlink: /home/ajay/ros2_ws/install/external_torque_sensor_broadcaster/share/external_torque_sensor_broadcaster//external_torque_sensor_broadcaster.xml
[0.487s] -- Up-to-date symlink: /home/ajay/ros2_ws/install/external_torque_sensor_broadcaster/lib/libexternal_torque_sensor_broadcaster.so
[0.487s] -- Up-to-date symlink: /home/ajay/ros2_ws/install/external_torque_sensor_broadcaster/include/external_torque_sensor_broadcaster/external_torque_sensor.hpp
[0.488s] -- Up-to-date symlink: /home/ajay/ros2_ws/install/external_torque_sensor_broadcaster/include/external_torque_sensor_broadcaster/external_torque_sensor_broadcaster.hpp
[0.488s] -- Up-to-date symlink: /home/ajay/ros2_ws/install/external_torque_sensor_broadcaster/include/external_torque_sensor_broadcaster/visibility_control.h
[0.489s] -- Up-to-date symlink: /home/ajay/ros2_ws/install/external_torque_sensor_broadcaster/share/external_torque_sensor_broadcaster/environment/library_path.sh
[0.489s] -- Up-to-date symlink: /home/ajay/ros2_ws/install/external_torque_sensor_broadcaster/share/external_torque_sensor_broadcaster/environment/library_path.dsv
[0.489s] -- Up-to-date symlink: /home/ajay/ros2_ws/install/external_torque_sensor_broadcaster/share/ament_index/resource_index/package_run_dependencies/external_torque_sensor_broadcaster
[0.489s] -- Up-to-date symlink: /home/ajay/ros2_ws/install/external_torque_sensor_broadcaster/share/ament_index/resource_index/parent_prefix_path/external_torque_sensor_broadcaster
[0.490s] -- Up-to-date symlink: /home/ajay/ros2_ws/install/external_torque_sensor_broadcaster/share/external_torque_sensor_broadcaster/environment/ament_prefix_path.sh
[0.490s] -- Up-to-date symlink: /home/ajay/ros2_ws/install/external_torque_sensor_broadcaster/share/external_torque_sensor_broadcaster/environment/ament_prefix_path.dsv
[0.490s] -- Up-to-date symlink: /home/ajay/ros2_ws/install/external_torque_sensor_broadcaster/share/external_torque_sensor_broadcaster/environment/path.sh
[0.490s] -- Up-to-date symlink: /home/ajay/ros2_ws/install/external_torque_sensor_broadcaster/share/external_torque_sensor_broadcaster/environment/path.dsv
[0.491s] -- Up-to-date symlink: /home/ajay/ros2_ws/install/external_torque_sensor_broadcaster/share/external_torque_sensor_broadcaster/local_setup.bash
[0.491s] -- Up-to-date symlink: /home/ajay/ros2_ws/install/external_torque_sensor_broadcaster/share/external_torque_sensor_broadcaster/local_setup.sh
[0.492s] -- Up-to-date symlink: /home/ajay/ros2_ws/install/external_torque_sensor_broadcaster/share/external_torque_sensor_broadcaster/local_setup.zsh
[0.493s] -- Up-to-date symlink: /home/ajay/ros2_ws/install/external_torque_sensor_broadcaster/share/external_torque_sensor_broadcaster/local_setup.dsv
[0.493s] -- Symlinking: /home/ajay/ros2_ws/install/external_torque_sensor_broadcaster/share/external_torque_sensor_broadcaster/package.dsv
[0.499s] -- Up-to-date symlink: /home/ajay/ros2_ws/install/external_torque_sensor_broadcaster/share/ament_index/resource_index/packages/external_torque_sensor_broadcaster
[0.500s] -- Up-to-date symlink: /home/ajay/ros2_ws/install/external_torque_sensor_broadcaster/share/ament_index/resource_index/controller_interface__pluginlib__plugin/external_torque_sensor_broadcaster
[0.500s] -- Up-to-date symlink: /home/ajay/ros2_ws/install/external_torque_sensor_broadcaster/share/external_torque_sensor_broadcaster/cmake/ament_cmake_export_include_directories-extras.cmake
[0.501s] -- Up-to-date symlink: /home/ajay/ros2_ws/install/external_torque_sensor_broadcaster/share/external_torque_sensor_broadcaster/cmake/ament_cmake_export_libraries-extras.cmake
[0.501s] -- Up-to-date symlink: /home/ajay/ros2_ws/install/external_torque_sensor_broadcaster/share/external_torque_sensor_broadcaster/cmake/ament_cmake_export_dependencies-extras.cmake
[0.501s] -- Up-to-date symlink: /home/ajay/ros2_ws/install/external_torque_sensor_broadcaster/share/external_torque_sensor_broadcaster/cmake/external_torque_sensor_broadcasterConfig.cmake
[0.502s] -- Up-to-date symlink: /home/ajay/ros2_ws/install/external_torque_sensor_broadcaster/share/external_torque_sensor_broadcaster/cmake/external_torque_sensor_broadcasterConfig-version.cmake
[0.502s] -- Up-to-date symlink: /home/ajay/ros2_ws/install/external_torque_sensor_broadcaster/share/external_torque_sensor_broadcaster/package.xml
[0.504s] Invoked command in '/home/ajay/ros2_ws/build/external_torque_sensor_broadcaster' returned '0': CMAKE_PREFIX_PATH=${CMAKE_PREFIX_PATH}:/home/ajay/ros2_ws/install/iiwa_control:/opt/ros/humble /usr/bin/cmake --install /home/ajay/ros2_ws/build/external_torque_sensor_broadcaster
