[0.105s] DEBUG:colcon:Command line arguments: ['/usr/bin/colcon', 'list', '-p', '--base-paths', '/home/ajay/ros2_ws']
[0.106s] DEBUG:colcon:Parsed command line arguments: Namespace(log_base=None, log_level=None, verb_name='list', build_base='build', ignore_user_meta=False, metas=['./colcon.meta'], base_paths=['/home/ajay/ros2_ws'], packages_ignore=None, packages_ignore_regex=None, paths=None, packages_up_to=None, packages_up_to_regex=None, packages_above=None, packages_above_and_dependencies=None, packages_above_depth=None, packages_select_by_dep=None, packages_skip_by_dep=None, packages_skip_up_to=None, packages_select_build_failed=False, packages_skip_build_finished=False, packages_select_test_failures=False, packages_skip_test_passed=False, packages_select=None, packages_skip=None, packages_select_regex=None, packages_skip_regex=None, packages_start=None, packages_end=None, allow_overriding=[], topological_order=False, names_only=False, paths_only=True, topological_graph=False, topological_graph_dot=False, topological_graph_density=False, topological_graph_legend=False, topological_graph_dot_cluster=False, topological_graph_dot_include_skipped=False, mixin_files=None, mixin=None, verb_parser=<colcon_mixin.mixin.mixin_argument.MixinArgumentDecorator object at 0x7d843a83f8e0>, verb_extension=<colcon_package_information.verb.list.ListVerb object at 0x7d843a83ef50>, main=<bound method ListVerb.main of <colcon_package_information.verb.list.ListVerb object at 0x7d843a83ef50>>, mixin_verb=('list',))
[0.276s] Level 1:colcon.colcon_core.package_discovery:discover_packages(colcon_meta) check parameters
[0.276s] Level 1:colcon.colcon_core.package_discovery:discover_packages(recursive) check parameters
[0.276s] Level 1:colcon.colcon_core.package_discovery:discover_packages(ignore) check parameters
[0.276s] Level 1:colcon.colcon_core.package_discovery:discover_packages(path) check parameters
[0.276s] Level 1:colcon.colcon_core.package_discovery:discover_packages(recursive) discover
[0.276s] INFO:colcon.colcon_core.package_discovery:Crawling recursively for packages in '/home/ajay/ros2_ws'
[0.276s] Level 1:colcon.colcon_core.package_identification:_identify(/home/ajay/ros2_ws) by extensions ['ignore', 'ignore_ament_install']
[0.276s] Level 1:colcon.colcon_core.package_identification:_identify(/home/ajay/ros2_ws) by extension 'ignore'
[0.276s] Level 1:colcon.colcon_core.package_identification:_identify(/home/ajay/ros2_ws) by extension 'ignore_ament_install'
[0.276s] Level 1:colcon.colcon_core.package_identification:_identify(/home/ajay/ros2_ws) by extensions ['colcon_pkg']
[0.276s] Level 1:colcon.colcon_core.package_identification:_identify(/home/ajay/ros2_ws) by extension 'colcon_pkg'
[0.276s] Level 1:colcon.colcon_core.package_identification:_identify(/home/ajay/ros2_ws) by extensions ['colcon_meta']
[0.276s] Level 1:colcon.colcon_core.package_identification:_identify(/home/ajay/ros2_ws) by extension 'colcon_meta'
[0.276s] Level 1:colcon.colcon_core.package_identification:_identify(/home/ajay/ros2_ws) by extensions ['ros']
[0.276s] Level 1:colcon.colcon_core.package_identification:_identify(/home/ajay/ros2_ws) by extension 'ros'
[0.285s] Level 1:colcon.colcon_core.package_identification:_identify(/home/ajay/ros2_ws) by extensions ['cmake', 'python']
[0.285s] Level 1:colcon.colcon_core.package_identification:_identify(/home/ajay/ros2_ws) by extension 'cmake'
[0.285s] Level 1:colcon.colcon_core.package_identification:_identify(/home/ajay/ros2_ws) by extension 'python'
[0.285s] Level 1:colcon.colcon_core.package_identification:_identify(/home/ajay/ros2_ws) by extensions ['python_setup_py']
[0.285s] Level 1:colcon.colcon_core.package_identification:_identify(/home/ajay/ros2_ws) by extension 'python_setup_py'
[0.286s] Level 1:colcon.colcon_core.package_identification:_identify(/home/ajay/ros2_ws/build) by extensions ['ignore', 'ignore_ament_install']
[0.286s] Level 1:colcon.colcon_core.package_identification:_identify(/home/ajay/ros2_ws/build) by extension 'ignore'
[0.286s] Level 1:colcon.colcon_core.package_identification:_identify(/home/ajay/ros2_ws/build) ignored
[0.286s] Level 1:colcon.colcon_core.package_identification:_identify(/home/ajay/ros2_ws/install) by extensions ['ignore', 'ignore_ament_install']
[0.286s] Level 1:colcon.colcon_core.package_identification:_identify(/home/ajay/ros2_ws/install) by extension 'ignore'
[0.286s] Level 1:colcon.colcon_core.package_identification:_identify(/home/ajay/ros2_ws/install) ignored
[0.286s] Level 1:colcon.colcon_core.package_identification:_identify(/home/ajay/ros2_ws/log) by extensions ['ignore', 'ignore_ament_install']
[0.286s] Level 1:colcon.colcon_core.package_identification:_identify(/home/ajay/ros2_ws/log) by extension 'ignore'
[0.286s] Level 1:colcon.colcon_core.package_identification:_identify(/home/ajay/ros2_ws/log) ignored
[0.286s] Level 1:colcon.colcon_core.package_identification:_identify(/home/ajay/ros2_ws/src) by extensions ['ignore', 'ignore_ament_install']
[0.286s] Level 1:colcon.colcon_core.package_identification:_identify(/home/ajay/ros2_ws/src) by extension 'ignore'
[0.286s] Level 1:colcon.colcon_core.package_identification:_identify(/home/ajay/ros2_ws/src) by extension 'ignore_ament_install'
[0.286s] Level 1:colcon.colcon_core.package_identification:_identify(/home/ajay/ros2_ws/src) by extensions ['colcon_pkg']
[0.286s] Level 1:colcon.colcon_core.package_identification:_identify(/home/ajay/ros2_ws/src) by extension 'colcon_pkg'
[0.286s] Level 1:colcon.colcon_core.package_identification:_identify(/home/ajay/ros2_ws/src) by extensions ['colcon_meta']
[0.287s] Level 1:colcon.colcon_core.package_identification:_identify(/home/ajay/ros2_ws/src) by extension 'colcon_meta'
[0.287s] Level 1:colcon.colcon_core.package_identification:_identify(/home/ajay/ros2_ws/src) by extensions ['ros']
[0.287s] Level 1:colcon.colcon_core.package_identification:_identify(/home/ajay/ros2_ws/src) by extension 'ros'
[0.287s] Level 1:colcon.colcon_core.package_identification:_identify(/home/ajay/ros2_ws/src) by extensions ['cmake', 'python']
[0.287s] Level 1:colcon.colcon_core.package_identification:_identify(/home/ajay/ros2_ws/src) by extension 'cmake'
[0.287s] Level 1:colcon.colcon_core.package_identification:_identify(/home/ajay/ros2_ws/src) by extension 'python'
[0.287s] Level 1:colcon.colcon_core.package_identification:_identify(/home/ajay/ros2_ws/src) by extensions ['python_setup_py']
[0.287s] Level 1:colcon.colcon_core.package_identification:_identify(/home/ajay/ros2_ws/src) by extension 'python_setup_py'
[0.287s] Level 1:colcon.colcon_core.package_identification:_identify(/home/ajay/ros2_ws/src/iiwa_ros2) by extensions ['ignore', 'ignore_ament_install']
[0.287s] Level 1:colcon.colcon_core.package_identification:_identify(/home/ajay/ros2_ws/src/iiwa_ros2) by extension 'ignore'
[0.287s] Level 1:colcon.colcon_core.package_identification:_identify(/home/ajay/ros2_ws/src/iiwa_ros2) by extension 'ignore_ament_install'
[0.287s] Level 1:colcon.colcon_core.package_identification:_identify(/home/ajay/ros2_ws/src/iiwa_ros2) by extensions ['colcon_pkg']
[0.287s] Level 1:colcon.colcon_core.package_identification:_identify(/home/ajay/ros2_ws/src/iiwa_ros2) by extension 'colcon_pkg'
[0.287s] Level 1:colcon.colcon_core.package_identification:_identify(/home/ajay/ros2_ws/src/iiwa_ros2) by extensions ['colcon_meta']
[0.287s] Level 1:colcon.colcon_core.package_identification:_identify(/home/ajay/ros2_ws/src/iiwa_ros2) by extension 'colcon_meta'
[0.287s] Level 1:colcon.colcon_core.package_identification:_identify(/home/ajay/ros2_ws/src/iiwa_ros2) by extensions ['ros']
[0.287s] Level 1:colcon.colcon_core.package_identification:_identify(/home/ajay/ros2_ws/src/iiwa_ros2) by extension 'ros'
[0.287s] Level 1:colcon.colcon_core.package_identification:_identify(/home/ajay/ros2_ws/src/iiwa_ros2) by extensions ['cmake', 'python']
[0.287s] Level 1:colcon.colcon_core.package_identification:_identify(/home/ajay/ros2_ws/src/iiwa_ros2) by extension 'cmake'
[0.287s] Level 1:colcon.colcon_core.package_identification:_identify(/home/ajay/ros2_ws/src/iiwa_ros2) by extension 'python'
[0.287s] Level 1:colcon.colcon_core.package_identification:_identify(/home/ajay/ros2_ws/src/iiwa_ros2) by extensions ['python_setup_py']
[0.287s] Level 1:colcon.colcon_core.package_identification:_identify(/home/ajay/ros2_ws/src/iiwa_ros2) by extension 'python_setup_py'
[0.288s] Level 1:colcon.colcon_core.package_identification:_identify(/home/ajay/ros2_ws/src/iiwa_ros2/iiwa_bringup) by extensions ['ignore', 'ignore_ament_install']
[0.288s] Level 1:colcon.colcon_core.package_identification:_identify(/home/ajay/ros2_ws/src/iiwa_ros2/iiwa_bringup) by extension 'ignore'
[0.288s] Level 1:colcon.colcon_core.package_identification:_identify(/home/ajay/ros2_ws/src/iiwa_ros2/iiwa_bringup) by extension 'ignore_ament_install'
[0.288s] Level 1:colcon.colcon_core.package_identification:_identify(/home/ajay/ros2_ws/src/iiwa_ros2/iiwa_bringup) by extensions ['colcon_pkg']
[0.288s] Level 1:colcon.colcon_core.package_identification:_identify(/home/ajay/ros2_ws/src/iiwa_ros2/iiwa_bringup) by extension 'colcon_pkg'
[0.288s] Level 1:colcon.colcon_core.package_identification:_identify(/home/ajay/ros2_ws/src/iiwa_ros2/iiwa_bringup) by extensions ['colcon_meta']
[0.288s] Level 1:colcon.colcon_core.package_identification:_identify(/home/ajay/ros2_ws/src/iiwa_ros2/iiwa_bringup) by extension 'colcon_meta'
[0.288s] Level 1:colcon.colcon_core.package_identification:_identify(/home/ajay/ros2_ws/src/iiwa_ros2/iiwa_bringup) by extensions ['ros']
[0.288s] Level 1:colcon.colcon_core.package_identification:_identify(/home/ajay/ros2_ws/src/iiwa_ros2/iiwa_bringup) by extension 'ros'
[0.290s] DEBUG:colcon.colcon_core.package_identification:Package '/home/ajay/ros2_ws/src/iiwa_ros2/iiwa_bringup' with type 'ros.ament_cmake' and name 'iiwa_bringup'
[0.290s] Level 1:colcon.colcon_core.package_identification:_identify(/home/ajay/ros2_ws/src/iiwa_ros2/iiwa_controllers) by extensions ['ignore', 'ignore_ament_install']
[0.290s] Level 1:colcon.colcon_core.package_identification:_identify(/home/ajay/ros2_ws/src/iiwa_ros2/iiwa_controllers) by extension 'ignore'
[0.290s] Level 1:colcon.colcon_core.package_identification:_identify(/home/ajay/ros2_ws/src/iiwa_ros2/iiwa_controllers) by extension 'ignore_ament_install'
[0.290s] Level 1:colcon.colcon_core.package_identification:_identify(/home/ajay/ros2_ws/src/iiwa_ros2/iiwa_controllers) by extensions ['colcon_pkg']
[0.290s] Level 1:colcon.colcon_core.package_identification:_identify(/home/ajay/ros2_ws/src/iiwa_ros2/iiwa_controllers) by extension 'colcon_pkg'
[0.290s] Level 1:colcon.colcon_core.package_identification:_identify(/home/ajay/ros2_ws/src/iiwa_ros2/iiwa_controllers) by extensions ['colcon_meta']
[0.290s] Level 1:colcon.colcon_core.package_identification:_identify(/home/ajay/ros2_ws/src/iiwa_ros2/iiwa_controllers) by extension 'colcon_meta'
[0.290s] Level 1:colcon.colcon_core.package_identification:_identify(/home/ajay/ros2_ws/src/iiwa_ros2/iiwa_controllers) by extensions ['ros']
[0.291s] Level 1:colcon.colcon_core.package_identification:_identify(/home/ajay/ros2_ws/src/iiwa_ros2/iiwa_controllers) by extension 'ros'
[0.291s] Level 1:colcon.colcon_core.package_identification:_identify(/home/ajay/ros2_ws/src/iiwa_ros2/iiwa_controllers) by extensions ['cmake', 'python']
[0.291s] Level 1:colcon.colcon_core.package_identification:_identify(/home/ajay/ros2_ws/src/iiwa_ros2/iiwa_controllers) by extension 'cmake'
[0.291s] Level 1:colcon.colcon_core.package_identification:_identify(/home/ajay/ros2_ws/src/iiwa_ros2/iiwa_controllers) by extension 'python'
[0.291s] Level 1:colcon.colcon_core.package_identification:_identify(/home/ajay/ros2_ws/src/iiwa_ros2/iiwa_controllers) by extensions ['python_setup_py']
[0.291s] Level 1:colcon.colcon_core.package_identification:_identify(/home/ajay/ros2_ws/src/iiwa_ros2/iiwa_controllers) by extension 'python_setup_py'
[0.291s] Level 1:colcon.colcon_core.package_identification:_identify(/home/ajay/ros2_ws/src/iiwa_ros2/iiwa_controllers/admittance_controller) by extensions ['ignore', 'ignore_ament_install']
[0.291s] Level 1:colcon.colcon_core.package_identification:_identify(/home/ajay/ros2_ws/src/iiwa_ros2/iiwa_controllers/admittance_controller) by extension 'ignore'
[0.291s] Level 1:colcon.colcon_core.package_identification:_identify(/home/ajay/ros2_ws/src/iiwa_ros2/iiwa_controllers/admittance_controller) by extension 'ignore_ament_install'
[0.291s] Level 1:colcon.colcon_core.package_identification:_identify(/home/ajay/ros2_ws/src/iiwa_ros2/iiwa_controllers/admittance_controller) by extensions ['colcon_pkg']
[0.291s] Level 1:colcon.colcon_core.package_identification:_identify(/home/ajay/ros2_ws/src/iiwa_ros2/iiwa_controllers/admittance_controller) by extension 'colcon_pkg'
[0.291s] Level 1:colcon.colcon_core.package_identification:_identify(/home/ajay/ros2_ws/src/iiwa_ros2/iiwa_controllers/admittance_controller) by extensions ['colcon_meta']
[0.291s] Level 1:colcon.colcon_core.package_identification:_identify(/home/ajay/ros2_ws/src/iiwa_ros2/iiwa_controllers/admittance_controller) by extension 'colcon_meta'
[0.291s] Level 1:colcon.colcon_core.package_identification:_identify(/home/ajay/ros2_ws/src/iiwa_ros2/iiwa_controllers/admittance_controller) by extensions ['ros']
[0.291s] Level 1:colcon.colcon_core.package_identification:_identify(/home/ajay/ros2_ws/src/iiwa_ros2/iiwa_controllers/admittance_controller) by extension 'ros'
[0.291s] Level 1:colcon.colcon_core.package_identification:_identify(/home/ajay/ros2_ws/src/iiwa_ros2/iiwa_controllers/admittance_controller) ignored
[0.291s] Level 1:colcon.colcon_core.package_identification:_identify(/home/ajay/ros2_ws/src/iiwa_ros2/iiwa_controllers/external_torque_sensor_broadcaster) by extensions ['ignore', 'ignore_ament_install']
[0.291s] Level 1:colcon.colcon_core.package_identification:_identify(/home/ajay/ros2_ws/src/iiwa_ros2/iiwa_controllers/external_torque_sensor_broadcaster) by extension 'ignore'
[0.291s] Level 1:colcon.colcon_core.package_identification:_identify(/home/ajay/ros2_ws/src/iiwa_ros2/iiwa_controllers/external_torque_sensor_broadcaster) by extension 'ignore_ament_install'
[0.291s] Level 1:colcon.colcon_core.package_identification:_identify(/home/ajay/ros2_ws/src/iiwa_ros2/iiwa_controllers/external_torque_sensor_broadcaster) by extensions ['colcon_pkg']
[0.292s] Level 1:colcon.colcon_core.package_identification:_identify(/home/ajay/ros2_ws/src/iiwa_ros2/iiwa_controllers/external_torque_sensor_broadcaster) by extension 'colcon_pkg'
[0.292s] Level 1:colcon.colcon_core.package_identification:_identify(/home/ajay/ros2_ws/src/iiwa_ros2/iiwa_controllers/external_torque_sensor_broadcaster) by extensions ['colcon_meta']
[0.292s] Level 1:colcon.colcon_core.package_identification:_identify(/home/ajay/ros2_ws/src/iiwa_ros2/iiwa_controllers/external_torque_sensor_broadcaster) by extension 'colcon_meta'
[0.292s] Level 1:colcon.colcon_core.package_identification:_identify(/home/ajay/ros2_ws/src/iiwa_ros2/iiwa_controllers/external_torque_sensor_broadcaster) by extensions ['ros']
[0.292s] Level 1:colcon.colcon_core.package_identification:_identify(/home/ajay/ros2_ws/src/iiwa_ros2/iiwa_controllers/external_torque_sensor_broadcaster) by extension 'ros'
[0.292s] DEBUG:colcon.colcon_core.package_identification:Package '/home/ajay/ros2_ws/src/iiwa_ros2/iiwa_controllers/external_torque_sensor_broadcaster' with type 'ros.ament_cmake' and name 'external_torque_sensor_broadcaster'
[0.292s] Level 1:colcon.colcon_core.package_identification:_identify(/home/ajay/ros2_ws/src/iiwa_ros2/iiwa_controllers/iiwa_control) by extensions ['ignore', 'ignore_ament_install']
[0.293s] Level 1:colcon.colcon_core.package_identification:_identify(/home/ajay/ros2_ws/src/iiwa_ros2/iiwa_controllers/iiwa_control) by extension 'ignore'
[0.293s] Level 1:colcon.colcon_core.package_identification:_identify(/home/ajay/ros2_ws/src/iiwa_ros2/iiwa_controllers/iiwa_control) by extension 'ignore_ament_install'
[0.293s] Level 1:colcon.colcon_core.package_identification:_identify(/home/ajay/ros2_ws/src/iiwa_ros2/iiwa_controllers/iiwa_control) by extensions ['colcon_pkg']
[0.293s] Level 1:colcon.colcon_core.package_identification:_identify(/home/ajay/ros2_ws/src/iiwa_ros2/iiwa_controllers/iiwa_control) by extension 'colcon_pkg'
[0.293s] Level 1:colcon.colcon_core.package_identification:_identify(/home/ajay/ros2_ws/src/iiwa_ros2/iiwa_controllers/iiwa_control) by extensions ['colcon_meta']
[0.293s] Level 1:colcon.colcon_core.package_identification:_identify(/home/ajay/ros2_ws/src/iiwa_ros2/iiwa_controllers/iiwa_control) by extension 'colcon_meta'
[0.293s] Level 1:colcon.colcon_core.package_identification:_identify(/home/ajay/ros2_ws/src/iiwa_ros2/iiwa_controllers/iiwa_control) by extensions ['ros']
[0.293s] Level 1:colcon.colcon_core.package_identification:_identify(/home/ajay/ros2_ws/src/iiwa_ros2/iiwa_controllers/iiwa_control) by extension 'ros'
[0.293s] DEBUG:colcon.colcon_core.package_identification:Package '/home/ajay/ros2_ws/src/iiwa_ros2/iiwa_controllers/iiwa_control' with type 'ros.ament_python' and name 'iiwa_control'
[0.293s] Level 1:colcon.colcon_core.package_identification:_identify(/home/ajay/ros2_ws/src/iiwa_ros2/iiwa_controllers/impedance_controller) by extensions ['ignore', 'ignore_ament_install']
[0.293s] Level 1:colcon.colcon_core.package_identification:_identify(/home/ajay/ros2_ws/src/iiwa_ros2/iiwa_controllers/impedance_controller) by extension 'ignore'
[0.294s] Level 1:colcon.colcon_core.package_identification:_identify(/home/ajay/ros2_ws/src/iiwa_ros2/iiwa_controllers/impedance_controller) by extension 'ignore_ament_install'
[0.294s] Level 1:colcon.colcon_core.package_identification:_identify(/home/ajay/ros2_ws/src/iiwa_ros2/iiwa_controllers/impedance_controller) by extensions ['colcon_pkg']
[0.294s] Level 1:colcon.colcon_core.package_identification:_identify(/home/ajay/ros2_ws/src/iiwa_ros2/iiwa_controllers/impedance_controller) by extension 'colcon_pkg'
[0.294s] Level 1:colcon.colcon_core.package_identification:_identify(/home/ajay/ros2_ws/src/iiwa_ros2/iiwa_controllers/impedance_controller) by extensions ['colcon_meta']
[0.294s] Level 1:colcon.colcon_core.package_identification:_identify(/home/ajay/ros2_ws/src/iiwa_ros2/iiwa_controllers/impedance_controller) by extension 'colcon_meta'
[0.294s] Level 1:colcon.colcon_core.package_identification:_identify(/home/ajay/ros2_ws/src/iiwa_ros2/iiwa_controllers/impedance_controller) by extensions ['ros']
[0.294s] Level 1:colcon.colcon_core.package_identification:_identify(/home/ajay/ros2_ws/src/iiwa_ros2/iiwa_controllers/impedance_controller) by extension 'ros'
[0.294s] DEBUG:colcon.colcon_core.package_identification:Package '/home/ajay/ros2_ws/src/iiwa_ros2/iiwa_controllers/impedance_controller' with type 'ros.ament_cmake' and name 'impedance_controller'
[0.294s] Level 1:colcon.colcon_core.package_identification:_identify(/home/ajay/ros2_ws/src/iiwa_ros2/iiwa_description) by extensions ['ignore', 'ignore_ament_install']
[0.294s] Level 1:colcon.colcon_core.package_identification:_identify(/home/ajay/ros2_ws/src/iiwa_ros2/iiwa_description) by extension 'ignore'
[0.295s] Level 1:colcon.colcon_core.package_identification:_identify(/home/ajay/ros2_ws/src/iiwa_ros2/iiwa_description) by extension 'ignore_ament_install'
[0.295s] Level 1:colcon.colcon_core.package_identification:_identify(/home/ajay/ros2_ws/src/iiwa_ros2/iiwa_description) by extensions ['colcon_pkg']
[0.295s] Level 1:colcon.colcon_core.package_identification:_identify(/home/ajay/ros2_ws/src/iiwa_ros2/iiwa_description) by extension 'colcon_pkg'
[0.295s] Level 1:colcon.colcon_core.package_identification:_identify(/home/ajay/ros2_ws/src/iiwa_ros2/iiwa_description) by extensions ['colcon_meta']
[0.295s] Level 1:colcon.colcon_core.package_identification:_identify(/home/ajay/ros2_ws/src/iiwa_ros2/iiwa_description) by extension 'colcon_meta'
[0.295s] Level 1:colcon.colcon_core.package_identification:_identify(/home/ajay/ros2_ws/src/iiwa_ros2/iiwa_description) by extensions ['ros']
[0.295s] Level 1:colcon.colcon_core.package_identification:_identify(/home/ajay/ros2_ws/src/iiwa_ros2/iiwa_description) by extension 'ros'
[0.295s] DEBUG:colcon.colcon_core.package_identification:Package '/home/ajay/ros2_ws/src/iiwa_ros2/iiwa_description' with type 'ros.ament_cmake' and name 'iiwa_description'
[0.295s] Level 1:colcon.colcon_core.package_identification:_identify(/home/ajay/ros2_ws/src/iiwa_ros2/iiwa_hardware) by extensions ['ignore', 'ignore_ament_install']
[0.295s] Level 1:colcon.colcon_core.package_identification:_identify(/home/ajay/ros2_ws/src/iiwa_ros2/iiwa_hardware) by extension 'ignore'
[0.295s] Level 1:colcon.colcon_core.package_identification:_identify(/home/ajay/ros2_ws/src/iiwa_ros2/iiwa_hardware) by extension 'ignore_ament_install'
[0.295s] Level 1:colcon.colcon_core.package_identification:_identify(/home/ajay/ros2_ws/src/iiwa_ros2/iiwa_hardware) by extensions ['colcon_pkg']
[0.295s] Level 1:colcon.colcon_core.package_identification:_identify(/home/ajay/ros2_ws/src/iiwa_ros2/iiwa_hardware) by extension 'colcon_pkg'
[0.295s] Level 1:colcon.colcon_core.package_identification:_identify(/home/ajay/ros2_ws/src/iiwa_ros2/iiwa_hardware) by extensions ['colcon_meta']
[0.295s] Level 1:colcon.colcon_core.package_identification:_identify(/home/ajay/ros2_ws/src/iiwa_ros2/iiwa_hardware) by extension 'colcon_meta'
[0.295s] Level 1:colcon.colcon_core.package_identification:_identify(/home/ajay/ros2_ws/src/iiwa_ros2/iiwa_hardware) by extensions ['ros']
[0.296s] Level 1:colcon.colcon_core.package_identification:_identify(/home/ajay/ros2_ws/src/iiwa_ros2/iiwa_hardware) by extension 'ros'
[0.296s] DEBUG:colcon.colcon_core.package_identification:Package '/home/ajay/ros2_ws/src/iiwa_ros2/iiwa_hardware' with type 'ros.ament_cmake' and name 'iiwa_hardware'
[0.296s] Level 1:colcon.colcon_core.package_identification:_identify(/home/ajay/ros2_ws/src/iiwa_ros2/iiwa_moveit2) by extensions ['ignore', 'ignore_ament_install']
[0.296s] Level 1:colcon.colcon_core.package_identification:_identify(/home/ajay/ros2_ws/src/iiwa_ros2/iiwa_moveit2) by extension 'ignore'
[0.296s] Level 1:colcon.colcon_core.package_identification:_identify(/home/ajay/ros2_ws/src/iiwa_ros2/iiwa_moveit2) by extension 'ignore_ament_install'
[0.296s] Level 1:colcon.colcon_core.package_identification:_identify(/home/ajay/ros2_ws/src/iiwa_ros2/iiwa_moveit2) by extensions ['colcon_pkg']
[0.296s] Level 1:colcon.colcon_core.package_identification:_identify(/home/ajay/ros2_ws/src/iiwa_ros2/iiwa_moveit2) by extension 'colcon_pkg'
[0.296s] Level 1:colcon.colcon_core.package_identification:_identify(/home/ajay/ros2_ws/src/iiwa_ros2/iiwa_moveit2) by extensions ['colcon_meta']
[0.297s] Level 1:colcon.colcon_core.package_identification:_identify(/home/ajay/ros2_ws/src/iiwa_ros2/iiwa_moveit2) by extension 'colcon_meta'
[0.297s] Level 1:colcon.colcon_core.package_identification:_identify(/home/ajay/ros2_ws/src/iiwa_ros2/iiwa_moveit2) by extensions ['ros']
[0.297s] Level 1:colcon.colcon_core.package_identification:_identify(/home/ajay/ros2_ws/src/iiwa_ros2/iiwa_moveit2) by extension 'ros'
[0.297s] DEBUG:colcon.colcon_core.package_identification:Package '/home/ajay/ros2_ws/src/iiwa_ros2/iiwa_moveit2' with type 'ros.ament_cmake' and name 'iiwa_moveit2'
[0.298s] Level 1:colcon.colcon_core.package_identification:_identify(/home/ajay/ros2_ws/src/iiwa_ros2/iiwa_sunrise) by extensions ['ignore', 'ignore_ament_install']
[0.298s] Level 1:colcon.colcon_core.package_identification:_identify(/home/ajay/ros2_ws/src/iiwa_ros2/iiwa_sunrise) by extension 'ignore'
[0.298s] Level 1:colcon.colcon_core.package_identification:_identify(/home/ajay/ros2_ws/src/iiwa_ros2/iiwa_sunrise) by extension 'ignore_ament_install'
[0.298s] Level 1:colcon.colcon_core.package_identification:_identify(/home/ajay/ros2_ws/src/iiwa_ros2/iiwa_sunrise) by extensions ['colcon_pkg']
[0.298s] Level 1:colcon.colcon_core.package_identification:_identify(/home/ajay/ros2_ws/src/iiwa_ros2/iiwa_sunrise) by extension 'colcon_pkg'
[0.298s] Level 1:colcon.colcon_core.package_identification:_identify(/home/ajay/ros2_ws/src/iiwa_ros2/iiwa_sunrise) by extensions ['colcon_meta']
[0.298s] Level 1:colcon.colcon_core.package_identification:_identify(/home/ajay/ros2_ws/src/iiwa_ros2/iiwa_sunrise) by extension 'colcon_meta'
[0.298s] Level 1:colcon.colcon_core.package_identification:_identify(/home/ajay/ros2_ws/src/iiwa_ros2/iiwa_sunrise) by extensions ['ros']
[0.298s] Level 1:colcon.colcon_core.package_identification:_identify(/home/ajay/ros2_ws/src/iiwa_ros2/iiwa_sunrise) by extension 'ros'
[0.298s] Level 1:colcon.colcon_core.package_identification:_identify(/home/ajay/ros2_ws/src/iiwa_ros2/iiwa_sunrise) ignored
[0.298s] Level 1:colcon.colcon_core.package_identification:_identify(/home/ajay/ros2_ws/src/ros-controls) by extensions ['ignore', 'ignore_ament_install']
[0.298s] Level 1:colcon.colcon_core.package_identification:_identify(/home/ajay/ros2_ws/src/ros-controls) by extension 'ignore'
[0.298s] Level 1:colcon.colcon_core.package_identification:_identify(/home/ajay/ros2_ws/src/ros-controls) by extension 'ignore_ament_install'
[0.298s] Level 1:colcon.colcon_core.package_identification:_identify(/home/ajay/ros2_ws/src/ros-controls) by extensions ['colcon_pkg']
[0.298s] Level 1:colcon.colcon_core.package_identification:_identify(/home/ajay/ros2_ws/src/ros-controls) by extension 'colcon_pkg'
[0.298s] Level 1:colcon.colcon_core.package_identification:_identify(/home/ajay/ros2_ws/src/ros-controls) by extensions ['colcon_meta']
[0.298s] Level 1:colcon.colcon_core.package_identification:_identify(/home/ajay/ros2_ws/src/ros-controls) by extension 'colcon_meta'
[0.298s] Level 1:colcon.colcon_core.package_identification:_identify(/home/ajay/ros2_ws/src/ros-controls) by extensions ['ros']
[0.298s] Level 1:colcon.colcon_core.package_identification:_identify(/home/ajay/ros2_ws/src/ros-controls) by extension 'ros'
[0.298s] Level 1:colcon.colcon_core.package_identification:_identify(/home/ajay/ros2_ws/src/ros-controls) by extensions ['cmake', 'python']
[0.298s] Level 1:colcon.colcon_core.package_identification:_identify(/home/ajay/ros2_ws/src/ros-controls) by extension 'cmake'
[0.298s] Level 1:colcon.colcon_core.package_identification:_identify(/home/ajay/ros2_ws/src/ros-controls) by extension 'python'
[0.299s] Level 1:colcon.colcon_core.package_identification:_identify(/home/ajay/ros2_ws/src/ros-controls) by extensions ['python_setup_py']
[0.299s] Level 1:colcon.colcon_core.package_identification:_identify(/home/ajay/ros2_ws/src/ros-controls) by extension 'python_setup_py'
[0.299s] Level 1:colcon.colcon_core.package_identification:_identify(/home/ajay/ros2_ws/src/ros-controls/gazebo_ros2_control) by extensions ['ignore', 'ignore_ament_install']
[0.299s] Level 1:colcon.colcon_core.package_identification:_identify(/home/ajay/ros2_ws/src/ros-controls/gazebo_ros2_control) by extension 'ignore'
[0.299s] Level 1:colcon.colcon_core.package_identification:_identify(/home/ajay/ros2_ws/src/ros-controls/gazebo_ros2_control) by extension 'ignore_ament_install'
[0.299s] Level 1:colcon.colcon_core.package_identification:_identify(/home/ajay/ros2_ws/src/ros-controls/gazebo_ros2_control) by extensions ['colcon_pkg']
[0.299s] Level 1:colcon.colcon_core.package_identification:_identify(/home/ajay/ros2_ws/src/ros-controls/gazebo_ros2_control) by extension 'colcon_pkg'
[0.299s] Level 1:colcon.colcon_core.package_identification:_identify(/home/ajay/ros2_ws/src/ros-controls/gazebo_ros2_control) by extensions ['colcon_meta']
[0.299s] Level 1:colcon.colcon_core.package_identification:_identify(/home/ajay/ros2_ws/src/ros-controls/gazebo_ros2_control) by extension 'colcon_meta'
[0.299s] Level 1:colcon.colcon_core.package_identification:_identify(/home/ajay/ros2_ws/src/ros-controls/gazebo_ros2_control) by extensions ['ros']
[0.299s] Level 1:colcon.colcon_core.package_identification:_identify(/home/ajay/ros2_ws/src/ros-controls/gazebo_ros2_control) by extension 'ros'
[0.299s] Level 1:colcon.colcon_core.package_identification:_identify(/home/ajay/ros2_ws/src/ros-controls/gazebo_ros2_control) by extensions ['cmake', 'python']
[0.299s] Level 1:colcon.colcon_core.package_identification:_identify(/home/ajay/ros2_ws/src/ros-controls/gazebo_ros2_control) by extension 'cmake'
[0.299s] Level 1:colcon.colcon_core.package_identification:_identify(/home/ajay/ros2_ws/src/ros-controls/gazebo_ros2_control) by extension 'python'
[0.299s] Level 1:colcon.colcon_core.package_identification:_identify(/home/ajay/ros2_ws/src/ros-controls/gazebo_ros2_control) by extensions ['python_setup_py']
[0.299s] Level 1:colcon.colcon_core.package_identification:_identify(/home/ajay/ros2_ws/src/ros-controls/gazebo_ros2_control) by extension 'python_setup_py'
[0.299s] Level 1:colcon.colcon_core.package_identification:_identify(/home/ajay/ros2_ws/src/ros-controls/gazebo_ros2_control/Docker) by extensions ['ignore', 'ignore_ament_install']
[0.299s] Level 1:colcon.colcon_core.package_identification:_identify(/home/ajay/ros2_ws/src/ros-controls/gazebo_ros2_control/Docker) by extension 'ignore'
[0.299s] Level 1:colcon.colcon_core.package_identification:_identify(/home/ajay/ros2_ws/src/ros-controls/gazebo_ros2_control/Docker) by extension 'ignore_ament_install'
[0.299s] Level 1:colcon.colcon_core.package_identification:_identify(/home/ajay/ros2_ws/src/ros-controls/gazebo_ros2_control/Docker) by extensions ['colcon_pkg']
[0.299s] Level 1:colcon.colcon_core.package_identification:_identify(/home/ajay/ros2_ws/src/ros-controls/gazebo_ros2_control/Docker) by extension 'colcon_pkg'
[0.300s] Level 1:colcon.colcon_core.package_identification:_identify(/home/ajay/ros2_ws/src/ros-controls/gazebo_ros2_control/Docker) by extensions ['colcon_meta']
[0.300s] Level 1:colcon.colcon_core.package_identification:_identify(/home/ajay/ros2_ws/src/ros-controls/gazebo_ros2_control/Docker) by extension 'colcon_meta'
[0.300s] Level 1:colcon.colcon_core.package_identification:_identify(/home/ajay/ros2_ws/src/ros-controls/gazebo_ros2_control/Docker) by extensions ['ros']
[0.300s] Level 1:colcon.colcon_core.package_identification:_identify(/home/ajay/ros2_ws/src/ros-controls/gazebo_ros2_control/Docker) by extension 'ros'
[0.300s] Level 1:colcon.colcon_core.package_identification:_identify(/home/ajay/ros2_ws/src/ros-controls/gazebo_ros2_control/Docker) by extensions ['cmake', 'python']
[0.300s] Level 1:colcon.colcon_core.package_identification:_identify(/home/ajay/ros2_ws/src/ros-controls/gazebo_ros2_control/Docker) by extension 'cmake'
[0.300s] Level 1:colcon.colcon_core.package_identification:_identify(/home/ajay/ros2_ws/src/ros-controls/gazebo_ros2_control/Docker) by extension 'python'
[0.300s] Level 1:colcon.colcon_core.package_identification:_identify(/home/ajay/ros2_ws/src/ros-controls/gazebo_ros2_control/Docker) by extensions ['python_setup_py']
[0.300s] Level 1:colcon.colcon_core.package_identification:_identify(/home/ajay/ros2_ws/src/ros-controls/gazebo_ros2_control/Docker) by extension 'python_setup_py'
[0.300s] Level 1:colcon.colcon_core.package_identification:_identify(/home/ajay/ros2_ws/src/ros-controls/gazebo_ros2_control/doc) by extensions ['ignore', 'ignore_ament_install']
[0.300s] Level 1:colcon.colcon_core.package_identification:_identify(/home/ajay/ros2_ws/src/ros-controls/gazebo_ros2_control/doc) by extension 'ignore'
[0.300s] Level 1:colcon.colcon_core.package_identification:_identify(/home/ajay/ros2_ws/src/ros-controls/gazebo_ros2_control/doc) by extension 'ignore_ament_install'
[0.300s] Level 1:colcon.colcon_core.package_identification:_identify(/home/ajay/ros2_ws/src/ros-controls/gazebo_ros2_control/doc) by extensions ['colcon_pkg']
[0.300s] Level 1:colcon.colcon_core.package_identification:_identify(/home/ajay/ros2_ws/src/ros-controls/gazebo_ros2_control/doc) by extension 'colcon_pkg'
[0.300s] Level 1:colcon.colcon_core.package_identification:_identify(/home/ajay/ros2_ws/src/ros-controls/gazebo_ros2_control/doc) by extensions ['colcon_meta']
[0.300s] Level 1:colcon.colcon_core.package_identification:_identify(/home/ajay/ros2_ws/src/ros-controls/gazebo_ros2_control/doc) by extension 'colcon_meta'
[0.300s] Level 1:colcon.colcon_core.package_identification:_identify(/home/ajay/ros2_ws/src/ros-controls/gazebo_ros2_control/doc) by extensions ['ros']
[0.300s] Level 1:colcon.colcon_core.package_identification:_identify(/home/ajay/ros2_ws/src/ros-controls/gazebo_ros2_control/doc) by extension 'ros'
[0.300s] Level 1:colcon.colcon_core.package_identification:_identify(/home/ajay/ros2_ws/src/ros-controls/gazebo_ros2_control/doc) by extensions ['cmake', 'python']
[0.300s] Level 1:colcon.colcon_core.package_identification:_identify(/home/ajay/ros2_ws/src/ros-controls/gazebo_ros2_control/doc) by extension 'cmake'
[0.300s] Level 1:colcon.colcon_core.package_identification:_identify(/home/ajay/ros2_ws/src/ros-controls/gazebo_ros2_control/doc) by extension 'python'
[0.300s] Level 1:colcon.colcon_core.package_identification:_identify(/home/ajay/ros2_ws/src/ros-controls/gazebo_ros2_control/doc) by extensions ['python_setup_py']
[0.300s] Level 1:colcon.colcon_core.package_identification:_identify(/home/ajay/ros2_ws/src/ros-controls/gazebo_ros2_control/doc) by extension 'python_setup_py'
[0.301s] Level 1:colcon.colcon_core.package_identification:_identify(/home/ajay/ros2_ws/src/ros-controls/gazebo_ros2_control/doc/img) by extensions ['ignore', 'ignore_ament_install']
[0.301s] Level 1:colcon.colcon_core.package_identification:_identify(/home/ajay/ros2_ws/src/ros-controls/gazebo_ros2_control/doc/img) by extension 'ignore'
[0.301s] Level 1:colcon.colcon_core.package_identification:_identify(/home/ajay/ros2_ws/src/ros-controls/gazebo_ros2_control/doc/img) by extension 'ignore_ament_install'
[0.301s] Level 1:colcon.colcon_core.package_identification:_identify(/home/ajay/ros2_ws/src/ros-controls/gazebo_ros2_control/doc/img) by extensions ['colcon_pkg']
[0.301s] Level 1:colcon.colcon_core.package_identification:_identify(/home/ajay/ros2_ws/src/ros-controls/gazebo_ros2_control/doc/img) by extension 'colcon_pkg'
[0.301s] Level 1:colcon.colcon_core.package_identification:_identify(/home/ajay/ros2_ws/src/ros-controls/gazebo_ros2_control/doc/img) by extensions ['colcon_meta']
[0.301s] Level 1:colcon.colcon_core.package_identification:_identify(/home/ajay/ros2_ws/src/ros-controls/gazebo_ros2_control/doc/img) by extension 'colcon_meta'
[0.301s] Level 1:colcon.colcon_core.package_identification:_identify(/home/ajay/ros2_ws/src/ros-controls/gazebo_ros2_control/doc/img) by extensions ['ros']
[0.301s] Level 1:colcon.colcon_core.package_identification:_identify(/home/ajay/ros2_ws/src/ros-controls/gazebo_ros2_control/doc/img) by extension 'ros'
[0.301s] Level 1:colcon.colcon_core.package_identification:_identify(/home/ajay/ros2_ws/src/ros-controls/gazebo_ros2_control/doc/img) by extensions ['cmake', 'python']
[0.301s] Level 1:colcon.colcon_core.package_identification:_identify(/home/ajay/ros2_ws/src/ros-controls/gazebo_ros2_control/doc/img) by extension 'cmake'
[0.301s] Level 1:colcon.colcon_core.package_identification:_identify(/home/ajay/ros2_ws/src/ros-controls/gazebo_ros2_control/doc/img) by extension 'python'
[0.301s] Level 1:colcon.colcon_core.package_identification:_identify(/home/ajay/ros2_ws/src/ros-controls/gazebo_ros2_control/doc/img) by extensions ['python_setup_py']
[0.301s] Level 1:colcon.colcon_core.package_identification:_identify(/home/ajay/ros2_ws/src/ros-controls/gazebo_ros2_control/doc/img) by extension 'python_setup_py'
[0.301s] Level 1:colcon.colcon_core.package_identification:_identify(/home/ajay/ros2_ws/src/ros-controls/gazebo_ros2_control/gazebo_ros2_control) by extensions ['ignore', 'ignore_ament_install']
[0.301s] Level 1:colcon.colcon_core.package_identification:_identify(/home/ajay/ros2_ws/src/ros-controls/gazebo_ros2_control/gazebo_ros2_control) by extension 'ignore'
[0.301s] Level 1:colcon.colcon_core.package_identification:_identify(/home/ajay/ros2_ws/src/ros-controls/gazebo_ros2_control/gazebo_ros2_control) by extension 'ignore_ament_install'
[0.301s] Level 1:colcon.colcon_core.package_identification:_identify(/home/ajay/ros2_ws/src/ros-controls/gazebo_ros2_control/gazebo_ros2_control) by extensions ['colcon_pkg']
[0.301s] Level 1:colcon.colcon_core.package_identification:_identify(/home/ajay/ros2_ws/src/ros-controls/gazebo_ros2_control/gazebo_ros2_control) by extension 'colcon_pkg'
[0.301s] Level 1:colcon.colcon_core.package_identification:_identify(/home/ajay/ros2_ws/src/ros-controls/gazebo_ros2_control/gazebo_ros2_control) by extensions ['colcon_meta']
[0.302s] Level 1:colcon.colcon_core.package_identification:_identify(/home/ajay/ros2_ws/src/ros-controls/gazebo_ros2_control/gazebo_ros2_control) by extension 'colcon_meta'
[0.302s] Level 1:colcon.colcon_core.package_identification:_identify(/home/ajay/ros2_ws/src/ros-controls/gazebo_ros2_control/gazebo_ros2_control) by extensions ['ros']
[0.302s] Level 1:colcon.colcon_core.package_identification:_identify(/home/ajay/ros2_ws/src/ros-controls/gazebo_ros2_control/gazebo_ros2_control) by extension 'ros'
[0.302s] DEBUG:colcon.colcon_core.package_identification:Package '/home/ajay/ros2_ws/src/ros-controls/gazebo_ros2_control/gazebo_ros2_control' with type 'ros.ament_cmake' and name 'gazebo_ros2_control'
[0.303s] Level 1:colcon.colcon_core.package_identification:_identify(/home/ajay/ros2_ws/src/ros-controls/gazebo_ros2_control/gazebo_ros2_control_demos) by extensions ['ignore', 'ignore_ament_install']
[0.303s] Level 1:colcon.colcon_core.package_identification:_identify(/home/ajay/ros2_ws/src/ros-controls/gazebo_ros2_control/gazebo_ros2_control_demos) by extension 'ignore'
[0.303s] Level 1:colcon.colcon_core.package_identification:_identify(/home/ajay/ros2_ws/src/ros-controls/gazebo_ros2_control/gazebo_ros2_control_demos) by extension 'ignore_ament_install'
[0.303s] Level 1:colcon.colcon_core.package_identification:_identify(/home/ajay/ros2_ws/src/ros-controls/gazebo_ros2_control/gazebo_ros2_control_demos) by extensions ['colcon_pkg']
[0.303s] Level 1:colcon.colcon_core.package_identification:_identify(/home/ajay/ros2_ws/src/ros-controls/gazebo_ros2_control/gazebo_ros2_control_demos) by extension 'colcon_pkg'
[0.303s] Level 1:colcon.colcon_core.package_identification:_identify(/home/ajay/ros2_ws/src/ros-controls/gazebo_ros2_control/gazebo_ros2_control_demos) by extensions ['colcon_meta']
[0.303s] Level 1:colcon.colcon_core.package_identification:_identify(/home/ajay/ros2_ws/src/ros-controls/gazebo_ros2_control/gazebo_ros2_control_demos) by extension 'colcon_meta'
[0.303s] Level 1:colcon.colcon_core.package_identification:_identify(/home/ajay/ros2_ws/src/ros-controls/gazebo_ros2_control/gazebo_ros2_control_demos) by extensions ['ros']
[0.303s] Level 1:colcon.colcon_core.package_identification:_identify(/home/ajay/ros2_ws/src/ros-controls/gazebo_ros2_control/gazebo_ros2_control_demos) by extension 'ros'
[0.304s] DEBUG:colcon.colcon_core.package_identification:Package '/home/ajay/ros2_ws/src/ros-controls/gazebo_ros2_control/gazebo_ros2_control_demos' with type 'ros.ament_cmake' and name 'gazebo_ros2_control_demos'
[0.304s] Level 1:colcon.colcon_core.package_discovery:discover_packages(recursive) using defaults
