running egg_info
creating ../../../build/lab_amoro/lab_amoro.egg-info
writing ../../../build/lab_amoro/lab_amoro.egg-info/PKG-INFO
writing dependency_links to ../../../build/lab_amoro/lab_amoro.egg-info/dependency_links.txt
writing entry points to ../../../build/lab_amoro/lab_amoro.egg-info/entry_points.txt
writing requirements to ../../../build/lab_amoro/lab_amoro.egg-info/requires.txt
writing top-level names to ../../../build/lab_amoro/lab_amoro.egg-info/top_level.txt
writing manifest file '../../../build/lab_amoro/lab_amoro.egg-info/SOURCES.txt'
reading manifest file '../../../build/lab_amoro/lab_amoro.egg-info/SOURCES.txt'
writing manifest file '../../../build/lab_amoro/lab_amoro.egg-info/SOURCES.txt'
running build
running build_py
creating /home/ajay/Documents/ECn/Master2/Amoro/lab/ros2/build/lab_amoro/build
creating /home/ajay/Documents/ECn/Master2/Amoro/lab/ros2/build/lab_amoro/build/lib
creating /home/ajay/Documents/ECn/Master2/Amoro/lab/ros2/build/lab_amoro/build/lib/lab_amoro
copying lab_amoro/__init__.py -> /home/ajay/Documents/ECn/Master2/Amoro/lab/ros2/build/lab_amoro/build/lib/lab_amoro
copying lab_amoro/plot_tools.py -> /home/ajay/Documents/ECn/Master2/Amoro/lab/ros2/build/lab_amoro/build/lib/lab_amoro
copying lab_amoro/parallel_robot.py -> /home/ajay/Documents/ECn/Master2/Amoro/lab/ros2/build/lab_amoro/build/lib/lab_amoro
running install
running install_lib
creating /home/ajay/Documents/ECn/Master2/Amoro/lab/ros2/install/lab_amoro/lib/python3.10/site-packages/lab_amoro
copying /home/ajay/Documents/ECn/Master2/Amoro/lab/ros2/build/lab_amoro/build/lib/lab_amoro/__init__.py -> /home/ajay/Documents/ECn/Master2/Amoro/lab/ros2/install/lab_amoro/lib/python3.10/site-packages/lab_amoro
copying /home/ajay/Documents/ECn/Master2/Amoro/lab/ros2/build/lab_amoro/build/lib/lab_amoro/plot_tools.py -> /home/ajay/Documents/ECn/Master2/Amoro/lab/ros2/install/lab_amoro/lib/python3.10/site-packages/lab_amoro
copying /home/ajay/Documents/ECn/Master2/Amoro/lab/ros2/build/lab_amoro/build/lib/lab_amoro/parallel_robot.py -> /home/ajay/Documents/ECn/Master2/Amoro/lab/ros2/install/lab_amoro/lib/python3.10/site-packages/lab_amoro
byte-compiling /home/ajay/Documents/ECn/Master2/Amoro/lab/ros2/install/lab_amoro/lib/python3.10/site-packages/lab_amoro/__init__.py to __init__.cpython-310.pyc
byte-compiling /home/ajay/Documents/ECn/Master2/Amoro/lab/ros2/install/lab_amoro/lib/python3.10/site-packages/lab_amoro/plot_tools.py to plot_tools.cpython-310.pyc
byte-compiling /home/ajay/Documents/ECn/Master2/Amoro/lab/ros2/install/lab_amoro/lib/python3.10/site-packages/lab_amoro/parallel_robot.py to parallel_robot.cpython-310.pyc
running install_data
creating /home/ajay/Documents/ECn/Master2/Amoro/lab/ros2/install/lab_amoro/share/ament_index
creating /home/ajay/Documents/ECn/Master2/Amoro/lab/ros2/install/lab_amoro/share/ament_index/resource_index
creating /home/ajay/Documents/ECn/Master2/Amoro/lab/ros2/install/lab_amoro/share/ament_index/resource_index/packages
copying resource/lab_amoro -> /home/ajay/Documents/ECn/Master2/Amoro/lab/ros2/install/lab_amoro/share/ament_index/resource_index/packages
copying package.xml -> /home/ajay/Documents/ECn/Master2/Amoro/lab/ros2/install/lab_amoro/share/lab_amoro
copying launch/gazebo.launch.py -> /home/ajay/Documents/ECn/Master2/Amoro/lab/ros2/install/lab_amoro/share/lab_amoro
creating /home/ajay/Documents/ECn/Master2/Amoro/lab/ros2/install/lab_amoro/share/lab_amoro/models
creating /home/ajay/Documents/ECn/Master2/Amoro/lab/ros2/install/lab_amoro/share/lab_amoro/models/five_bar
copying models/five_bar/model.config -> /home/ajay/Documents/ECn/Master2/Amoro/lab/ros2/install/lab_amoro/share/lab_amoro/models/five_bar
copying models/five_bar/five_bar.sdf -> /home/ajay/Documents/ECn/Master2/Amoro/lab/ros2/install/lab_amoro/share/lab_amoro/models/five_bar
creating /home/ajay/Documents/ECn/Master2/Amoro/lab/ros2/install/lab_amoro/share/lab_amoro/models/five_bar/meshes
copying models/five_bar/meshes/Upper_Arm_1.stl -> /home/ajay/Documents/ECn/Master2/Amoro/lab/ros2/install/lab_amoro/share/lab_amoro/models/five_bar/meshes
copying models/five_bar/meshes/Z_Axis_Assembly.stl -> /home/ajay/Documents/ECn/Master2/Amoro/lab/ros2/install/lab_amoro/share/lab_amoro/models/five_bar/meshes
copying models/five_bar/meshes/Upper_Arm_2.stl -> /home/ajay/Documents/ECn/Master2/Amoro/lab/ros2/install/lab_amoro/share/lab_amoro/models/five_bar/meshes
copying models/five_bar/meshes/BASE_Assembly.stl -> /home/ajay/Documents/ECn/Master2/Amoro/lab/ros2/install/lab_amoro/share/lab_amoro/models/five_bar/meshes
copying models/five_bar/meshes/Lower_Arm.stl -> /home/ajay/Documents/ECn/Master2/Amoro/lab/ros2/install/lab_amoro/share/lab_amoro/models/five_bar/meshes
creating /home/ajay/Documents/ECn/Master2/Amoro/lab/ros2/install/lab_amoro/share/lab_amoro/models/biglide
copying models/biglide/biglide.sdf -> /home/ajay/Documents/ECn/Master2/Amoro/lab/ros2/install/lab_amoro/share/lab_amoro/models/biglide
copying models/biglide/model.config -> /home/ajay/Documents/ECn/Master2/Amoro/lab/ros2/install/lab_amoro/share/lab_amoro/models/biglide
running install_egg_info
Copying ../../../build/lab_amoro/lab_amoro.egg-info to /home/ajay/Documents/ECn/Master2/Amoro/lab/ros2/install/lab_amoro/lib/python3.10/site-packages/lab_amoro-0.0.0-py3.10.egg-info
running install_scripts
writing list of installed files to '/home/ajay/Documents/ECn/Master2/Amoro/lab/ros2/build/lab_amoro/install.log'
